 
****************************************
Report : constraint
        -all_violators
Design : fifo1_sram
Version: P-2019.03-SP1-1
Date   : Mon Jun 15 23:32:11 2020
****************************************


   max_transition

                             Required        Actual
   Net                      Transition     Transition        Slack
   -----------------------------------------------------------------
   wfull                        0.50           0.90          -0.40  (VIOLATED)
       PORT :  wfull            0.50           0.90          -0.40  (VIOLATED)
   rdata[1]                     0.50           0.90          -0.40  (VIOLATED)
       PORT :  rdata[1]         0.50           0.90          -0.40  (VIOLATED)
   rdata[7]                     0.50           0.89          -0.39  (VIOLATED)
       PORT :  rdata[7]         0.50           0.89          -0.39  (VIOLATED)
   rdata[6]                     0.50           0.89          -0.39  (VIOLATED)
       PORT :  rdata[6]         0.50           0.89          -0.39  (VIOLATED)
   rdata[4]                     0.50           0.89          -0.39  (VIOLATED)
       PORT :  rdata[4]         0.50           0.89          -0.39  (VIOLATED)
   rdata[5]                     0.50           0.89          -0.39  (VIOLATED)
       PORT :  rdata[5]         0.50           0.89          -0.39  (VIOLATED)
   rdata[2]                     0.50           0.89          -0.39  (VIOLATED)
       PORT :  rdata[2]         0.50           0.89          -0.39  (VIOLATED)
   rdata[0]                     0.50           0.89          -0.39  (VIOLATED)
       PORT :  rdata[0]         0.50           0.89          -0.39  (VIOLATED)
   rdata[3]                     0.50           0.89          -0.39  (VIOLATED)
       PORT :  rdata[3]         0.50           0.89          -0.39  (VIOLATED)
   rempty                       0.50           0.89          -0.39  (VIOLATED)
       PORT :  rempty           0.50           0.89          -0.39  (VIOLATED)

   -----------------------------------------------------------------
   Total                      10                 -3.94  

   max_capacitance

                             Required        Actual
   Net                      Capacitance    Capacitance       Slack
   -----------------------------------------------------------------
   io_l_rdata_1__net           32.00          32.42          -0.42  (VIOLATED)
   rptr_empty/n39               8.00           8.10          -0.10  (VIOLATED)

   -----------------------------------------------------------------
   Total                      2                  -0.53  

   max_leakage_power

                             Required        Actual
   Design                   Leakage Power  Leakage Power     Slack
   -----------------------------------------------------------------
   fifo1_sram                   0.00       1212321920.00  -1212321920.00
                                                                    (VIOLATED)


1
