 
****************************************
Report : timing
        -path full
        -delay max
        -derate
        -input_pins
        -nets
        -slack_lesser_than 0.0000
        -max_paths 10000
        -transition_time
        -crosstalk_delta
        -capacitance
Design : ORCA_TOP
Version: P-2019.03-SP1-1
Date   : Tue Jun 16 01:18:40 2020
****************************************

Information: Some cells in the design are using inferred operating conditions.

 # A fanout number of 1000 was used for high fanout net computations.
Wire Load Model Mode: enclosed
No paths.

1
