 Info: Initializing timer in CLOCK_SYN_REPORT_MODE
****************************************
Report : clock qor
        -type summary
Design : ORCA_TOP
Version: P-2019.03-SP1-VAL
Date   : Wed May 13 13:32:17 2020
****************************************

Attributes
===========
M Master Clock
G Generated Clock
& Internal Generated Clock
U User Defined Skew Group
D Default Skew Group
* Generated Clock Balanced Separately

===========================================
==== Summary Reporting for Corner Cmax ====
===========================================

================================================== Summary Table for Corner Cmax ===================================================
Clock /                               Attrs     Sinks Levels    Clock     Clock     Clock       Max    Global  Trans DRC  Cap DRC
Skew Group                                                   Repeater  Repeater   Stdcell   Latency      Skew     Count     Count
                                                                Count      Area      Area
------------------------------------------------------------------------------------------------------------------------------------
### Mode: func, Scenario: func_worst
SDRAM_CLK                               M,D      2860     14       92    447.55    479.32      1.32      0.13         3         0
 SD_DDR_CLK                               G         0      0        0      0.00      0.00        --        --         0         0
 SD_DDR_CLKn                              G         0      0        0      0.00      0.00        --        --         0         0
SYS_2x_CLK                              M,D      1928     17      116    480.08    620.87      1.44      0.07         0         0
 SYS_CLK                                  G      1724     11       75    343.35    373.08      1.13      0.07         0         0
PCI_CLK                                 M,D       394     11       29    110.30    125.04      1.06      0.02         0         0
### Mode: test, Scenario: test_worst
ate_clk                                 M,D      5162     13      218    992.69   1171.35      1.29      0.15         0         0
SDRAM_CLK                               M,D      2860     14       92    447.55    479.32      1.32      0.13         0         0
 SD_DDR_CLK                               G         0      0        0      0.00      0.00        --        --         0         0
 SD_DDR_CLKn                              G         0      0        0      0.00      0.00        --        --         0         0
SYS_2x_CLK                              M,D      1928     17      116    480.08    620.87      1.44      0.07         0         0
 SYS_CLK                                  G      1724     11       75    343.35    373.08      1.13      0.07         0         0
PCI_CLK                                 M,D       394     11       29    110.30    125.04      1.06      0.02         0         0
------------------------------------------------------------------------------------------------------------------------------------
All Clocks                                       5194     17      267   1111.63   1324.34      1.44      0.15         3         0


===========================================
==== Summary Reporting for Corner Cmin ====
===========================================

================================================== Summary Table for Corner Cmin ===================================================
Clock /                               Attrs     Sinks Levels    Clock     Clock     Clock       Max    Global  Trans DRC  Cap DRC
Skew Group                                                   Repeater  Repeater   Stdcell   Latency      Skew     Count     Count
                                                                Count      Area      Area
------------------------------------------------------------------------------------------------------------------------------------
### Mode: func, Scenario: func_best
SDRAM_CLK                               M,D      2860     14       92    447.55    479.32      0.26      0.04         0         0
 SD_DDR_CLK                               G         0      0        0      0.00      0.00        --        --         0         0
 SD_DDR_CLKn                              G         0      0        0      0.00      0.00        --        --         0         0
SYS_2x_CLK                              M,D      1928     17      116    480.08    620.87      0.35      0.07         0         0
 SYS_CLK                                  G      1724     11       75    343.35    373.08      0.25      0.03         0         0
PCI_CLK                                 M,D       394     11       29    110.30    125.04      0.23      0.01         0         0
### Mode: test, Scenario: test_best
ate_clk                                 M,D      5162     13      218    992.69   1171.35      0.29      0.07         0         0
SDRAM_CLK                               M,D      2860     14       92    447.55    479.32      0.26      0.04         0         0
 SD_DDR_CLK                               G         0      0        0      0.00      0.00        --        --         0         0
 SD_DDR_CLKn                              G         0      0        0      0.00      0.00        --        --         0         0
SYS_2x_CLK                              M,D      1928     17      116    480.08    620.87      0.35      0.07         0         0
 SYS_CLK                                  G      1724     11       75    343.35    373.08      0.25      0.03         0         0
PCI_CLK                                 M,D       394     11       29    110.30    125.04      0.23      0.01         0         0
------------------------------------------------------------------------------------------------------------------------------------
All Clocks                                       5194     17      267   1111.63   1324.34      0.35      0.07         0         0


1
