****************************************
Report : constraint
        -all_violators
Design : fifo1_sram
Version: P-2019.03-SP1-VAL
Date   : Mon Jun 15 23:35:27 2020
****************************************

   late_timing
   -----------

Information: Timer using 'SI, Timing Window Analysis, CRPR'. (TIM-050)
Endpoint                         Path Delay     Path Required       CRP    Slack Group    Scenario
----------------------------------------------------------------------------------------------------------
No paths.

   early_timing
   -----------

Information: Timer using 'SI, Timing Window Analysis, CRPR'. (TIM-050)
Endpoint                         Path Delay     Path Required       CRP    Slack Group    Scenario
----------------------------------------------------------------------------------------------------------
No paths.

   Mode: func Corner: slow
   Scenario: func_slow
  ---------------------------------------------------------------------------
   Number of max_transition violation(s): 0

   Mode: func Corner: slow
   Scenario: func_slow
   max_capacitance                                                             
                             Required        Actual                            
   Net                      Capacitance    Capacitance       Slack  Violation  
  ---------------------------------------------------------------------------
   fifomem/n59                 25.00          49.16         -24.16  (VIOLATED) 
     PIN : fifomem/genblk1_6__U/O2[3]    25.00    49.16     -24.16  (VIOLATED) 

   fifomem/n35                 25.00          41.04         -16.04  (VIOLATED) 
     PIN : fifomem/genblk1_6__U/O2[0]    25.00    41.04     -16.04  (VIOLATED) 

   fifomem/n43                 25.00          39.86         -14.86  (VIOLATED) 
     PIN : fifomem/genblk1_6__U/O2[1]    25.00    39.86     -14.86  (VIOLATED) 

   fifomem/n67                 25.00          38.17         -13.17  (VIOLATED) 
     PIN : fifomem/genblk1_6__U/O2[4]    25.00    38.17     -13.17  (VIOLATED) 

   fifomem/n63                 25.00          37.45         -12.45  (VIOLATED) 
     PIN : fifomem/genblk1_2__U/O2[4]    25.00    37.45     -12.45  (VIOLATED) 

   fifomem/n55                 25.00          37.42         -12.42  (VIOLATED) 
     PIN : fifomem/genblk1_2__U/O2[3]    25.00    37.42     -12.42  (VIOLATED) 

   fifomem/n75                 25.00          36.99         -11.99  (VIOLATED) 
     PIN : fifomem/genblk1_6__U/O2[5]    25.00    36.99     -11.99  (VIOLATED) 

   fifomem/n56                 25.00          35.70         -10.70  (VIOLATED) 
     PIN : fifomem/genblk1_3__U/O2[3]    25.00    35.70     -10.70  (VIOLATED) 

   fifomem/n64                 25.00          35.69         -10.69  (VIOLATED) 
     PIN : fifomem/genblk1_3__U/O2[4]    25.00    35.69     -10.69  (VIOLATED) 

   fifomem/n87                 25.00          35.49         -10.49  (VIOLATED) 
     PIN : fifomem/genblk1_2__U/O2[7]    25.00    35.49     -10.49  (VIOLATED) 

   fifomem/n71                 25.00          35.33         -10.33  (VIOLATED) 
     PIN : fifomem/genblk1_2__U/O2[5]    25.00    35.33     -10.33  (VIOLATED) 

   fifomem/n79                 25.00          34.71          -9.71  (VIOLATED) 
     PIN : fifomem/genblk1_2__U/O2[6]    25.00    34.71      -9.71  (VIOLATED) 

   fifomem/n88                 25.00          34.37          -9.37  (VIOLATED) 
     PIN : fifomem/genblk1_3__U/O2[7]    25.00    34.37      -9.37  (VIOLATED) 

   fifomem/n72                 25.00          34.19          -9.19  (VIOLATED) 
     PIN : fifomem/genblk1_3__U/O2[5]    25.00    34.19      -9.19  (VIOLATED) 

   fifomem/n80                 25.00          33.56          -8.56  (VIOLATED) 
     PIN : fifomem/genblk1_3__U/O2[6]    25.00    33.56      -8.56  (VIOLATED) 

   fifomem/n83                 25.00          32.14          -7.14  (VIOLATED) 
     PIN : fifomem/genblk1_6__U/O2[6]    25.00    32.14      -7.14  (VIOLATED) 

   fifomem/n91                 25.00          30.17          -5.17  (VIOLATED) 
     PIN : fifomem/genblk1_6__U/O2[7]    25.00    30.17      -5.17  (VIOLATED) 

   fifomem/n52                 25.00          28.62          -3.62  (VIOLATED) 
     PIN : fifomem/genblk1_7__U/O2[2]    25.00    28.62      -3.62  (VIOLATED) 

   fifomem/n68                 25.00          28.19          -3.19  (VIOLATED) 
     PIN : fifomem/genblk1_7__U/O2[4]    25.00    28.19      -3.19  (VIOLATED) 

   fifomem/n84                 25.00          28.17          -3.17  (VIOLATED) 
     PIN : fifomem/genblk1_7__U/O2[6]    25.00    28.17      -3.17  (VIOLATED) 

   fifomem/n44                 25.00          28.14          -3.14  (VIOLATED) 
     PIN : fifomem/genblk1_7__U/O2[1]    25.00    28.14      -3.14  (VIOLATED) 

   fifomem/n92                 25.00          28.11          -3.11  (VIOLATED) 
     PIN : fifomem/genblk1_7__U/O2[7]    25.00    28.11      -3.11  (VIOLATED) 

   fifomem/n36                 25.00          27.90          -2.90  (VIOLATED) 
     PIN : fifomem/genblk1_7__U/O2[0]    25.00    27.90      -2.90  (VIOLATED) 

   fifomem/n31                 25.00          26.39          -1.39  (VIOLATED) 
     PIN : fifomem/genblk1_2__U/O2[0]    25.00    26.39      -1.39  (VIOLATED) 

  ---------------------------------------------------------------------------
   Number of max_capacitance violation(s): 24


   Mode: func Corner: slow
   Scenario: func_slow
  ---------------------------------------------------------------------------
   Number of min_capacitance violation(s): 0

   Total number of violation(s): 24
1
