****************************************
Report : qor
Design : fifo1_sram
Version: P-2019.03-SP1-VAL
Date   : Mon Jun 15 23:36:49 2020
****************************************
Information: Timer using 'SI, Timing Window Analysis, CRPR'. (TIM-050)


Scenario           'func_slow'
Timing Path Group  'wclk'
----------------------------------------
Levels of Logic:                      8
Critical Path Length:              5.46
Critical Path Slack:               0.09
Critical Path Clk Period:          6.00
Total Negative Slack:              0.00
No. of Violating Paths:               0
Worst Hold Violation:              0.00
Total Hold Violation:              0.00
No. of Hold Violations:               0
----------------------------------------

Scenario           'func_slow'
Timing Path Group  'rclk'
----------------------------------------
Levels of Logic:                      2
Critical Path Length:              2.72
Critical Path Slack:               0.05
Critical Path Clk Period:          3.00
Total Negative Slack:              0.00
No. of Violating Paths:               0
Worst Hold Violation:              0.00
Total Hold Violation:              0.00
No. of Hold Violations:               0
----------------------------------------


Cell Count
----------------------------------------
Hierarchical Cell Count:              5
Hierarchical Port Count:            207
Leaf Cell Count:                    387
Buf/Inv Cell Count:                 112
Buf Cell Count:                      72
Inv Cell Count:                      40
CT Buf/Inv Cell Count:                0
Combinational Cell Count:           283
Sequential Cell Count:              104
Macro Count:                          8
----------------------------------------


Area
----------------------------------------
Combinational Area:           300885.18
Noncombinational Area:           840.20
Buf/Inv Area:                    467.88
Total Buffer Area:               413.49
Total Inverter Area:              54.39
Macro/Black Box Area:          69436.17
Net Area:                             0
Net XLength:                       0.00
Net YLength:                       0.00
----------------------------------------
Cell Area (netlist):                         371161.56
Cell Area (netlist and physical only):       633527.88
Net Length:                        0.00


Design Rules
----------------------------------------
Total Number of Nets:               524
Nets with Violations:                 0
Max Trans Violations:                 0
Max Cap Violations:                   0
----------------------------------------

1
