  ----------------------------------------------------------------------------------------------------
  Rule         Type   Count      Message
  ----------------------------------------------------------------------------------------------------
  TCK-001      Warn   178        The reported endpoint '%endpoint' is unconstrained. Reason: '%re...
  TCK-002      Warn   8          The register clock pin '%pin' has no fanin clocks. Mode:'%mode'.
  TCK-012      Warn   13         The input port '%port' has no clock_relative delay specified. Mo...
  ----------------------------------------------------------------------------------------------------
Total messages: 199, Errors: 0, Warnings: 199, Info: 0


Messages
--------
Warning: The register clock pin 'wdata_reg_7_/CLK' has no fanin clocks. Mode:'func'. (TCK-002)
Warning: The register clock pin 'wdata_reg_1_/CLK' has no fanin clocks. Mode:'func'. (TCK-002)
Warning: The register clock pin 'wdata_reg_0_/CLK' has no fanin clocks. Mode:'func'. (TCK-002)
Warning: The register clock pin 'wdata_reg_6_/CLK' has no fanin clocks. Mode:'func'. (TCK-002)
Warning: The register clock pin 'wdata_reg_2_/CLK' has no fanin clocks. Mode:'func'. (TCK-002)
Warning: The register clock pin 'wdata_reg_3_/CLK' has no fanin clocks. Mode:'func'. (TCK-002)
Warning: The register clock pin 'wdata_reg_4_/CLK' has no fanin clocks. Mode:'func'. (TCK-002)
Warning: The register clock pin 'wdata_reg_5_/CLK' has no fanin clocks. Mode:'func'. (TCK-002)
Warning: The reported endpoint 'rdata[7]' is unconstrained. Reason: 'no check'. Mode:'func'. (TCK-001)
Warning: The reported endpoint 'rdata[6]' is unconstrained. Reason: 'no check'. Mode:'func'. (TCK-001)
Warning: The reported endpoint 'rdata[5]' is unconstrained. Reason: 'no check'. Mode:'func'. (TCK-001)
Warning: The reported endpoint 'rdata[4]' is unconstrained. Reason: 'no check'. Mode:'func'. (TCK-001)
Warning: The reported endpoint 'rdata[3]' is unconstrained. Reason: 'no check'. Mode:'func'. (TCK-001)
Warning: The reported endpoint 'rdata[2]' is unconstrained. Reason: 'no check'. Mode:'func'. (TCK-001)
Warning: The reported endpoint 'rdata[1]' is unconstrained. Reason: 'no check'. Mode:'func'. (TCK-001)
Warning: The reported endpoint 'rdata[0]' is unconstrained. Reason: 'no check'. Mode:'func'. (TCK-001)
Warning: The reported endpoint 'wfull' is unconstrained. Reason: 'no check'. Mode:'func'. (TCK-001)
Warning: The reported endpoint 'rempty' is unconstrained. Reason: 'no check'. Mode:'func'. (TCK-001)
Warning: The reported endpoint 'sync_r2w/wq1_rptr_reg_10_/RSTB' is unconstrained. Reason: 'no arrival path'. Mode:'func'. (TCK-001)
Warning: The reported endpoint 'sync_r2w/wq1_rptr_reg_8_/RSTB' is unconstrained. Reason: 'no arrival path'. Mode:'func'. (TCK-001)
Warning: The reported endpoint 'sync_r2w/wq1_rptr_reg_6_/RSTB' is unconstrained. Reason: 'no arrival path'. Mode:'func'. (TCK-001)
Warning: The reported endpoint 'sync_r2w/wq1_rptr_reg_5_/RSTB' is unconstrained. Reason: 'no arrival path'. Mode:'func'. (TCK-001)
Warning: The reported endpoint 'sync_r2w/wq1_rptr_reg_4_/RSTB' is unconstrained. Reason: 'no arrival path'. Mode:'func'. (TCK-001)
Warning: The reported endpoint 'sync_r2w/wq1_rptr_reg_3_/RSTB' is unconstrained. Reason: 'no arrival path'. Mode:'func'. (TCK-001)
Warning: The reported endpoint 'sync_r2w/wq1_rptr_reg_1_/RSTB' is unconstrained. Reason: 'no arrival path'. Mode:'func'. (TCK-001)
Warning: The reported endpoint 'sync_r2w/wq1_rptr_reg_0_/RSTB' is unconstrained. Reason: 'no arrival path'. Mode:'func'. (TCK-001)
Warning: The reported endpoint 'sync_r2w/wq2_rptr_reg_7_/RSTB' is unconstrained. Reason: 'no arrival path'. Mode:'func'. (TCK-001)
Warning: The reported endpoint 'sync_r2w/wq2_rptr_reg_8_/RSTB' is unconstrained. Reason: 'no arrival path'. Mode:'func'. (TCK-001)
Warning: The reported endpoint 'sync_r2w/wq2_rptr_reg_4_/RSTB' is unconstrained. Reason: 'no arrival path'. Mode:'func'. (TCK-001)
Warning: The reported endpoint 'sync_r2w/wq2_rptr_reg_6_/RSTB' is unconstrained. Reason: 'no arrival path'. Mode:'func'. (TCK-001)
Warning: The reported endpoint 'sync_r2w/wq2_rptr_reg_0_/RSTB' is unconstrained. Reason: 'no arrival path'. Mode:'func'. (TCK-001)
Warning: The reported endpoint 'sync_r2w/wq1_rptr_reg_7_/RSTB' is unconstrained. Reason: 'no arrival path'. Mode:'func'. (TCK-001)
Warning: The reported endpoint 'sync_r2w/wq1_rptr_reg_9_/RSTB' is unconstrained. Reason: 'no arrival path'. Mode:'func'. (TCK-001)
Warning: The reported endpoint 'sync_r2w/wq1_rptr_reg_2_/RSTB' is unconstrained. Reason: 'no arrival path'. Mode:'func'. (TCK-001)
Warning: The reported endpoint 'sync_r2w/wq2_rptr_reg_9_/RSTB' is unconstrained. Reason: 'no arrival path'. Mode:'func'. (TCK-001)
Warning: The reported endpoint 'sync_r2w/wq2_rptr_reg_1_/RSTB' is unconstrained. Reason: 'no arrival path'. Mode:'func'. (TCK-001)
Warning: The reported endpoint 'sync_r2w/wq2_rptr_reg_3_/RSTB' is unconstrained. Reason: 'no arrival path'. Mode:'func'. (TCK-001)
Warning: The reported endpoint 'sync_r2w/wq2_rptr_reg_10_/RSTB' is unconstrained. Reason: 'no arrival path'. Mode:'func'. (TCK-001)
Warning: The reported endpoint 'sync_r2w/wq2_rptr_reg_2_/RSTB' is unconstrained. Reason: 'no arrival path'. Mode:'func'. (TCK-001)
Warning: The reported endpoint 'sync_r2w/wq2_rptr_reg_5_/RSTB' is unconstrained. Reason: 'no arrival path'. Mode:'func'. (TCK-001)
Warning: The reported endpoint 'sync_w2r/rq1_wptr_reg_10_/RSTB' is unconstrained. Reason: 'no arrival path'. Mode:'func'. (TCK-001)
Warning: The reported endpoint 'sync_w2r/rq1_wptr_reg_4_/RSTB' is unconstrained. Reason: 'no arrival path'. Mode:'func'. (TCK-001)
Warning: The reported endpoint 'sync_w2r/rq1_wptr_reg_3_/RSTB' is unconstrained. Reason: 'no arrival path'. Mode:'func'. (TCK-001)
Warning: The reported endpoint 'sync_w2r/rq1_wptr_reg_1_/RSTB' is unconstrained. Reason: 'no arrival path'. Mode:'func'. (TCK-001)
Warning: The reported endpoint 'sync_w2r/rq2_wptr_reg_0_/RSTB' is unconstrained. Reason: 'no arrival path'. Mode:'func'. (TCK-001)
Warning: The reported endpoint 'sync_w2r/rq2_wptr_reg_5_/RSTB' is unconstrained. Reason: 'no arrival path'. Mode:'func'. (TCK-001)
Warning: The reported endpoint 'sync_w2r/rq1_wptr_reg_7_/RSTB' is unconstrained. Reason: 'no arrival path'. Mode:'func'. (TCK-001)
Warning: The reported endpoint 'sync_w2r/rq2_wptr_reg_8_/RSTB' is unconstrained. Reason: 'no arrival path'. Mode:'func'. (TCK-001)
Warning: The reported endpoint 'sync_w2r/rq1_wptr_reg_8_/RSTB' is unconstrained. Reason: 'no arrival path'. Mode:'func'. (TCK-001)
Warning: The reported endpoint 'sync_w2r/rq2_wptr_reg_7_/RSTB' is unconstrained. Reason: 'no arrival path'. Mode:'func'. (TCK-001)
Warning: The reported endpoint 'sync_w2r/rq2_wptr_reg_10_/RSTB' is unconstrained. Reason: 'no arrival path'. Mode:'func'. (TCK-001)
Warning: The reported endpoint 'sync_w2r/rq1_wptr_reg_0_/RSTB' is unconstrained. Reason: 'no arrival path'. Mode:'func'. (TCK-001)
Warning: The reported endpoint 'sync_w2r/rq2_wptr_reg_6_/RSTB' is unconstrained. Reason: 'no arrival path'. Mode:'func'. (TCK-001)
Warning: The reported endpoint 'sync_w2r/rq1_wptr_reg_2_/RSTB' is unconstrained. Reason: 'no arrival path'. Mode:'func'. (TCK-001)
Warning: The reported endpoint 'sync_w2r/rq2_wptr_reg_2_/RSTB' is unconstrained. Reason: 'no arrival path'. Mode:'func'. (TCK-001)
Warning: The reported endpoint 'sync_w2r/rq2_wptr_reg_9_/RSTB' is unconstrained. Reason: 'no arrival path'. Mode:'func'. (TCK-001)
Warning: The reported endpoint 'sync_w2r/rq1_wptr_reg_5_/RSTB' is unconstrained. Reason: 'no arrival path'. Mode:'func'. (TCK-001)
Warning: The reported endpoint 'sync_w2r/rq2_wptr_reg_4_/RSTB' is unconstrained. Reason: 'no arrival path'. Mode:'func'. (TCK-001)
Warning: The reported endpoint 'sync_w2r/rq2_wptr_reg_3_/RSTB' is unconstrained. Reason: 'no arrival path'. Mode:'func'. (TCK-001)
Warning: The reported endpoint 'sync_w2r/rq2_wptr_reg_1_/RSTB' is unconstrained. Reason: 'no arrival path'. Mode:'func'. (TCK-001)
Warning: The reported endpoint 'sync_w2r/rq1_wptr_reg_9_/RSTB' is unconstrained. Reason: 'no arrival path'. Mode:'func'. (TCK-001)
Warning: The reported endpoint 'sync_w2r/rq1_wptr_reg_6_/RSTB' is unconstrained. Reason: 'no arrival path'. Mode:'func'. (TCK-001)
Warning: The reported endpoint 'fifomem/genblk1_0__U/I1[7]' is unconstrained. Reason: 'no arrival path'. Mode:'func'. (TCK-001)
Warning: The reported endpoint 'fifomem/genblk1_0__U/I1[6]' is unconstrained. Reason: 'no arrival path'. Mode:'func'. (TCK-001)
Warning: The reported endpoint 'fifomem/genblk1_0__U/I1[5]' is unconstrained. Reason: 'no arrival path'. Mode:'func'. (TCK-001)
Warning: The reported endpoint 'fifomem/genblk1_0__U/I1[4]' is unconstrained. Reason: 'no arrival path'. Mode:'func'. (TCK-001)
Warning: The reported endpoint 'fifomem/genblk1_0__U/I1[3]' is unconstrained. Reason: 'no arrival path'. Mode:'func'. (TCK-001)
Warning: The reported endpoint 'fifomem/genblk1_0__U/I1[2]' is unconstrained. Reason: 'no arrival path'. Mode:'func'. (TCK-001)
Warning: The reported endpoint 'fifomem/genblk1_0__U/I1[1]' is unconstrained. Reason: 'no arrival path'. Mode:'func'. (TCK-001)
Warning: The reported endpoint 'fifomem/genblk1_0__U/I1[0]' is unconstrained. Reason: 'no arrival path'. Mode:'func'. (TCK-001)
Warning: The reported endpoint 'fifomem/genblk1_1__U/I1[7]' is unconstrained. Reason: 'no arrival path'. Mode:'func'. (TCK-001)
Warning: The reported endpoint 'fifomem/genblk1_1__U/I1[6]' is unconstrained. Reason: 'no arrival path'. Mode:'func'. (TCK-001)
Warning: The reported endpoint 'fifomem/genblk1_1__U/I1[5]' is unconstrained. Reason: 'no arrival path'. Mode:'func'. (TCK-001)
Warning: The reported endpoint 'fifomem/genblk1_1__U/I1[4]' is unconstrained. Reason: 'no arrival path'. Mode:'func'. (TCK-001)
Warning: The reported endpoint 'fifomem/genblk1_1__U/I1[3]' is unconstrained. Reason: 'no arrival path'. Mode:'func'. (TCK-001)
Warning: The reported endpoint 'fifomem/genblk1_1__U/I1[2]' is unconstrained. Reason: 'no arrival path'. Mode:'func'. (TCK-001)
Warning: The reported endpoint 'fifomem/genblk1_1__U/I1[1]' is unconstrained. Reason: 'no arrival path'. Mode:'func'. (TCK-001)
Warning: The reported endpoint 'fifomem/genblk1_1__U/I1[0]' is unconstrained. Reason: 'no arrival path'. Mode:'func'. (TCK-001)
Warning: The reported endpoint 'fifomem/genblk1_2__U/I1[7]' is unconstrained. Reason: 'no arrival path'. Mode:'func'. (TCK-001)
Warning: The reported endpoint 'fifomem/genblk1_2__U/I1[6]' is unconstrained. Reason: 'no arrival path'. Mode:'func'. (TCK-001)
Warning: The reported endpoint 'fifomem/genblk1_2__U/I1[5]' is unconstrained. Reason: 'no arrival path'. Mode:'func'. (TCK-001)
Warning: The reported endpoint 'fifomem/genblk1_2__U/I1[4]' is unconstrained. Reason: 'no arrival path'. Mode:'func'. (TCK-001)
Warning: The reported endpoint 'fifomem/genblk1_2__U/I1[3]' is unconstrained. Reason: 'no arrival path'. Mode:'func'. (TCK-001)
Warning: The reported endpoint 'fifomem/genblk1_2__U/I1[2]' is unconstrained. Reason: 'no arrival path'. Mode:'func'. (TCK-001)
Warning: The reported endpoint 'fifomem/genblk1_2__U/I1[1]' is unconstrained. Reason: 'no arrival path'. Mode:'func'. (TCK-001)
Warning: The reported endpoint 'fifomem/genblk1_2__U/I1[0]' is unconstrained. Reason: 'no arrival path'. Mode:'func'. (TCK-001)
Warning: The reported endpoint 'fifomem/genblk1_3__U/I1[7]' is unconstrained. Reason: 'no arrival path'. Mode:'func'. (TCK-001)
Warning: The reported endpoint 'fifomem/genblk1_3__U/I1[6]' is unconstrained. Reason: 'no arrival path'. Mode:'func'. (TCK-001)
Warning: The reported endpoint 'fifomem/genblk1_3__U/I1[5]' is unconstrained. Reason: 'no arrival path'. Mode:'func'. (TCK-001)
Warning: The reported endpoint 'fifomem/genblk1_3__U/I1[4]' is unconstrained. Reason: 'no arrival path'. Mode:'func'. (TCK-001)
Warning: The reported endpoint 'fifomem/genblk1_3__U/I1[3]' is unconstrained. Reason: 'no arrival path'. Mode:'func'. (TCK-001)
Warning: The reported endpoint 'fifomem/genblk1_3__U/I1[2]' is unconstrained. Reason: 'no arrival path'. Mode:'func'. (TCK-001)
Warning: The reported endpoint 'fifomem/genblk1_3__U/I1[1]' is unconstrained. Reason: 'no arrival path'. Mode:'func'. (TCK-001)
Warning: The reported endpoint 'fifomem/genblk1_3__U/I1[0]' is unconstrained. Reason: 'no arrival path'. Mode:'func'. (TCK-001)
Warning: The reported endpoint 'fifomem/genblk1_4__U/I1[7]' is unconstrained. Reason: 'no arrival path'. Mode:'func'. (TCK-001)
Warning: The reported endpoint 'fifomem/genblk1_4__U/I1[6]' is unconstrained. Reason: 'no arrival path'. Mode:'func'. (TCK-001)
Warning: The reported endpoint 'fifomem/genblk1_4__U/I1[5]' is unconstrained. Reason: 'no arrival path'. Mode:'func'. (TCK-001)
Warning: The reported endpoint 'fifomem/genblk1_4__U/I1[4]' is unconstrained. Reason: 'no arrival path'. Mode:'func'. (TCK-001)
Warning: The reported endpoint 'fifomem/genblk1_4__U/I1[3]' is unconstrained. Reason: 'no arrival path'. Mode:'func'. (TCK-001)
Warning: The reported endpoint 'fifomem/genblk1_4__U/I1[2]' is unconstrained. Reason: 'no arrival path'. Mode:'func'. (TCK-001)
Warning: The reported endpoint 'fifomem/genblk1_4__U/I1[1]' is unconstrained. Reason: 'no arrival path'. Mode:'func'. (TCK-001)
Warning: The reported endpoint 'fifomem/genblk1_4__U/I1[0]' is unconstrained. Reason: 'no arrival path'. Mode:'func'. (TCK-001)
Warning: The reported endpoint 'fifomem/genblk1_5__U/I1[7]' is unconstrained. Reason: 'no arrival path'. Mode:'func'. (TCK-001)
Warning: The reported endpoint 'fifomem/genblk1_5__U/I1[6]' is unconstrained. Reason: 'no arrival path'. Mode:'func'. (TCK-001)
Warning: The reported endpoint 'fifomem/genblk1_5__U/I1[5]' is unconstrained. Reason: 'no arrival path'. Mode:'func'. (TCK-001)
Warning: The reported endpoint 'fifomem/genblk1_5__U/I1[4]' is unconstrained. Reason: 'no arrival path'. Mode:'func'. (TCK-001)
Warning: The reported endpoint 'fifomem/genblk1_5__U/I1[3]' is unconstrained. Reason: 'no arrival path'. Mode:'func'. (TCK-001)
Warning: The reported endpoint 'fifomem/genblk1_5__U/I1[2]' is unconstrained. Reason: 'no arrival path'. Mode:'func'. (TCK-001)
Warning: The reported endpoint 'fifomem/genblk1_5__U/I1[1]' is unconstrained. Reason: 'no arrival path'. Mode:'func'. (TCK-001)
Warning: The reported endpoint 'fifomem/genblk1_5__U/I1[0]' is unconstrained. Reason: 'no arrival path'. Mode:'func'. (TCK-001)
Warning: The reported endpoint 'fifomem/genblk1_6__U/I1[7]' is unconstrained. Reason: 'no arrival path'. Mode:'func'. (TCK-001)
Warning: The reported endpoint 'fifomem/genblk1_6__U/I1[6]' is unconstrained. Reason: 'no arrival path'. Mode:'func'. (TCK-001)
Warning: The reported endpoint 'fifomem/genblk1_6__U/I1[5]' is unconstrained. Reason: 'no arrival path'. Mode:'func'. (TCK-001)
Warning: The reported endpoint 'fifomem/genblk1_6__U/I1[4]' is unconstrained. Reason: 'no arrival path'. Mode:'func'. (TCK-001)
Warning: The reported endpoint 'fifomem/genblk1_6__U/I1[3]' is unconstrained. Reason: 'no arrival path'. Mode:'func'. (TCK-001)
Warning: The reported endpoint 'fifomem/genblk1_6__U/I1[2]' is unconstrained. Reason: 'no arrival path'. Mode:'func'. (TCK-001)
Warning: The reported endpoint 'fifomem/genblk1_6__U/I1[1]' is unconstrained. Reason: 'no arrival path'. Mode:'func'. (TCK-001)
Warning: The reported endpoint 'fifomem/genblk1_6__U/I1[0]' is unconstrained. Reason: 'no arrival path'. Mode:'func'. (TCK-001)
Warning: The reported endpoint 'fifomem/genblk1_7__U/I1[7]' is unconstrained. Reason: 'no arrival path'. Mode:'func'. (TCK-001)
Warning: The reported endpoint 'fifomem/genblk1_7__U/I1[6]' is unconstrained. Reason: 'no arrival path'. Mode:'func'. (TCK-001)
Warning: The reported endpoint 'fifomem/genblk1_7__U/I1[5]' is unconstrained. Reason: 'no arrival path'. Mode:'func'. (TCK-001)
Warning: The reported endpoint 'fifomem/genblk1_7__U/I1[4]' is unconstrained. Reason: 'no arrival path'. Mode:'func'. (TCK-001)
Warning: The reported endpoint 'fifomem/genblk1_7__U/I1[3]' is unconstrained. Reason: 'no arrival path'. Mode:'func'. (TCK-001)
Warning: The reported endpoint 'fifomem/genblk1_7__U/I1[2]' is unconstrained. Reason: 'no arrival path'. Mode:'func'. (TCK-001)
Warning: The reported endpoint 'fifomem/genblk1_7__U/I1[1]' is unconstrained. Reason: 'no arrival path'. Mode:'func'. (TCK-001)
Warning: The reported endpoint 'fifomem/genblk1_7__U/I1[0]' is unconstrained. Reason: 'no arrival path'. Mode:'func'. (TCK-001)
Warning: The reported endpoint 'rptr_empty/rbin_reg_6_/RSTB' is unconstrained. Reason: 'no arrival path'. Mode:'func'. (TCK-001)
Warning: The reported endpoint 'rptr_empty/rptr_reg_1_/RSTB' is unconstrained. Reason: 'no arrival path'. Mode:'func'. (TCK-001)
Warning: The reported endpoint 'rptr_empty/rptr_reg_0_/RSTB' is unconstrained. Reason: 'no arrival path'. Mode:'func'. (TCK-001)
Warning: The reported endpoint 'rptr_empty/rempty_reg/SETB' is unconstrained. Reason: 'no arrival path'. Mode:'func'. (TCK-001)
Warning: The reported endpoint 'rptr_empty/rbin_reg_3_/RSTB' is unconstrained. Reason: 'no arrival path'. Mode:'func'. (TCK-001)
Warning: The reported endpoint 'rptr_empty/rptr_reg_2_/RSTB' is unconstrained. Reason: 'no arrival path'. Mode:'func'. (TCK-001)
Warning: The reported endpoint 'rptr_empty/rbin_reg_2_/RSTB' is unconstrained. Reason: 'no arrival path'. Mode:'func'. (TCK-001)
Warning: The reported endpoint 'rptr_empty/rbin_reg_1_/RSTB' is unconstrained. Reason: 'no arrival path'. Mode:'func'. (TCK-001)
Warning: The reported endpoint 'rptr_empty/rbin_reg_0_/RSTB' is unconstrained. Reason: 'no arrival path'. Mode:'func'. (TCK-001)
Warning: The reported endpoint 'rptr_empty/rbin_reg_4_/RSTB' is unconstrained. Reason: 'no arrival path'. Mode:'func'. (TCK-001)
Warning: The reported endpoint 'rptr_empty/rptr_reg_3_/RSTB' is unconstrained. Reason: 'no arrival path'. Mode:'func'. (TCK-001)
Warning: The reported endpoint 'rptr_empty/rbin_reg_10_/RSTB' is unconstrained. Reason: 'no arrival path'. Mode:'func'. (TCK-001)
Warning: The reported endpoint 'rptr_empty/rbin_reg_7_/RSTB' is unconstrained. Reason: 'no arrival path'. Mode:'func'. (TCK-001)
Warning: The reported endpoint 'rptr_empty/rbin_reg_8_/RSTB' is unconstrained. Reason: 'no arrival path'. Mode:'func'. (TCK-001)
Warning: The reported endpoint 'rptr_empty/rptr_reg_6_/RSTB' is unconstrained. Reason: 'no arrival path'. Mode:'func'. (TCK-001)
Warning: The reported endpoint 'rptr_empty/rptr_reg_4_/RSTB' is unconstrained. Reason: 'no arrival path'. Mode:'func'. (TCK-001)
Warning: The reported endpoint 'rptr_empty/rptr_reg_9_/RSTB' is unconstrained. Reason: 'no arrival path'. Mode:'func'. (TCK-001)
Warning: The reported endpoint 'rptr_empty/rptr_reg_7_/RSTB' is unconstrained. Reason: 'no arrival path'. Mode:'func'. (TCK-001)
Warning: The reported endpoint 'rptr_empty/rptr_reg_8_/RSTB' is unconstrained. Reason: 'no arrival path'. Mode:'func'. (TCK-001)
Warning: The reported endpoint 'rptr_empty/rptr_reg_5_/RSTB' is unconstrained. Reason: 'no arrival path'. Mode:'func'. (TCK-001)
Warning: The reported endpoint 'rptr_empty/rbin_reg_9_/RSTB' is unconstrained. Reason: 'no arrival path'. Mode:'func'. (TCK-001)
Warning: The reported endpoint 'rptr_empty/rbin_reg_5_/RSTB' is unconstrained. Reason: 'no arrival path'. Mode:'func'. (TCK-001)
Warning: The reported endpoint 'wptr_full/wptr_reg_9_/RSTB' is unconstrained. Reason: 'no arrival path'. Mode:'func'. (TCK-001)
Warning: The reported endpoint 'wptr_full/wptr_reg_8_/RSTB' is unconstrained. Reason: 'no arrival path'. Mode:'func'. (TCK-001)
Warning: The reported endpoint 'wptr_full/wptr_reg_6_/RSTB' is unconstrained. Reason: 'no arrival path'. Mode:'func'. (TCK-001)
Warning: The reported endpoint 'wptr_full/wptr_reg_5_/RSTB' is unconstrained. Reason: 'no arrival path'. Mode:'func'. (TCK-001)
Warning: The reported endpoint 'wptr_full/wptr_reg_4_/RSTB' is unconstrained. Reason: 'no arrival path'. Mode:'func'. (TCK-001)
Warning: The reported endpoint 'wptr_full/wptr_reg_2_/RSTB' is unconstrained. Reason: 'no arrival path'. Mode:'func'. (TCK-001)
Warning: The reported endpoint 'wptr_full/wptr_reg_1_/RSTB' is unconstrained. Reason: 'no arrival path'. Mode:'func'. (TCK-001)
Warning: The reported endpoint 'wptr_full/wptr_reg_0_/RSTB' is unconstrained. Reason: 'no arrival path'. Mode:'func'. (TCK-001)
Warning: The reported endpoint 'wptr_full/wbin_reg_9_/RSTB' is unconstrained. Reason: 'no arrival path'. Mode:'func'. (TCK-001)
Warning: The reported endpoint 'wptr_full/wfull_reg/RSTB' is unconstrained. Reason: 'no arrival path'. Mode:'func'. (TCK-001)
Warning: The reported endpoint 'wptr_full/wbin_reg_1_/RSTB' is unconstrained. Reason: 'no arrival path'. Mode:'func'. (TCK-001)
Warning: The reported endpoint 'wptr_full/wbin_reg_10_/RSTB' is unconstrained. Reason: 'no arrival path'. Mode:'func'. (TCK-001)
Warning: The reported endpoint 'wptr_full/wbin_reg_5_/RSTB' is unconstrained. Reason: 'no arrival path'. Mode:'func'. (TCK-001)
Warning: The reported endpoint 'wptr_full/wbin_reg_3_/RSTB' is unconstrained. Reason: 'no arrival path'. Mode:'func'. (TCK-001)
Warning: The reported endpoint 'wptr_full/wbin_reg_2_/RSTB' is unconstrained. Reason: 'no arrival path'. Mode:'func'. (TCK-001)
Warning: The reported endpoint 'wptr_full/wbin_reg_0_/RSTB' is unconstrained. Reason: 'no arrival path'. Mode:'func'. (TCK-001)
Warning: The reported endpoint 'wptr_full/wptr_reg_7_/RSTB' is unconstrained. Reason: 'no arrival path'. Mode:'func'. (TCK-001)
Warning: The reported endpoint 'wptr_full/wbin_reg_6_/RSTB' is unconstrained. Reason: 'no arrival path'. Mode:'func'. (TCK-001)
Warning: The reported endpoint 'wptr_full/wptr_reg_3_/RSTB' is unconstrained. Reason: 'no arrival path'. Mode:'func'. (TCK-001)
Warning: The reported endpoint 'wptr_full/wbin_reg_7_/RSTB' is unconstrained. Reason: 'no arrival path'. Mode:'func'. (TCK-001)
Warning: The reported endpoint 'wptr_full/wbin_reg_4_/RSTB' is unconstrained. Reason: 'no arrival path'. Mode:'func'. (TCK-001)
Warning: The reported endpoint 'wptr_full/wbin_reg_8_/RSTB' is unconstrained. Reason: 'no arrival path'. Mode:'func'. (TCK-001)
Warning: The reported endpoint 'wdata_reg_7_/D' is unconstrained. Reason: 'unclocked'. Mode:'func'. (TCK-001)
Warning: The reported endpoint 'wdata_reg_7_/RSTB' is unconstrained. Reason: 'unclocked'. Mode:'func'. (TCK-001)
Warning: The reported endpoint 'wdata_reg_1_/D' is unconstrained. Reason: 'unclocked'. Mode:'func'. (TCK-001)
Warning: The reported endpoint 'wdata_reg_1_/RSTB' is unconstrained. Reason: 'unclocked'. Mode:'func'. (TCK-001)
Warning: The reported endpoint 'wdata_reg_0_/D' is unconstrained. Reason: 'unclocked'. Mode:'func'. (TCK-001)
Warning: The reported endpoint 'wdata_reg_0_/RSTB' is unconstrained. Reason: 'unclocked'. Mode:'func'. (TCK-001)
Warning: The reported endpoint 'wdata_reg_6_/D' is unconstrained. Reason: 'unclocked'. Mode:'func'. (TCK-001)
Warning: The reported endpoint 'wdata_reg_6_/RSTB' is unconstrained. Reason: 'unclocked'. Mode:'func'. (TCK-001)
Warning: The reported endpoint 'wdata_reg_2_/D' is unconstrained. Reason: 'unclocked'. Mode:'func'. (TCK-001)
Warning: The reported endpoint 'wdata_reg_2_/RSTB' is unconstrained. Reason: 'unclocked'. Mode:'func'. (TCK-001)
Warning: The reported endpoint 'wdata_reg_3_/D' is unconstrained. Reason: 'unclocked'. Mode:'func'. (TCK-001)
Warning: The reported endpoint 'wdata_reg_3_/RSTB' is unconstrained. Reason: 'unclocked'. Mode:'func'. (TCK-001)
Warning: The reported endpoint 'wdata_reg_4_/D' is unconstrained. Reason: 'unclocked'. Mode:'func'. (TCK-001)
Warning: The reported endpoint 'wdata_reg_4_/RSTB' is unconstrained. Reason: 'unclocked'. Mode:'func'. (TCK-001)
Warning: The reported endpoint 'wdata_reg_5_/D' is unconstrained. Reason: 'unclocked'. Mode:'func'. (TCK-001)
Warning: The reported endpoint 'wdata_reg_5_/RSTB' is unconstrained. Reason: 'unclocked'. Mode:'func'. (TCK-001)
Warning: The input port 'wdata_in[7]' has no clock_relative delay specified. Mode:'func', Corner:'slow'. (TCK-012)
Warning: The input port 'wdata_in[6]' has no clock_relative delay specified. Mode:'func', Corner:'slow'. (TCK-012)
Warning: The input port 'wdata_in[5]' has no clock_relative delay specified. Mode:'func', Corner:'slow'. (TCK-012)
Warning: The input port 'wdata_in[4]' has no clock_relative delay specified. Mode:'func', Corner:'slow'. (TCK-012)
Warning: The input port 'wdata_in[3]' has no clock_relative delay specified. Mode:'func', Corner:'slow'. (TCK-012)
Warning: The input port 'wdata_in[2]' has no clock_relative delay specified. Mode:'func', Corner:'slow'. (TCK-012)
Warning: The input port 'wdata_in[1]' has no clock_relative delay specified. Mode:'func', Corner:'slow'. (TCK-012)
Warning: The input port 'wdata_in[0]' has no clock_relative delay specified. Mode:'func', Corner:'slow'. (TCK-012)
Warning: The input port 'winc' has no clock_relative delay specified. Mode:'func', Corner:'slow'. (TCK-012)
Warning: The input port 'wclk2x' has no clock_relative delay specified. Mode:'func', Corner:'slow'. (TCK-012)
Warning: The input port 'wrst_n' has no clock_relative delay specified. Mode:'func', Corner:'slow'. (TCK-012)
Warning: The input port 'rinc' has no clock_relative delay specified. Mode:'func', Corner:'slow'. (TCK-012)
Warning: The input port 'rrst_n' has no clock_relative delay specified. Mode:'func', Corner:'slow'. (TCK-012)
1
