****************************************
 Report : check_design 
 Options: { pre_route_stage }
 Design : fifo1_sram
 Version: P-2019.03-SP1-VAL
 Date   : Mon Jun 15 23:36:49 2020
****************************************

Running mega-check 'pre_route_stage': 
    Running atomic-check 'design_mismatch'
    Running atomic-check 'scan_chain'
    Running atomic-check 'mv_design'
    Running atomic-check 'design_extraction'
    Running atomic-check 'timing'
    Running atomic-check 'routability'
    Running atomic-check 'hier_pre_route'

  *** EMS Message summary ***
  ----------------------------------------------------------------------------------------------------
  Rule         Type   Count      Message
  ----------------------------------------------------------------------------------------------------
  DFT-011      Info   1          The design has no scan chain defined in the scandef.
  TCK-001      Warn   178        The reported endpoint '%endpoint' is unconstrained. Reason: '%re...
  TCK-002      Warn   8          The register clock pin '%pin' has no fanin clocks. Mode:'%mode'.
  TCK-012      Warn   13         The input port '%port' has no clock_relative delay specified. Mo...
  ----------------------------------------------------------------------------------------------------
  Total 200 EMS messages : 0 errors, 199 warnings, 1 info.
  ----------------------------------------------------------------------------------------------------

  *** Non-EMS message summary ***
  ----------------------------------------------------------------------------------------------------
  Rule         Type   Count      Message
  ----------------------------------------------------------------------------------------------------
  ZRT-022             1          Cannot find a default contact code for layer %s.
  ZRT-027             1          Ignore %d top cell ports with no pins.
  ----------------------------------------------------------------------------------------------------
  Total 2 non-EMS messages : 0 errors, 2 warnings, 0 info.
  ----------------------------------------------------------------------------------------------------

Information: EMS database is saved to file 'check_design.ems'.
Information: Non-EMS messages are saved into file 'check_design2020Jun15233649.log'.
1
