****************************************
Report : constraint
        -all_violators
Design : fifo1_sram
Version: P-2019.03-SP1-VAL
Date   : Mon Jun 15 23:35:40 2020
****************************************

   late_timing
   -----------

Information: Timer using 'SI, Timing Window Analysis, CRPR'. (TIM-050)
Endpoint                         Path Delay     Path Required       CRP    Slack Group    Scenario
----------------------------------------------------------------------------------------------------------
No paths.

   early_timing
   -----------

Information: Timer using 'SI, Timing Window Analysis, CRPR'. (TIM-050)
Endpoint                         Path Delay     Path Required       CRP    Slack Group    Scenario
----------------------------------------------------------------------------------------------------------
No paths.

   Mode: func Corner: slow
   Scenario: func_slow
   max_transition                                                              
                             Required        Actual                            
   Net                      Transition     Transition        Slack  Violation  
  ---------------------------------------------------------------------------
   fifomem/n152                 0.17           0.15           0.02  (MET)      

  ---------------------------------------------------------------------------
   Number of max_transition violation(s): 0

   Mode: func Corner: slow
   Scenario: func_slow
   max_capacitance                                                             
                             Required        Actual                            
   Net                      Capacitance    Capacitance       Slack  Violation  
  ---------------------------------------------------------------------------
   fifomem/n59                 25.00          49.14         -24.14  (VIOLATED) 
     PIN : fifomem/genblk1_6__U/O2[3]    25.00    49.14     -24.14  (VIOLATED) 

   fifomem/n35                 25.00          41.01         -16.01  (VIOLATED) 
     PIN : fifomem/genblk1_6__U/O2[0]    25.00    41.01     -16.01  (VIOLATED) 

   fifomem/n43                 25.00          39.82         -14.82  (VIOLATED) 
     PIN : fifomem/genblk1_6__U/O2[1]    25.00    39.82     -14.82  (VIOLATED) 

   fifomem/n67                 25.00          38.14         -13.14  (VIOLATED) 
     PIN : fifomem/genblk1_6__U/O2[4]    25.00    38.14     -13.14  (VIOLATED) 

   fifomem/n63                 25.00          37.44         -12.44  (VIOLATED) 
     PIN : fifomem/genblk1_2__U/O2[4]    25.00    37.44     -12.44  (VIOLATED) 

   fifomem/n55                 25.00          37.41         -12.41  (VIOLATED) 
     PIN : fifomem/genblk1_2__U/O2[3]    25.00    37.41     -12.41  (VIOLATED) 

   fifomem/n75                 25.00          36.97         -11.97  (VIOLATED) 
     PIN : fifomem/genblk1_6__U/O2[5]    25.00    36.97     -11.97  (VIOLATED) 

   fifomem/n56                 25.00          35.67         -10.67  (VIOLATED) 
     PIN : fifomem/genblk1_3__U/O2[3]    25.00    35.67     -10.67  (VIOLATED) 

   fifomem/n64                 25.00          35.66         -10.66  (VIOLATED) 
     PIN : fifomem/genblk1_3__U/O2[4]    25.00    35.66     -10.66  (VIOLATED) 

   fifomem/n87                 25.00          35.45         -10.45  (VIOLATED) 
     PIN : fifomem/genblk1_2__U/O2[7]    25.00    35.45     -10.45  (VIOLATED) 

   fifomem/n71                 25.00          35.30         -10.30  (VIOLATED) 
     PIN : fifomem/genblk1_2__U/O2[5]    25.00    35.30     -10.30  (VIOLATED) 

   fifomem/n79                 25.00          35.24         -10.24  (VIOLATED) 
     PIN : fifomem/genblk1_2__U/O2[6]    25.00    35.24     -10.24  (VIOLATED) 

   fifomem/n88                 25.00          34.33          -9.33  (VIOLATED) 
     PIN : fifomem/genblk1_3__U/O2[7]    25.00    34.33      -9.33  (VIOLATED) 

   fifomem/n72                 25.00          34.15          -9.15  (VIOLATED) 
     PIN : fifomem/genblk1_3__U/O2[5]    25.00    34.15      -9.15  (VIOLATED) 

   fifomem/n80                 25.00          33.52          -8.52  (VIOLATED) 
     PIN : fifomem/genblk1_3__U/O2[6]    25.00    33.52      -8.52  (VIOLATED) 

   fifomem/n83                 25.00          32.10          -7.10  (VIOLATED) 
     PIN : fifomem/genblk1_6__U/O2[6]    25.00    32.10      -7.10  (VIOLATED) 

   fifomem/n91                 25.00          30.15          -5.15  (VIOLATED) 
     PIN : fifomem/genblk1_6__U/O2[7]    25.00    30.15      -5.15  (VIOLATED) 

   fifomem/n52                 25.00          28.64          -3.64  (VIOLATED) 
     PIN : fifomem/genblk1_7__U/O2[2]    25.00    28.64      -3.64  (VIOLATED) 

   fifomem/n68                 25.00          28.21          -3.21  (VIOLATED) 
     PIN : fifomem/genblk1_7__U/O2[4]    25.00    28.21      -3.21  (VIOLATED) 

   fifomem/n84                 25.00          28.19          -3.19  (VIOLATED) 
     PIN : fifomem/genblk1_7__U/O2[6]    25.00    28.19      -3.19  (VIOLATED) 

   fifomem/n44                 25.00          28.15          -3.15  (VIOLATED) 
     PIN : fifomem/genblk1_7__U/O2[1]    25.00    28.15      -3.15  (VIOLATED) 

   fifomem/n92                 25.00          28.13          -3.13  (VIOLATED) 
     PIN : fifomem/genblk1_7__U/O2[7]    25.00    28.13      -3.13  (VIOLATED) 

   fifomem/n36                 25.00          27.91          -2.91  (VIOLATED) 
     PIN : fifomem/genblk1_7__U/O2[0]    25.00    27.91      -2.91  (VIOLATED) 

   fifomem/n31                 25.00          26.37          -1.37  (VIOLATED) 
     PIN : fifomem/genblk1_2__U/O2[0]    25.00    26.37      -1.37  (VIOLATED) 

  ---------------------------------------------------------------------------
   Number of max_capacitance violation(s): 24


   Mode: func Corner: slow
   Scenario: func_slow
  ---------------------------------------------------------------------------
   Number of min_capacitance violation(s): 0

   Total number of violation(s): 24
1
