****************************************
Report : constraint
        -all_violators
Design : fifo1_sram
Version: P-2019.03-SP1-VAL
Date   : Mon Jun 15 23:36:14 2020
****************************************

   late_timing
   -----------

Information: Timer using 'SI, Timing Window Analysis, CRPR'. (TIM-050)
Endpoint                         Path Delay     Path Required       CRP    Slack Group    Scenario
----------------------------------------------------------------------------------------------------------
No paths.

   early_timing
   -----------

Information: Timer using 'SI, Timing Window Analysis, CRPR'. (TIM-050)
Endpoint                         Path Delay     Path Required       CRP    Slack Group    Scenario
----------------------------------------------------------------------------------------------------------
No paths.

   Mode: func Corner: slow
   Scenario: func_slow
   max_transition                                                              
                             Required        Actual                            
   Net                      Transition     Transition        Slack  Violation  
  ---------------------------------------------------------------------------
   io_t_rempty_net              0.19           0.18           0.01  (MET)      

  ---------------------------------------------------------------------------
   Number of max_transition violation(s): 0

   Mode: func Corner: slow
   Scenario: func_slow
   max_capacitance                                                             
                             Required        Actual                            
   Net                      Capacitance    Capacitance       Slack  Violation  
  ---------------------------------------------------------------------------
   fifomem/n59                 25.00          49.07         -24.07  (VIOLATED) 
     PIN : fifomem/genblk1_6__U/O2[3]    25.00    49.07     -24.07  (VIOLATED) 

   fifomem/n35                 25.00          41.02         -16.02  (VIOLATED) 
     PIN : fifomem/genblk1_6__U/O2[0]    25.00    41.02     -16.02  (VIOLATED) 

   fifomem/n43                 25.00          39.83         -14.83  (VIOLATED) 
     PIN : fifomem/genblk1_6__U/O2[1]    25.00    39.83     -14.83  (VIOLATED) 

   fifomem/n67                 25.00          38.14         -13.14  (VIOLATED) 
     PIN : fifomem/genblk1_6__U/O2[4]    25.00    38.14     -13.14  (VIOLATED) 

   fifomem/n55                 25.00          37.14         -12.14  (VIOLATED) 
     PIN : fifomem/genblk1_2__U/O2[3]    25.00    37.14     -12.14  (VIOLATED) 

   fifomem/n63                 25.00          37.12         -12.12  (VIOLATED) 
     PIN : fifomem/genblk1_2__U/O2[4]    25.00    37.12     -12.12  (VIOLATED) 

   fifomem/n75                 25.00          36.98         -11.98  (VIOLATED) 
     PIN : fifomem/genblk1_6__U/O2[5]    25.00    36.98     -11.98  (VIOLATED) 

   fifomem/n87                 25.00          35.47         -10.47  (VIOLATED) 
     PIN : fifomem/genblk1_2__U/O2[7]    25.00    35.47     -10.47  (VIOLATED) 

   fifomem/n56                 25.00          35.39         -10.39  (VIOLATED) 
     PIN : fifomem/genblk1_3__U/O2[3]    25.00    35.39     -10.39  (VIOLATED) 

   fifomem/n64                 25.00          35.36         -10.36  (VIOLATED) 
     PIN : fifomem/genblk1_3__U/O2[4]    25.00    35.36     -10.36  (VIOLATED) 

   fifomem/n71                 25.00          35.32         -10.32  (VIOLATED) 
     PIN : fifomem/genblk1_2__U/O2[5]    25.00    35.32     -10.32  (VIOLATED) 

   fifomem/n79                 25.00          34.87          -9.87  (VIOLATED) 
     PIN : fifomem/genblk1_2__U/O2[6]    25.00    34.87      -9.87  (VIOLATED) 

   fifomem/n88                 25.00          34.38          -9.38  (VIOLATED) 
     PIN : fifomem/genblk1_3__U/O2[7]    25.00    34.38      -9.38  (VIOLATED) 

   fifomem/n72                 25.00          34.19          -9.19  (VIOLATED) 
     PIN : fifomem/genblk1_3__U/O2[5]    25.00    34.19      -9.19  (VIOLATED) 

   fifomem/n80                 25.00          33.77          -8.77  (VIOLATED) 
     PIN : fifomem/genblk1_3__U/O2[6]    25.00    33.77      -8.77  (VIOLATED) 

   fifomem/n83                 25.00          32.12          -7.12  (VIOLATED) 
     PIN : fifomem/genblk1_6__U/O2[6]    25.00    32.12      -7.12  (VIOLATED) 

   fifomem/n91                 25.00          30.14          -5.14  (VIOLATED) 
     PIN : fifomem/genblk1_6__U/O2[7]    25.00    30.14      -5.14  (VIOLATED) 

   fifomem/n52                 25.00          28.70          -3.70  (VIOLATED) 
     PIN : fifomem/genblk1_7__U/O2[2]    25.00    28.70      -3.70  (VIOLATED) 

   fifomem/n68                 25.00          28.51          -3.51  (VIOLATED) 
     PIN : fifomem/genblk1_7__U/O2[4]    25.00    28.51      -3.51  (VIOLATED) 

   fifomem/n44                 25.00          28.36          -3.36  (VIOLATED) 
     PIN : fifomem/genblk1_7__U/O2[1]    25.00    28.36      -3.36  (VIOLATED) 

   fifomem/n36                 25.00          28.28          -3.28  (VIOLATED) 
     PIN : fifomem/genblk1_7__U/O2[0]    25.00    28.28      -3.28  (VIOLATED) 

   fifomem/n84                 25.00          28.02          -3.02  (VIOLATED) 
     PIN : fifomem/genblk1_7__U/O2[6]    25.00    28.02      -3.02  (VIOLATED) 

   fifomem/n92                 25.00          27.96          -2.96  (VIOLATED) 
     PIN : fifomem/genblk1_7__U/O2[7]    25.00    27.96      -2.96  (VIOLATED) 

   fifomem/n31                 25.00          26.25          -1.25  (VIOLATED) 
     PIN : fifomem/genblk1_2__U/O2[0]    25.00    26.25      -1.25  (VIOLATED) 

  ---------------------------------------------------------------------------
   Number of max_capacitance violation(s): 24


   Mode: func Corner: slow
   Scenario: func_slow
  ---------------------------------------------------------------------------
   Number of min_capacitance violation(s): 0

   Total number of violation(s): 24
1
