****************************************
Report : constraint
        -all_violators
Design : fifo1_sram
Version: P-2019.03-SP1-VAL
Date   : Mon Jun 15 23:36:49 2020
****************************************

   late_timing
   -----------

Information: Timer using 'SI, Timing Window Analysis, CRPR'. (TIM-050)
Endpoint                         Path Delay     Path Required       CRP    Slack Group    Scenario
----------------------------------------------------------------------------------------------------------
No paths.

   early_timing
   -----------

Information: Timer using 'SI, Timing Window Analysis, CRPR'. (TIM-050)
Endpoint                         Path Delay     Path Required       CRP    Slack Group    Scenario
----------------------------------------------------------------------------------------------------------
No paths.

   Mode: func Corner: slow
   Scenario: func_slow
   max_transition                                                              
                             Required        Actual                            
   Net                      Transition     Transition        Slack  Violation  
  ---------------------------------------------------------------------------
   io_t_rempty_net              0.19           0.18           0.02  (MET)      

  ---------------------------------------------------------------------------
   Number of max_transition violation(s): 0

   Mode: func Corner: slow
   Scenario: func_slow
   max_capacitance                                                             
                             Required        Actual                            
   Net                      Capacitance    Capacitance       Slack  Violation  
  ---------------------------------------------------------------------------
   fifomem/n87                 25.00          46.29         -21.29  (VIOLATED) 
     PIN : fifomem/genblk1_2__U/O2[7]    25.00    46.29     -21.29  (VIOLATED) 

   fifomem/n63                 25.00          45.87         -20.87  (VIOLATED) 
     PIN : fifomem/genblk1_2__U/O2[4]    25.00    45.87     -20.87  (VIOLATED) 

   fifomem/n75                 25.00          40.85         -15.85  (VIOLATED) 
     PIN : fifomem/genblk1_6__U/O2[5]    25.00    40.85     -15.85  (VIOLATED) 

   fifomem/n64                 25.00          38.40         -13.40  (VIOLATED) 
     PIN : fifomem/genblk1_3__U/O2[4]    25.00    38.40     -13.40  (VIOLATED) 

   fifomem/n79                 25.00          38.32         -13.32  (VIOLATED) 
     PIN : fifomem/genblk1_2__U/O2[6]    25.00    38.32     -13.32  (VIOLATED) 

   fifomem/n59                 25.00          35.57         -10.57  (VIOLATED) 
     PIN : fifomem/genblk1_6__U/O2[3]    25.00    35.57     -10.57  (VIOLATED) 

   fifomem/n71                 25.00          34.94          -9.94  (VIOLATED) 
     PIN : fifomem/genblk1_2__U/O2[5]    25.00    34.94      -9.94  (VIOLATED) 

   fifomem/n31                 25.00          33.84          -8.84  (VIOLATED) 
     PIN : fifomem/genblk1_2__U/O2[0]    25.00    33.84      -8.84  (VIOLATED) 

   fifomem/n52                 25.00          33.17          -8.17  (VIOLATED) 
     PIN : fifomem/genblk1_7__U/O2[2]    25.00    33.17      -8.17  (VIOLATED) 

   fifomem/n56                 25.00          32.94          -7.94  (VIOLATED) 
     PIN : fifomem/genblk1_3__U/O2[3]    25.00    32.94      -7.94  (VIOLATED) 

   fifomem/n72                 25.00          32.00          -7.00  (VIOLATED) 
     PIN : fifomem/genblk1_3__U/O2[5]    25.00    32.00      -7.00  (VIOLATED) 

   fifomem/n32                 25.00          31.87          -6.87  (VIOLATED) 
     PIN : fifomem/genblk1_3__U/O2[0]    25.00    31.87      -6.87  (VIOLATED) 

   fifomem/n68                 25.00          31.83          -6.83  (VIOLATED) 
     PIN : fifomem/genblk1_7__U/O2[4]    25.00    31.83      -6.83  (VIOLATED) 

   fifomem/n88                 25.00          31.71          -6.71  (VIOLATED) 
     PIN : fifomem/genblk1_3__U/O2[7]    25.00    31.71      -6.71  (VIOLATED) 

   fifomem/n35                 25.00          31.34          -6.34  (VIOLATED) 
     PIN : fifomem/genblk1_6__U/O2[0]    25.00    31.34      -6.34  (VIOLATED) 

   fifomem/n80                 25.00          31.17          -6.17  (VIOLATED) 
     PIN : fifomem/genblk1_3__U/O2[6]    25.00    31.17      -6.17  (VIOLATED) 

   fifomem/n55                 25.00          30.37          -5.37  (VIOLATED) 
     PIN : fifomem/genblk1_2__U/O2[3]    25.00    30.37      -5.37  (VIOLATED) 

   fifomem/n36                 25.00          29.42          -4.42  (VIOLATED) 
     PIN : fifomem/genblk1_7__U/O2[0]    25.00    29.42      -4.42  (VIOLATED) 

   fifomem/n92                 25.00          29.41          -4.41  (VIOLATED) 
     PIN : fifomem/genblk1_7__U/O2[7]    25.00    29.41      -4.41  (VIOLATED) 

   fifomem/n44                 25.00          29.07          -4.07  (VIOLATED) 
     PIN : fifomem/genblk1_7__U/O2[1]    25.00    29.07      -4.07  (VIOLATED) 

   fifomem/n43                 25.00          28.81          -3.81  (VIOLATED) 
     PIN : fifomem/genblk1_6__U/O2[1]    25.00    28.81      -3.81  (VIOLATED) 

   fifomem/n67                 25.00          28.72          -3.72  (VIOLATED) 
     PIN : fifomem/genblk1_6__U/O2[4]    25.00    28.72      -3.72  (VIOLATED) 

   fifomem/n83                 25.00          27.26          -2.26  (VIOLATED) 
     PIN : fifomem/genblk1_6__U/O2[6]    25.00    27.26      -2.26  (VIOLATED) 

   fifomem/n91                 25.00          26.08          -1.08  (VIOLATED) 
     PIN : fifomem/genblk1_6__U/O2[7]    25.00    26.08      -1.08  (VIOLATED) 

   fifomem/n84                 25.00          25.62          -0.62  (VIOLATED) 
     PIN : fifomem/genblk1_7__U/O2[6]    25.00    25.62      -0.62  (VIOLATED) 

  ---------------------------------------------------------------------------
   Number of max_capacitance violation(s): 25


   Mode: func Corner: slow
   Scenario: func_slow
  ---------------------------------------------------------------------------
   Number of min_capacitance violation(s): 0

   Total number of violation(s): 25
1
