****************************************
Report : constraint
        -all_violators
Design : ORCA_TOP
Version: P-2019.03-SP1-VAL
Date   : Thu Jun 11 11:27:31 2020
****************************************

   late_timing
   -----------

Information: Timer using 'SI, Timing Window Analysis, CRPR'. (TIM-050)
Endpoint                         Path Delay     Path Required       CRP    Slack Group    Scenario
----------------------------------------------------------------------------------------------------------
I_RISC_CORE/I_INSTRN_LAT_Crnt_Instrn_2_reg_26_/D (SDFFX2_LVT)   3.66 f   3.50   0.00  -0.16 SYS_2x_CLK func_worst
I_RISC_CORE/I_INSTRN_LAT_Crnt_Instrn_2_reg_13_/D (SDFFX1_RVT)   3.53 f   3.48   0.00  -0.05 SYS_2x_CLK func_worst
I_RISC_CORE/I_INSTRN_LAT_Crnt_Instrn_2_reg_31_/D (SDFFX1_RVT)   3.52 f   3.48   0.00  -0.04 SYS_2x_CLK func_worst
I_RISC_CORE/I_INSTRN_LAT_Crnt_Instrn_2_reg_23_/D (SDFFX1_RVT)   3.52 f   3.48   0.00  -0.04 SYS_2x_CLK func_worst
I_RISC_CORE/I_INSTRN_LAT_Crnt_Instrn_2_reg_10_/D (SDFFX1_RVT)   3.51 f   3.47   0.00  -0.04 SYS_2x_CLK func_worst
I_RISC_CORE/I_INSTRN_LAT_Crnt_Instrn_2_reg_9_/D (SDFFX1_RVT)   3.52 f   3.49   0.00  -0.03 SYS_2x_CLK func_worst
I_RISC_CORE/I_INSTRN_LAT_Crnt_Instrn_2_reg_18_/D (SDFFX2_LVT)   3.54 f   3.51   0.00  -0.03 SYS_2x_CLK func_worst
I_RISC_CORE/I_INSTRN_LAT_Crnt_Instrn_2_reg_27_/D (SDFFX2_LVT)   3.53 f   3.50   0.00  -0.03 SYS_2x_CLK func_worst
I_RISC_CORE/I_INSTRN_LAT_Crnt_Instrn_2_reg_11_/D (SDFFX1_RVT)   3.50 f   3.49   0.00  -0.02 SYS_2x_CLK func_worst
I_RISC_CORE/I_INSTRN_LAT_Crnt_Instrn_2_reg_30_/D (SDFFX1_LVT)   3.54 f   3.53   0.00  -0.01 SYS_2x_CLK func_worst
I_RISC_CORE/I_INSTRN_LAT_Crnt_Instrn_2_reg_24_/D (SDFFX2_LVT)   3.52 f   3.51   0.00  -0.01 SYS_2x_CLK func_worst
I_RISC_CORE/I_INSTRN_LAT_Crnt_Instrn_2_reg_28_/D (SDFFX2_LVT)   3.51 f   3.50   0.00  -0.01 SYS_2x_CLK func_worst
I_BLENDER_0/R_248/D (SDFFX1_LVT)   6.02 f         5.87           0.10    -0.14   SYS_CLK  func_worst
I_BLENDER_0/R_391/D (SDFFX1_LVT)   6.02 f         5.89           0.10    -0.14   SYS_CLK  func_worst
I_BLENDER_1/R_482/D (SDFFX1_LVT)   5.94 f         5.81           0.10    -0.13   SYS_CLK  func_worst
I_BLENDER_0/R_507/D (SDFFX1_LVT)   6.00 f         5.87           0.10    -0.13   SYS_CLK  func_worst
I_BLENDER_0/R_704/D (SDFFX1_LVT)   6.00 f         5.87           0.10    -0.13   SYS_CLK  func_worst
I_BLENDER_1/R_488/D (SDFFX2_LVT)   5.86 f         5.74           0.10    -0.12   SYS_CLK  func_worst
I_BLENDER_0/R_323/D (SDFFX1_LVT)   5.99 f         5.88           0.10    -0.12   SYS_CLK  func_worst
I_BLENDER_0/R_699/D (SDFFX1_LVT)   5.99 f         5.87           0.10    -0.11   SYS_CLK  func_worst
I_BLENDER_0/R_493/D (SDFFX1_LVT)   5.99 f         5.88           0.10    -0.11   SYS_CLK  func_worst
I_BLENDER_0/R_432/D (SDFFX1_LVT)   5.97 f         5.87           0.08    -0.10   SYS_CLK  func_worst
I_BLENDER_1/R_476/D (SDFFX1_LVT)   5.91 f         5.81           0.10    -0.10   SYS_CLK  func_worst
I_BLENDER_1/R_658/D (SDFFX1_LVT)   5.92 f         5.83           0.10    -0.09   SYS_CLK  func_worst
I_BLENDER_1/R_348/D (SDFFX1_LVT)   5.92 f         5.83           0.10    -0.09   SYS_CLK  func_worst
I_BLENDER_1/R_310/D (SDFFX1_LVT)   5.99 r         5.90           0.10    -0.09   SYS_CLK  func_worst
I_BLENDER_0/R_384/D (SDFFX1_LVT)   5.97 f         5.88           0.10    -0.09   SYS_CLK  func_worst
I_BLENDER_0/R_239/D (SDFFX1_LVT)   5.95 f         5.86           0.10    -0.09   SYS_CLK  func_worst
I_BLENDER_0/R_332/D (SDFFX1_LVT)   5.96 f         5.87           0.08    -0.09   SYS_CLK  func_worst
I_BLENDER_0/R_697/D (SDFFX1_LVT)   6.06 r         5.97           0.10    -0.09   SYS_CLK  func_worst
I_BLENDER_1/s4_op2_reg_18_/D (SDFFX1_LVT)   5.91 f   5.83        0.10    -0.09   SYS_CLK  func_worst
I_BLENDER_1/R_604/D (SDFFX1_LVT)   5.90 f         5.82           0.10    -0.08   SYS_CLK  func_worst
I_BLENDER_1/R_410/D (SDFFX1_LVT)   5.96 f         5.88           0.10    -0.08   SYS_CLK  func_worst
I_BLENDER_1/R_427/D (SDFFX1_LVT)   5.96 f         5.88           0.10    -0.08   SYS_CLK  func_worst
I_BLENDER_1/R_414/D (SDFFX1_LVT)   5.96 f         5.89           0.10    -0.08   SYS_CLK  func_worst
I_BLENDER_0/R_581/D (SDFFX1_LVT)   5.94 f         5.86           0.08    -0.08   SYS_CLK  func_worst
I_BLENDER_1/R_417/D (SDFFX1_LVT)   5.96 f         5.88           0.10    -0.08   SYS_CLK  func_worst
I_BLENDER_1/R_235/D (SDFFX1_LVT)   5.91 f         5.84           0.10    -0.08   SYS_CLK  func_worst
I_BLENDER_1/s4_op1_reg_23_/D (SDFFX2_LVT)   5.82 f   5.75        0.10    -0.07   SYS_CLK  func_worst
I_BLENDER_1/R_464/D (SDFFX1_LVT)   5.90 f         5.82           0.10    -0.07   SYS_CLK  func_worst
I_BLENDER_1/s4_op1_reg_19_/D (SDFFX2_LVT)   5.81 f   5.74        0.10    -0.07   SYS_CLK  func_worst
I_BLENDER_1/R_344/D (SDFFX1_LVT)   5.94 f         5.87           0.10    -0.07   SYS_CLK  func_worst
I_BLENDER_1/s4_op2_reg_19_/D (SDFFX1_LVT)   5.89 f   5.82        0.10    -0.07   SYS_CLK  func_worst
I_BLENDER_0/R_521/D (SDFFX1_LVT)   5.91 f         5.85           0.10    -0.07   SYS_CLK  func_worst
I_BLENDER_0/R_436/D (SDFFX1_LVT)   5.95 f         5.88           0.10    -0.06   SYS_CLK  func_worst
I_BLENDER_1/R_499/D (SDFFX1_LVT)   5.93 f         5.87           0.10    -0.06   SYS_CLK  func_worst
I_PARSER/pci_w_mux_select_reg_1_/D (SDFFARX1_LVT)   5.60 f   5.54   0.00  -0.06  SYS_CLK  func_worst
I_BLENDER_1/R_416/D (SDFFX1_LVT)   5.95 f         5.89           0.10    -0.06   SYS_CLK  func_worst
I_BLENDER_0/R_450/D (SDFFX1_LVT)   5.91 f         5.85           0.08    -0.06   SYS_CLK  func_worst
I_BLENDER_0/R_422/D (SDFFX1_LVT)   5.93 f         5.87           0.10    -0.06   SYS_CLK  func_worst
I_BLENDER_1/R_626/D (SDFFX2_LVT)   5.80 f         5.74           0.10    -0.05   SYS_CLK  func_worst
I_BLENDER_1/R_413/D (SDFFX1_LVT)   5.93 f         5.88           0.10    -0.05   SYS_CLK  func_worst
I_BLENDER_1/R_632/D (SDFFX2_LVT)   5.80 f         5.74           0.10    -0.05   SYS_CLK  func_worst
I_BLENDER_0/R_580/D (SDFFX1_LVT)   5.91 f         5.86           0.08    -0.05   SYS_CLK  func_worst
I_BLENDER_1/R_752/D (SDFFX1_LVT)   5.97 r         5.92           0.10    -0.05   SYS_CLK  func_worst
I_BLENDER_1/R_375/D (SDFFX1_LVT)   5.93 f         5.88           0.10    -0.05   SYS_CLK  func_worst
I_BLENDER_0/R_738/D (SDFFX1_LVT)   5.90 f         5.86           0.10    -0.05   SYS_CLK  func_worst
I_BLENDER_1/R_513/D (SDFFX1_LVT)   5.91 f         5.86           0.10    -0.05   SYS_CLK  func_worst
I_BLENDER_1/R_616/D (SDFFX1_RVT)   5.57 f         5.53           0.10    -0.05   SYS_CLK  func_worst
I_BLENDER_0/R_578/D (SDFFX1_LVT)   5.92 f         5.87           0.08    -0.05   SYS_CLK  func_worst
I_BLENDER_1/R_598/D (SDFFX1_LVT)   5.87 f         5.82           0.10    -0.05   SYS_CLK  func_worst
I_BLENDER_0/s4_op2_reg_26_/D (SDFFX2_LVT)   5.81 f   5.76        0.08    -0.04   SYS_CLK  func_worst
I_BLENDER_0/R_525/D (SDFFX1_LVT)   5.91 f         5.87           0.08    -0.04   SYS_CLK  func_worst
I_BLENDER_1/R_586/D (SDFFX1_LVT)   5.86 f         5.82           0.10    -0.04   SYS_CLK  func_worst
I_BLENDER_0/R_701/D (SDFFX1_LVT)   5.92 f         5.88           0.10    -0.04   SYS_CLK  func_worst
I_BLENDER_1/R_298/D (SDFFX1_LVT)   5.96 r         5.92           0.10    -0.04   SYS_CLK  func_worst
I_BLENDER_0/R_745/D (SDFFX1_LVT)   5.89 f         5.86           0.08    -0.04   SYS_CLK  func_worst
I_BLENDER_0/s4_op2_reg_30_/D (SDFFX2_LVT)   5.80 f   5.76        0.10    -0.04   SYS_CLK  func_worst
I_BLENDER_1/R_592/D (SDFFX1_LVT)   5.86 f         5.82           0.10    -0.03   SYS_CLK  func_worst
I_BLENDER_0/s4_op1_reg_20_/D (SDFFX2_LVT)   5.81 f   5.78        0.08    -0.03   SYS_CLK  func_worst
I_BLENDER_1/s4_op1_reg_20_/D (SDFFX2_LVT)   5.76 f   5.73        0.10    -0.03   SYS_CLK  func_worst
I_BLENDER_1/R_746/D (SDFFX1_LVT)   5.85 f         5.82           0.10    -0.03   SYS_CLK  func_worst
I_BLENDER_0/R_504/D (SDFFX1_LVT)   5.90 f         5.87           0.10    -0.03   SYS_CLK  func_worst
I_BLENDER_1/R_646/D (SDFFX1_LVT)   5.85 f         5.82           0.10    -0.03   SYS_CLK  func_worst
I_BLENDER_0/R_329/D (SDFFX1_LVT)   5.91 f         5.89           0.10    -0.03   SYS_CLK  func_worst
I_BLENDER_0/s4_op1_reg_22_/D (SDFFX2_LVT)   5.81 f   5.78        0.08    -0.03   SYS_CLK  func_worst
I_BLENDER_0/R_744/D (SDFFX1_LVT)   5.89 f         5.86           0.08    -0.03   SYS_CLK  func_worst
I_BLENDER_0/R_574/D (SDFFX1_LVT)   5.87 f         5.85           0.08    -0.02   SYS_CLK  func_worst
I_BLENDER_0/s4_op1_reg_28_/D (SDFFX2_LVT)   5.81 f   5.78        0.08    -0.02   SYS_CLK  func_worst
I_BLENDER_0/R_577/D (SDFFX1_LVT)   5.88 f         5.86           0.08    -0.02   SYS_CLK  func_worst
I_BLENDER_0/R_496/D (SDFFX1_LVT)   5.88 f         5.85           0.10    -0.02   SYS_CLK  func_worst
I_BLENDER_0/R_447/D (SDFFX1_LVT)   5.87 f         5.85           0.08    -0.02   SYS_CLK  func_worst
I_BLENDER_0/s4_op1_reg_21_/D (SDFFX2_LVT)   5.78 f   5.76        0.08    -0.02   SYS_CLK  func_worst
I_BLENDER_1/s4_op1_reg_21_/D (SDFFX1_LVT)   5.92 r   5.90        0.10    -0.02   SYS_CLK  func_worst
I_BLENDER_1/R_484/D (SDFFX1_LVT)   5.83 f         5.82           0.10    -0.01   SYS_CLK  func_worst
I_BLENDER_1/R_511/D (SDFFX1_LVT)   5.85 f         5.84           0.10    -0.01   SYS_CLK  func_worst
I_BLENDER_1/s3_op2_reg_31_/D (SDFFX2_LVT)   5.73 f   5.72        0.10    -0.01   SYS_CLK  func_worst
I_BLENDER_1/s4_op1_reg_22_/D (SDFFX1_LVT)   5.89 r   5.88        0.10    -0.01   SYS_CLK  func_worst
I_BLENDER_0/R_553/D (SDFFX1_LVT)   5.84 f         5.83           0.10    -0.01   SYS_CLK  func_worst
I_BLENDER_0/R_423/D (SDFFX1_LVT)   5.87 f         5.86           0.10    -0.01   SYS_CLK  func_worst
I_BLENDER_1/R_351/D (SDFFX1_LVT)   5.89 f         5.88           0.10    -0.01   SYS_CLK  func_worst
I_BLENDER_0/R_495/D (SDFFX1_LVT)   5.85 f         5.84           0.10    -0.01   SYS_CLK  func_worst
I_BLENDER_1/R_660/D (SDFFX1_LVT)   5.85 f         5.84           0.10    -0.01   SYS_CLK  func_worst
I_BLENDER_0/s4_op1_reg_29_/D (SDFFX1_LVT)   5.87 f   5.87        0.08    -0.01   SYS_CLK  func_worst
I_BLENDER_1/R_452/D (SDFFX1_LVT)   5.81 f         5.81           0.10    -0.00   SYS_CLK  func_worst
I_BLENDER_0/s4_op1_reg_25_/D (SDFFX1_LVT)   5.83 f   5.83        0.08    -0.00   SYS_CLK  func_worst
I_BLENDER_0/R_559/D (SDFFX1_LVT)   5.85 f         5.85           0.08    -0.00   SYS_CLK  func_worst
I_BLENDER_0/R_523/D (SDFFX1_LVT)   5.86 f         5.86           0.08    -0.00   SYS_CLK  func_worst

   early_timing
   -----------

Warning: Scenario func_worst is not configured for hold analysis: skipping. (UIC-058)
Error: None of the specified scenarios are active for hold analysis. (UIC-057)
Information: Timer using 'SI, Timing Window Analysis, CRPR'. (TIM-050)
Endpoint                         Path Delay     Path Required       CRP    Slack Group    Scenario
----------------------------------------------------------------------------------------------------------
No paths.

   Mode: func Corner: Cmax
   Scenario: func_worst
   max_transition                                                              
                             Required        Actual                            
   Net                      Transition     Transition        Slack  Violation  
  ---------------------------------------------------------------------------
   sd_DQ_out[30]                0.15           0.44          -0.29  (VIOLATED) 
     PIN : I_SDRAM_TOP/I_SDRAM_IF/U13009/Y     0.15     0.44    -0.29 (VIOLATED)
     PORT: sd_DQ_out[30]        0.15           0.44          -0.29  (VIOLATED) 

   sd_DQ_out[5]                 0.15           0.29          -0.14  (VIOLATED) 
     PORT: sd_DQ_out[5]         0.15           0.29          -0.14  (VIOLATED) 
     PIN : I_SDRAM_TOP/I_SDRAM_IF/U13034/Y     0.15     0.29    -0.14 (VIOLATED)

   sd_DQ_out[17]                0.15           0.29          -0.14  (VIOLATED) 
     PORT: sd_DQ_out[17]        0.15           0.29          -0.14  (VIOLATED) 
     PIN : I_SDRAM_TOP/I_SDRAM_IF/U13022/Y     0.15     0.29    -0.14 (VIOLATED)

   sd_DQ_out[29]                0.15           0.29          -0.14  (VIOLATED) 
     PORT: sd_DQ_out[29]        0.15           0.29          -0.14  (VIOLATED) 
     PIN : I_SDRAM_TOP/I_SDRAM_IF/U13010/Y     0.15     0.29    -0.14 (VIOLATED)

   sd_DQ_out[13]                0.15           0.29          -0.14  (VIOLATED) 
     PORT: sd_DQ_out[13]        0.15           0.29          -0.14  (VIOLATED) 
     PIN : I_SDRAM_TOP/I_SDRAM_IF/U13026/Y     0.15     0.29    -0.14 (VIOLATED)

   sd_DQ_out[1]                 0.15           0.29          -0.14  (VIOLATED) 
     PORT: sd_DQ_out[1]         0.15           0.29          -0.14  (VIOLATED) 
     PIN : I_SDRAM_TOP/I_SDRAM_IF/U13038/Y     0.15     0.29    -0.14 (VIOLATED)

   sd_DQ_out[9]                 0.15           0.28          -0.13  (VIOLATED) 
     PORT: sd_DQ_out[9]         0.15           0.28          -0.13  (VIOLATED) 
     PIN : I_SDRAM_TOP/I_SDRAM_IF/U13030/Y     0.15     0.28    -0.13 (VIOLATED)

   sd_DQ_out[21]                0.15           0.28          -0.13  (VIOLATED) 
     PORT: sd_DQ_out[21]        0.15           0.28          -0.13  (VIOLATED) 
     PIN : I_SDRAM_TOP/I_SDRAM_IF/U13018/Y     0.15     0.28    -0.13 (VIOLATED)

   sd_DQ_out[23]                0.15           0.28          -0.13  (VIOLATED) 
     PORT: sd_DQ_out[23]        0.15           0.28          -0.13  (VIOLATED) 
     PIN : I_SDRAM_TOP/I_SDRAM_IF/U13016/Y     0.15     0.28    -0.13 (VIOLATED)

   sd_DQ_out[3]                 0.15           0.28          -0.13  (VIOLATED) 
     PORT: sd_DQ_out[3]         0.15           0.28          -0.13  (VIOLATED) 
     PIN : I_SDRAM_TOP/I_SDRAM_IF/U13036/Y     0.15     0.28    -0.13 (VIOLATED)

   sd_DQ_out[25]                0.15           0.28          -0.13  (VIOLATED) 
     PORT: sd_DQ_out[25]        0.15           0.28          -0.13  (VIOLATED) 
     PIN : I_SDRAM_TOP/I_SDRAM_IF/U13014/Y     0.15     0.28    -0.13 (VIOLATED)

   sd_DQ_out[7]                 0.15           0.28          -0.13  (VIOLATED) 
     PORT: sd_DQ_out[7]         0.15           0.28          -0.13  (VIOLATED) 
     PIN : I_SDRAM_TOP/I_SDRAM_IF/U13032/Y     0.15     0.28    -0.13 (VIOLATED)

   sd_DQ_out[31]                0.15           0.28          -0.13  (VIOLATED) 
     PORT: sd_DQ_out[31]        0.15           0.28          -0.13  (VIOLATED) 
     PIN : I_SDRAM_TOP/I_SDRAM_IF/U13008/Y     0.15     0.28    -0.13 (VIOLATED)

   sd_DQ_out[19]                0.15           0.28          -0.13  (VIOLATED) 
     PORT: sd_DQ_out[19]        0.15           0.28          -0.13  (VIOLATED) 
     PIN : I_SDRAM_TOP/I_SDRAM_IF/U13020/Y     0.15     0.27    -0.12 (VIOLATED)

   sd_DQ_out[27]                0.15           0.27          -0.12  (VIOLATED) 
     PORT: sd_DQ_out[27]        0.15           0.27          -0.12  (VIOLATED) 
     PIN : I_SDRAM_TOP/I_SDRAM_IF/U13012/Y     0.15     0.27    -0.12 (VIOLATED)

   sd_DQ_out[11]                0.15           0.27          -0.12  (VIOLATED) 
     PORT: sd_DQ_out[11]        0.15           0.27          -0.12  (VIOLATED) 
     PIN : I_SDRAM_TOP/I_SDRAM_IF/U13028/Y     0.15     0.27    -0.12 (VIOLATED)

   sd_DQ_out[15]                0.15           0.27          -0.12  (VIOLATED) 
     PORT: sd_DQ_out[15]        0.15           0.27          -0.12  (VIOLATED) 
     PIN : I_SDRAM_TOP/I_SDRAM_IF/U13024/Y     0.15     0.27    -0.12 (VIOLATED)

   sd_DQ_out[0]                 0.15           0.26          -0.11  (VIOLATED) 
     PORT: sd_DQ_out[0]         0.15           0.26          -0.11  (VIOLATED) 
     PIN : I_SDRAM_TOP/I_SDRAM_IF/U13039/Y     0.15     0.26    -0.11 (VIOLATED)

   sd_DQ_out[24]                0.15           0.26          -0.11  (VIOLATED) 
     PORT: sd_DQ_out[24]        0.15           0.26          -0.11  (VIOLATED) 
     PIN : I_SDRAM_TOP/I_SDRAM_IF/U13015/Y     0.15     0.26    -0.11 (VIOLATED)

   sd_DQ_out[28]                0.15           0.26          -0.11  (VIOLATED) 
     PIN : I_SDRAM_TOP/I_SDRAM_IF/U13011/Y     0.15     0.26    -0.11 (VIOLATED)
     PORT: sd_DQ_out[28]        0.15           0.26          -0.11  (VIOLATED) 

   sd_DQ_out[20]                0.15           0.26          -0.11  (VIOLATED) 
     PIN : I_SDRAM_TOP/I_SDRAM_IF/U13019/Y     0.15     0.26    -0.11 (VIOLATED)
     PORT: sd_DQ_out[20]        0.15           0.26          -0.11  (VIOLATED) 

   sd_DQ_out[8]                 0.15           0.26          -0.11  (VIOLATED) 
     PIN : I_SDRAM_TOP/I_SDRAM_IF/U13031/Y     0.15     0.26    -0.11 (VIOLATED)
     PORT: sd_DQ_out[8]         0.15           0.26          -0.11  (VIOLATED) 

   sd_DQ_out[26]                0.15           0.26          -0.11  (VIOLATED) 
     PORT: sd_DQ_out[26]        0.15           0.26          -0.11  (VIOLATED) 
     PIN : I_SDRAM_TOP/I_SDRAM_IF/U13013/Y     0.15     0.26    -0.11 (VIOLATED)

   sd_DQ_out[16]                0.15           0.26          -0.11  (VIOLATED) 
     PIN : I_SDRAM_TOP/I_SDRAM_IF/U13023/Y     0.15     0.26    -0.11 (VIOLATED)
     PORT: sd_DQ_out[16]        0.15           0.26          -0.11  (VIOLATED) 

   sd_DQ_out[4]                 0.15           0.25          -0.10  (VIOLATED) 
     PIN : I_SDRAM_TOP/I_SDRAM_IF/U13035/Y     0.15     0.25    -0.10 (VIOLATED)
     PORT: sd_DQ_out[4]         0.15           0.25          -0.10  (VIOLATED) 

   sd_DQ_out[12]                0.15           0.25          -0.10  (VIOLATED) 
     PIN : I_SDRAM_TOP/I_SDRAM_IF/U13027/Y     0.15     0.25    -0.10 (VIOLATED)
     PORT: sd_DQ_out[12]        0.15           0.25          -0.10  (VIOLATED) 

   sd_DQ_out[10]                0.15           0.25          -0.10  (VIOLATED) 
     PIN : I_SDRAM_TOP/I_SDRAM_IF/U13029/Y     0.15     0.25    -0.10 (VIOLATED)
     PORT: sd_DQ_out[10]        0.15           0.25          -0.10  (VIOLATED) 

   sd_DQ_out[2]                 0.15           0.25          -0.10  (VIOLATED) 
     PORT: sd_DQ_out[2]         0.15           0.25          -0.10  (VIOLATED) 
     PIN : I_SDRAM_TOP/I_SDRAM_IF/U13037/Y     0.15     0.25    -0.10 (VIOLATED)

   sd_DQ_out[14]                0.15           0.25          -0.10  (VIOLATED) 
     PORT: sd_DQ_out[14]        0.15           0.25          -0.10  (VIOLATED) 
     PIN : I_SDRAM_TOP/I_SDRAM_IF/U13025/Y     0.15     0.25    -0.10 (VIOLATED)

   sd_DQ_out[6]                 0.15           0.25          -0.10  (VIOLATED) 
     PORT: sd_DQ_out[6]         0.15           0.25          -0.10  (VIOLATED) 
     PIN : I_SDRAM_TOP/I_SDRAM_IF/U13033/Y     0.15     0.25    -0.10 (VIOLATED)

   sd_DQ_out[18]                0.15           0.24          -0.09  (VIOLATED) 
     PORT: sd_DQ_out[18]        0.15           0.24          -0.09  (VIOLATED) 
     PIN : I_SDRAM_TOP/I_SDRAM_IF/U13021/Y     0.15     0.24    -0.09 (VIOLATED)

   sd_DQ_out[22]                0.15           0.24          -0.09  (VIOLATED) 
     PORT: sd_DQ_out[22]        0.15           0.24          -0.09  (VIOLATED) 
     PIN : I_SDRAM_TOP/I_SDRAM_IF/U13017/Y     0.15     0.24    -0.09 (VIOLATED)

   I_SDRAM_TOP/net_sdram_if_rDQ[9]     0.17     0.23         -0.06  (VIOLATED) 
     PIN : I_SDRAM_TOP/I_SDRAM_IF/DQ_in_0_reg_9_/Q     0.17     0.23    -0.06 (VIOLATED)

   I_RISC_CORE/Oprnd_A[14]      0.13           0.17          -0.05  (VIOLATED) 
     PIN : I_RISC_CORE/I_DATA_PATH_Oprnd_A_reg_14_/Q     0.13     0.17    -0.05 (VIOLATED)

   I_RISC_CORE/Oprnd_B[5]       0.07           0.10          -0.03  (VIOLATED) 
     PIN : I_RISC_CORE/I_DATA_PATH_Oprnd_B_reg_5_/Q     0.07     0.10    -0.03 (VIOLATED)

   I_RISC_CORE/Oprnd_A[11]      0.13           0.15          -0.03  (VIOLATED) 
     PIN : I_RISC_CORE/I_DATA_PATH_Oprnd_A_reg_11_/Q     0.13     0.15    -0.03 (VIOLATED)

   I_RISC_CORE/Oprnd_B_2        0.07           0.10          -0.02  (VIOLATED) 
     PIN : I_RISC_CORE/I_DATA_PATH_Oprnd_B_reg_2_/Q     0.07     0.10    -0.02 (VIOLATED)

   I_RISC_CORE/Oprnd_A[2]       0.07           0.10          -0.02  (VIOLATED) 
     PIN : I_RISC_CORE/I_DATA_PATH_Oprnd_A_reg_2_/Q     0.07     0.10    -0.02 (VIOLATED)

   I_RISC_CORE/Op_Result[2]     0.07           0.09          -0.02  (VIOLATED) 
     PIN : I_RISC_CORE/I_ALU_Lachd_Result_reg_2_/Q     0.07     0.09    -0.02 (VIOLATED)

   I_RISC_CORE/Op_Result[3]     0.13           0.14          -0.02  (VIOLATED) 
     PIN : I_RISC_CORE/I_ALU_Lachd_Result_reg_3_/Q     0.13     0.14    -0.02 (VIOLATED)

   I_RISC_CORE/Oprnd_B[9]       0.07           0.09          -0.02  (VIOLATED) 
     PIN : I_RISC_CORE/I_DATA_PATH_Oprnd_B_reg_9_/Q     0.07     0.09    -0.02 (VIOLATED)

   I_RISC_CORE/Oprnd_B[6]       0.07           0.09          -0.02  (VIOLATED) 
     PIN : I_RISC_CORE/I_DATA_PATH_Oprnd_B_reg_6_/Q     0.07     0.09    -0.02 (VIOLATED)

   I_RISC_CORE/Op_Result[6]     0.07           0.09          -0.01  (VIOLATED) 
     PIN : I_RISC_CORE/I_ALU_Lachd_Result_reg_6_/Q     0.07     0.09    -0.01 (VIOLATED)

   I_RISC_CORE/Op_Result[1]     0.07           0.09          -0.01  (VIOLATED) 
     PIN : I_RISC_CORE/I_ALU_Lachd_Result_reg_1_/Q     0.07     0.09    -0.01 (VIOLATED)

   I_RISC_CORE/n1258            0.16           0.17          -0.01  (VIOLATED) 
     PIN : I_RISC_CORE/I_DATA_PATH_Oprnd_B_reg_10_/QN     0.16     0.17    -0.01 (VIOLATED)

   I_RISC_CORE/Return_Addr[1]     0.13         0.14          -0.01  (VIOLATED) 
     PIN : I_RISC_CORE/I_STACK_TOP_I1_STACK_MEM_PopDataOut_reg_1_/Q     0.13     0.14    -0.01 (VIOLATED)

   I_RISC_CORE/Oprnd_B_0        0.07           0.08          -0.01  (VIOLATED) 
     PIN : I_RISC_CORE/I_DATA_PATH_Oprnd_B_reg_0_/Q     0.07     0.08    -0.01 (VIOLATED)

   I_PCI_TOP/mult_x_30_n813     0.20           0.20          -0.01  (VIOLATED) 
     PIN : I_PCI_TOP/I_PCI_CORE_mega_shift_reg_8__30_/QN     0.20     0.20    -0.01 (VIOLATED)

   I_BLENDER_0/n5188            0.14           0.14          -0.00  (VIOLATED) 
     PIN : I_BLENDER_0/R_737/Q     0.14        0.14          -0.00  (VIOLATED) 

   I_SDRAM_TOP/I_SDRAM_IF/n17426     0.43      0.43          -0.00  (VIOLATED) 
     PIN : I_SDRAM_TOP/I_SDRAM_IF/mega_shift_1_reg_23__14_/Q     0.43     0.43    -0.00 (VIOLATED)

   aps_rename_18_               0.42           0.43          -0.00  (VIOLATED) 
     PIN : I_PCI_TOP/I_PCI_CORE_pad_out_buf_reg_0_/Q     0.42     0.43    -0.00 (VIOLATED)

   I_PCI_TOP/mult_x_23_n824     0.21           0.21          -0.00  (VIOLATED) 
     PIN : I_PCI_TOP/I_PCI_CORE_mega_shift_reg_1__19_/QN     0.21     0.21    -0.00 (VIOLATED)

   I_PCI_TOP/mult_x_30_n812     0.20           0.20          -0.00  (VIOLATED) 
     PIN : I_PCI_TOP/I_PCI_CORE_mega_shift_reg_8__31_/QN     0.20     0.20    -0.00 (VIOLATED)

   I_PARSER/n658                0.24           0.24          -0.00  (VIOLATED) 
     PIN : I_PARSER/i_reg_reg_10_/Q     0.24     0.24        -0.00  (VIOLATED) 

   aps_rename_13_               0.42           0.43          -0.00  (VIOLATED) 
     PIN : I_PCI_TOP/I_PCI_CORE_pad_out_buf_reg_8_/Q     0.42     0.43    -0.00 (VIOLATED)

   I_SDRAM_TOP/I_SDRAM_IF/mega_shift_1_547     0.43     0.43    -0.00 (VIOLATED)
     PIN : I_SDRAM_TOP/I_SDRAM_IF/mega_shift_1_reg_20__17_/Q     0.43     0.43    -0.00 (VIOLATED)

   I_PARSER/i_reg_4_            0.17           0.17          -0.00  (VIOLATED) 
     PIN : I_PARSER/i_reg_reg_4_/Q     0.17     0.17         -0.00  (VIOLATED) 

   I_SDRAM_TOP/I_SDRAM_IF/n17778     0.25      0.25          -0.00  (VIOLATED) 
     PIN : I_SDRAM_TOP/I_SDRAM_IF/mega_shift_0_reg_33__5_/Q     0.25     0.25    -0.00 (VIOLATED)

   I_BLENDER_1/n9693            0.54           0.54          -0.00  (VIOLATED) 
     PIN : I_BLENDER_1/U5225/Y     0.54        0.54          -0.00  (VIOLATED) 

   I_BLENDER_0/n8684            0.17           0.17          -0.00  (VIOLATED) 
     PIN : I_BLENDER_0/s3_op2_reg_14_/Q     0.17     0.17    -0.00  (VIOLATED) 

   I_BLENDER_0/n1807            0.13           0.14          -0.00  (VIOLATED) 
     PIN : I_BLENDER_0/R_505/Q     0.13        0.14          -0.00  (VIOLATED) 

   I_BLENDER_0/mult_x_28_n578     0.21         0.21          -0.00  (VIOLATED) 
     PIN : I_BLENDER_0/s3_op1_reg_30_/QN     0.21     0.21    -0.00 (VIOLATED) 

   I_SDRAM_TOP/I_SDRAM_IF/p_abuf119     0.15     0.15        -0.00  (VIOLATED) 
     PIN : I_SDRAM_TOP/I_SDRAM_IF/mega_shift_0_reg_26__24_/CLK     0.15     0.15    -0.00 (VIOLATED)
     PIN : I_SDRAM_TOP/I_SDRAM_IF/mega_shift_0_reg_4__24_/CLK     0.15     0.15    -0.00 (VIOLATED)

   I_BLENDER_1/n1158            0.17           0.17          -0.00  (VIOLATED) 
     PIN : I_BLENDER_1/R_632/Q     0.17        0.17          -0.00  (VIOLATED) 

  ---------------------------------------------------------------------------
   Number of max_transition violation(s): 64

   Mode: func Corner: Cmax
   Scenario: func_worst
   max_capacitance                                                             
                             Required        Actual                            
   Net                      Capacitance    Capacitance       Slack  Violation  
  ---------------------------------------------------------------------------
   I_SDRAM_TOP/I_SDRAM_IF/HFSNET_910    82.00   152.10      -70.10  (VIOLATED) 
     PIN : I_SDRAM_TOP/I_SDRAM_IF/HFSINV_36082_952/Y    82.00   152.10   -70.10 (VIOLATED)

   sd_DQ_en[18]                82.00         134.04         -52.04  (VIOLATED) 
     PIN : ZBUF_inst_23332/Y    82.00        134.04         -52.04  (VIOLATED) 

   sd_DQ_en[0]                 82.00         133.78         -51.78  (VIOLATED) 
     PIN : ZBUF_inst_23333/Y    82.00        133.78         -51.78  (VIOLATED) 

   I_RISC_CORE/I_REG_FILE_data_out_A[6]    25.00    75.66   -50.66  (VIOLATED) 
     PIN : I_RISC_CORE/I_REG_FILE_REG_FILE_A_RAM/O2[6]    25.00    75.66   -50.66 (VIOLATED)

   I_RISC_CORE/I_REG_FILE_data_out_A[4]    25.00    74.85   -49.85  (VIOLATED) 
     PIN : I_RISC_CORE/I_REG_FILE_REG_FILE_A_RAM/O2[4]    25.00    74.85   -49.85 (VIOLATED)

   I_RISC_CORE/I_REG_FILE_data_out_A[15]    25.00    74.85   -49.85 (VIOLATED) 
     PIN : I_RISC_CORE/I_REG_FILE_REG_FILE_A_RAM/O2[15]    25.00    74.85   -49.85 (VIOLATED)

   I_RISC_CORE/I_REG_FILE_data_out_A[9]    25.00    74.62   -49.62  (VIOLATED) 
     PIN : I_RISC_CORE/I_REG_FILE_REG_FILE_A_RAM/O2[9]    25.00    74.62   -49.62 (VIOLATED)

   I_RISC_CORE/I_REG_FILE_data_out_A[5]    25.00    74.44   -49.44  (VIOLATED) 
     PIN : I_RISC_CORE/I_REG_FILE_REG_FILE_A_RAM/O2[5]    25.00    74.44   -49.44 (VIOLATED)

   I_RISC_CORE/I_REG_FILE_data_out_A[2]    25.00    74.39   -49.39  (VIOLATED) 
     PIN : I_RISC_CORE/I_REG_FILE_REG_FILE_A_RAM/O2[2]    25.00    74.39   -49.39 (VIOLATED)

   I_RISC_CORE/I_REG_FILE_data_out_A[11]    25.00    74.37   -49.37 (VIOLATED) 
     PIN : I_RISC_CORE/I_REG_FILE_REG_FILE_A_RAM/O2[11]    25.00    74.37   -49.37 (VIOLATED)

   I_RISC_CORE/I_REG_FILE_data_out_A[8]    25.00    74.35   -49.35  (VIOLATED) 
     PIN : I_RISC_CORE/I_REG_FILE_REG_FILE_A_RAM/O2[8]    25.00    74.35   -49.35 (VIOLATED)

   I_RISC_CORE/I_REG_FILE_data_out_A[13]    25.00    74.27   -49.27 (VIOLATED) 
     PIN : I_RISC_CORE/I_REG_FILE_REG_FILE_A_RAM/O2[13]    25.00    74.27   -49.27 (VIOLATED)

   I_RISC_CORE/I_REG_FILE_data_out_A[12]    25.00    73.87   -48.87 (VIOLATED) 
     PIN : I_RISC_CORE/I_REG_FILE_REG_FILE_A_RAM/O2[12]    25.00    73.87   -48.87 (VIOLATED)

   I_RISC_CORE/I_REG_FILE_data_out_A[14]    25.00    73.62   -48.62 (VIOLATED) 
     PIN : I_RISC_CORE/I_REG_FILE_REG_FILE_A_RAM/O2[14]    25.00    73.62   -48.62 (VIOLATED)

   I_RISC_CORE/I_REG_FILE_data_out_A[7]    25.00    73.60   -48.60  (VIOLATED) 
     PIN : I_RISC_CORE/I_REG_FILE_REG_FILE_A_RAM/O2[7]    25.00    73.60   -48.60 (VIOLATED)

   I_RISC_CORE/I_REG_FILE_data_out_A[0]    25.00    72.86   -47.86  (VIOLATED) 
     PIN : I_RISC_CORE/I_REG_FILE_REG_FILE_A_RAM/O2[0]    25.00    72.86   -47.86 (VIOLATED)

   I_RISC_CORE/I_REG_FILE_data_out_A[1]    25.00    72.60   -47.60  (VIOLATED) 
     PIN : I_RISC_CORE/I_REG_FILE_REG_FILE_A_RAM/O2[1]    25.00    72.60   -47.60 (VIOLATED)

   I_RISC_CORE/I_REG_FILE_data_out_A[10]    25.00    72.58   -47.58 (VIOLATED) 
     PIN : I_RISC_CORE/I_REG_FILE_REG_FILE_A_RAM/O2[10]    25.00    72.58   -47.58 (VIOLATED)

   I_RISC_CORE/I_REG_FILE_data_out_A[3]    25.00    71.93   -46.93  (VIOLATED) 
     PIN : I_RISC_CORE/I_REG_FILE_REG_FILE_A_RAM/O2[3]    25.00    71.93   -46.93 (VIOLATED)

   I_RISC_CORE/RegPort_B[6]    25.00          66.92         -41.92  (VIOLATED) 
     PIN : I_RISC_CORE/I_REG_FILE_REG_FILE_D_RAM/O2[6]    25.00    66.92   -41.92 (VIOLATED)

   I_RISC_CORE/RegPort_B[7]    25.00          66.00         -41.00  (VIOLATED) 
     PIN : I_RISC_CORE/I_REG_FILE_REG_FILE_D_RAM/O2[7]    25.00    66.00   -41.00 (VIOLATED)

   I_RISC_CORE/RegPort_B[2]    25.00          65.05         -40.05  (VIOLATED) 
     PIN : I_RISC_CORE/I_REG_FILE_REG_FILE_D_RAM/O2[2]    25.00    65.05   -40.05 (VIOLATED)

   I_RISC_CORE/RegPort_B[4]    25.00          64.77         -39.77  (VIOLATED) 
     PIN : I_RISC_CORE/I_REG_FILE_REG_FILE_D_RAM/O2[4]    25.00    64.77   -39.77 (VIOLATED)

   I_RISC_CORE/RegPort_B[5]    25.00          64.59         -39.59  (VIOLATED) 
     PIN : I_RISC_CORE/I_REG_FILE_REG_FILE_D_RAM/O2[5]    25.00    64.59   -39.59 (VIOLATED)

   I_RISC_CORE/RegPort_B[1]    25.00          64.10         -39.10  (VIOLATED) 
     PIN : I_RISC_CORE/I_REG_FILE_REG_FILE_D_RAM/O2[1]    25.00    64.10   -39.10 (VIOLATED)

   I_RISC_CORE/RegPort_B[0]    25.00          63.87         -38.87  (VIOLATED) 
     PIN : I_RISC_CORE/I_REG_FILE_REG_FILE_D_RAM/O2[0]    25.00    63.87   -38.87 (VIOLATED)

   I_RISC_CORE/RegPort_B[3]    25.00          63.42         -38.42  (VIOLATED) 
     PIN : I_RISC_CORE/I_REG_FILE_REG_FILE_D_RAM/O2[3]    25.00    63.42   -38.42 (VIOLATED)

   I_SDRAM_TOP/I_SDRAM_IF/ZBUF_895    82.00   119.66        -37.66  (VIOLATED) 
     PIN : I_SDRAM_TOP/I_SDRAM_IF/ZBUF_inst_23711/Y    82.00   119.66   -37.66 (VIOLATED)

   I_RISC_CORE/RegPort_B[15]    25.00         61.18         -36.18  (VIOLATED) 
     PIN : I_RISC_CORE/I_REG_FILE_REG_FILE_B_RAM/O2[15]    25.00    61.18   -36.18 (VIOLATED)

   I_RISC_CORE/RegPort_B[13]    25.00         57.65         -32.65  (VIOLATED) 
     PIN : I_RISC_CORE/I_REG_FILE_REG_FILE_B_RAM/O2[13]    25.00    57.65   -32.65 (VIOLATED)

   I_RISC_CORE/RegPort_B[14]    25.00         57.53         -32.53  (VIOLATED) 
     PIN : I_RISC_CORE/I_REG_FILE_REG_FILE_B_RAM/O2[14]    25.00    57.53   -32.53 (VIOLATED)

   I_RISC_CORE/RegPort_B[12]    25.00         57.13         -32.13  (VIOLATED) 
     PIN : I_RISC_CORE/I_REG_FILE_REG_FILE_B_RAM/O2[12]    25.00    57.13   -32.13 (VIOLATED)

   I_RISC_CORE/RegPort_B[11]    25.00         57.11         -32.11  (VIOLATED) 
     PIN : I_RISC_CORE/I_REG_FILE_REG_FILE_B_RAM/O2[11]    25.00    57.11   -32.11 (VIOLATED)

   I_RISC_CORE/RegPort_B[10]    25.00         57.06         -32.06  (VIOLATED) 
     PIN : I_RISC_CORE/I_REG_FILE_REG_FILE_B_RAM/O2[10]    25.00    57.06   -32.06 (VIOLATED)

   I_RISC_CORE/RegPort_B[8]    25.00          56.82         -31.82  (VIOLATED) 
     PIN : I_RISC_CORE/I_REG_FILE_REG_FILE_B_RAM/O2[8]    25.00    56.82   -31.82 (VIOLATED)

   I_RISC_CORE/RegPort_B[9]    25.00          56.74         -31.74  (VIOLATED) 
     PIN : I_RISC_CORE/I_REG_FILE_REG_FILE_B_RAM/O2[9]    25.00    56.74   -31.74 (VIOLATED)

   I_SDRAM_TOP/I_SDRAM_IF/ZBUF_604    82.00   110.35        -28.35  (VIOLATED) 
     PIN : I_SDRAM_TOP/I_SDRAM_IF/ZBUF_inst_23247/Y    82.00   110.35   -28.35 (VIOLATED)

   I_RISC_CORE/I_REG_FILE_data_out_C[2]    25.00    52.23   -27.23  (VIOLATED) 
     PIN : I_RISC_CORE/I_REG_FILE_REG_FILE_C_RAM/O2[2]    25.00    52.23   -27.23 (VIOLATED)

   I_RISC_CORE/I_REG_FILE_data_out_C[7]    25.00    51.89   -26.89  (VIOLATED) 
     PIN : I_RISC_CORE/I_REG_FILE_REG_FILE_C_RAM/O2[7]    25.00    51.89   -26.89 (VIOLATED)

   I_RISC_CORE/I_REG_FILE_data_out_C[13]    25.00    51.86   -26.86 (VIOLATED) 
     PIN : I_RISC_CORE/I_REG_FILE_REG_FILE_C_RAM/O2[13]    25.00    51.86   -26.86 (VIOLATED)

   I_SDRAM_TOP/I_SDRAM_IF/HFSNET_874    82.00   108.73      -26.73  (VIOLATED) 
     PIN : I_SDRAM_TOP/I_SDRAM_IF/HFSINV_86540_916/Y    82.00   108.73   -26.73 (VIOLATED)

   I_RISC_CORE/I_REG_FILE_data_out_C[9]    25.00    51.66   -26.66  (VIOLATED) 
     PIN : I_RISC_CORE/I_REG_FILE_REG_FILE_C_RAM/O2[9]    25.00    51.66   -26.66 (VIOLATED)

   I_RISC_CORE/I_REG_FILE_data_out_C[5]    25.00    51.08   -26.08  (VIOLATED) 
     PIN : I_RISC_CORE/I_REG_FILE_REG_FILE_C_RAM/O2[5]    25.00    51.08   -26.08 (VIOLATED)

   I_RISC_CORE/I_REG_FILE_data_out_C[0]    25.00    50.79   -25.79  (VIOLATED) 
     PIN : I_RISC_CORE/I_REG_FILE_REG_FILE_C_RAM/O2[0]    25.00    50.79   -25.79 (VIOLATED)

   I_RISC_CORE/I_REG_FILE_data_out_C[12]    25.00    50.40   -25.40 (VIOLATED) 
     PIN : I_RISC_CORE/I_REG_FILE_REG_FILE_C_RAM/O2[12]    25.00    50.40   -25.40 (VIOLATED)

   I_RISC_CORE/I_REG_FILE_data_out_C[14]    25.00    50.16   -25.16 (VIOLATED) 
     PIN : I_RISC_CORE/I_REG_FILE_REG_FILE_C_RAM/O2[14]    25.00    50.16   -25.16 (VIOLATED)

   I_RISC_CORE/I_REG_FILE_data_out_C[6]    25.00    50.06   -25.06  (VIOLATED) 
     PIN : I_RISC_CORE/I_REG_FILE_REG_FILE_C_RAM/O2[6]    25.00    50.06   -25.06 (VIOLATED)

   I_RISC_CORE/I_REG_FILE_data_out_C[4]    25.00    50.03   -25.03  (VIOLATED) 
     PIN : I_RISC_CORE/I_REG_FILE_REG_FILE_C_RAM/O2[4]    25.00    50.03   -25.03 (VIOLATED)

   I_RISC_CORE/I_REG_FILE_data_out_C[10]    25.00    49.48   -24.48 (VIOLATED) 
     PIN : I_RISC_CORE/I_REG_FILE_REG_FILE_C_RAM/O2[10]    25.00    49.48   -24.48 (VIOLATED)

   I_RISC_CORE/I_REG_FILE_data_out_C[15]    25.00    49.47   -24.47 (VIOLATED) 
     PIN : I_RISC_CORE/I_REG_FILE_REG_FILE_C_RAM/O2[15]    25.00    49.47   -24.47 (VIOLATED)

   I_RISC_CORE/I_REG_FILE_data_out_C[11]    25.00    49.14   -24.14 (VIOLATED) 
     PIN : I_RISC_CORE/I_REG_FILE_REG_FILE_C_RAM/O2[11]    25.00    49.14   -24.14 (VIOLATED)

   I_RISC_CORE/I_REG_FILE_data_out_C[8]    25.00    48.90   -23.90  (VIOLATED) 
     PIN : I_RISC_CORE/I_REG_FILE_REG_FILE_C_RAM/O2[8]    25.00    48.90   -23.90 (VIOLATED)

   I_RISC_CORE/I_REG_FILE_data_out_C[1]    25.00    48.87   -23.87  (VIOLATED) 
     PIN : I_RISC_CORE/I_REG_FILE_REG_FILE_C_RAM/O2[1]    25.00    48.87   -23.87 (VIOLATED)

   n509                        82.00         104.62         -22.62  (VIOLATED) 
     PIN : I_RISC_CORE/HFSBUF_254_432/Y    82.00   104.62   -22.62  (VIOLATED) 

   pad_out[16]                 82.00         104.32         -22.32  (VIOLATED) 
     PIN : HFSBUF_63_104/Y     82.00         104.32         -22.32  (VIOLATED) 

   pad_out[2]                  82.00         104.13         -22.13  (VIOLATED) 
     PIN : HFSBUF_76_99/Y      82.00         104.13         -22.13  (VIOLATED) 

   I_RISC_CORE/I_REG_FILE_data_out_C[3]    25.00    47.10   -22.10  (VIOLATED) 
     PIN : I_RISC_CORE/I_REG_FILE_REG_FILE_C_RAM/O2[3]    25.00    47.10   -22.10 (VIOLATED)

   n495                        82.00         103.97         -21.97  (VIOLATED) 
     PIN : I_RISC_CORE/ZBUF_inst_23203/Y    82.00   103.97   -21.97 (VIOLATED) 

   I_SDRAM_TOP/I_SDRAM_IF/HFSNET_1109    82.00   103.86     -21.86  (VIOLATED) 
     PIN : I_SDRAM_TOP/I_SDRAM_IF/HFSINV_64498_1151/Y    82.00   103.86   -21.86 (VIOLATED)

   n494                        82.00         103.80         -21.80  (VIOLATED) 
     PIN : I_RISC_CORE/ZBUF_inst_23782/Y    82.00   103.80   -21.80 (VIOLATED) 

   pad_out[26]                 82.00         103.68         -21.68  (VIOLATED) 
     PIN : HFSBUF_83_109/Y     82.00         103.68         -21.68  (VIOLATED) 

   I_SDRAM_TOP/I_SDRAM_IF/ZBUF_1042    82.00   103.47       -21.47  (VIOLATED) 
     PIN : I_SDRAM_TOP/I_SDRAM_IF/ZBUF_inst_23924/Y    82.00   103.47   -21.47 (VIOLATED)

   n510                        82.00         103.43         -21.43  (VIOLATED) 
     PIN : I_RISC_CORE/HFSBUF_241_321/Y    82.00   103.43   -21.43  (VIOLATED) 

   I_RISC_CORE/ZBUF_938        82.00         103.25         -21.25  (VIOLATED) 
     PIN : I_RISC_CORE/ZBUF_inst_23775/Y    82.00   103.25   -21.25 (VIOLATED) 

   pad_out[13]                 82.00         103.16         -21.16  (VIOLATED) 
     PIN : HFSBUF_65_108/Y     82.00         103.16         -21.16  (VIOLATED) 

   pad_out[3]                  82.00         103.12         -21.12  (VIOLATED) 
     PIN : HFSBUF_51_98/Y      82.00         103.12         -21.12  (VIOLATED) 

   sd_DQ_out[30]                8.00          28.89         -20.89  (VIOLATED) 
     PIN : I_SDRAM_TOP/I_SDRAM_IF/U13009/Y     8.00    28.89   -20.89 (VIOLATED)

   pad_out[14]                 82.00         102.79         -20.79  (VIOLATED) 
     PIN : ZBUF_inst_24619/Y    82.00        102.79         -20.79  (VIOLATED) 

   pad_out[0]                  82.00         102.78         -20.78  (VIOLATED) 
     PIN : ZBUF_inst_24608/Y    82.00        102.78         -20.78  (VIOLATED) 

   pad_out[8]                  82.00         102.61         -20.61  (VIOLATED) 
     PIN : ZBUF_inst_24607/Y    82.00        102.61         -20.61  (VIOLATED) 

   pad_out[12]                 82.00         102.38         -20.38  (VIOLATED) 
     PIN : ZBUF_inst_24621/Y    82.00        102.38         -20.38  (VIOLATED) 

   pad_out[4]                  82.00         102.24         -20.24  (VIOLATED) 
     PIN : ZBUF_inst_24974/Y    82.00        102.24         -20.24  (VIOLATED) 

   pad_out[6]                  82.00         102.02         -20.02  (VIOLATED) 
     PIN : ZBUF_inst_24618/Y    82.00        102.02         -20.02  (VIOLATED) 

   pad_out[10]                 82.00         101.93         -19.93  (VIOLATED) 
     PIN : ZBUF_inst_24988/Y    82.00        101.93         -19.93  (VIOLATED) 

   pad_out[30]                 82.00         101.69         -19.69  (VIOLATED) 
     PIN : ZBUF_inst_24995/Y    82.00        101.69         -19.69  (VIOLATED) 

   n496                        82.00         101.02         -19.02  (VIOLATED) 
     PIN : I_RISC_CORE/ZBUF_inst_24992/Y    82.00   101.02   -19.02 (VIOLATED) 

   n493                        82.00         100.99         -18.99  (VIOLATED) 
     PIN : I_RISC_CORE/ZBUF_inst_23256/Y    82.00   100.99   -18.99 (VIOLATED) 

   sd_DQ_out[29]               16.00          34.92         -18.92  (VIOLATED) 
     PIN : I_SDRAM_TOP/I_SDRAM_IF/U13010/Y    16.00    34.92   -18.92 (VIOLATED)

   sd_DQ_out[5]                16.00          34.77         -18.77  (VIOLATED) 
     PIN : I_SDRAM_TOP/I_SDRAM_IF/U13034/Y    16.00    34.77   -18.77 (VIOLATED)

   sd_DQ_out[17]               16.00          34.73         -18.73  (VIOLATED) 
     PIN : I_SDRAM_TOP/I_SDRAM_IF/U13022/Y    16.00    34.73   -18.73 (VIOLATED)

   sd_DQ_out[13]               16.00          34.61         -18.61  (VIOLATED) 
     PIN : I_SDRAM_TOP/I_SDRAM_IF/U13026/Y    16.00    34.61   -18.61 (VIOLATED)

   sd_DQ_out[1]                16.00          34.61         -18.61  (VIOLATED) 
     PIN : I_SDRAM_TOP/I_SDRAM_IF/U13038/Y    16.00    34.61   -18.61 (VIOLATED)

   n497                        82.00         100.19         -18.19  (VIOLATED) 
     PIN : I_RISC_CORE/ZBUF_inst_23783/Y    82.00   100.19   -18.19 (VIOLATED) 

   sd_DQ_out[9]                16.00          34.00         -18.00  (VIOLATED) 
     PIN : I_SDRAM_TOP/I_SDRAM_IF/U13030/Y    16.00    34.00   -18.00 (VIOLATED)

   n513                        82.00          99.99         -17.99  (VIOLATED) 
     PIN : I_RISC_CORE/ZBUF_inst_24961/Y    82.00    99.99   -17.99 (VIOLATED) 

   sd_DQ_out[23]               16.00          33.65         -17.65  (VIOLATED) 
     PIN : I_SDRAM_TOP/I_SDRAM_IF/U13016/Y    16.00    33.65   -17.65 (VIOLATED)

   I_RISC_CORE/HFSNET_95       82.00          99.47         -17.47  (VIOLATED) 
     PIN : I_RISC_CORE/HFSBUF_13_67/Y    82.00    99.47     -17.47  (VIOLATED) 

   sd_DQ_out[3]                16.00          33.38         -17.38  (VIOLATED) 
     PIN : I_SDRAM_TOP/I_SDRAM_IF/U13036/Y    16.00    33.38   -17.38 (VIOLATED)

   sd_DQ_out[21]               16.00          33.35         -17.35  (VIOLATED) 
     PIN : I_SDRAM_TOP/I_SDRAM_IF/U13018/Y    16.00    33.35   -17.35 (VIOLATED)

   sd_DQ_out[25]               16.00          33.24         -17.24  (VIOLATED) 
     PIN : I_SDRAM_TOP/I_SDRAM_IF/U13014/Y    16.00    33.24   -17.24 (VIOLATED)

   n511                        82.00          99.23         -17.23  (VIOLATED) 
     PIN : I_RISC_CORE/HFSBUF_256_261/Y    82.00    99.23   -17.23  (VIOLATED) 

   I_SDRAM_TOP/I_SDRAM_IF/HFSNET_1011    82.00    99.14     -17.14  (VIOLATED) 
     PIN : I_SDRAM_TOP/I_SDRAM_IF/HFSBUF_51133_1053/Y    82.00    99.14   -17.14 (VIOLATED)

   sd_DQ_out[31]               16.00          32.96         -16.96  (VIOLATED) 
     PIN : I_SDRAM_TOP/I_SDRAM_IF/U13008/Y    16.00    32.96   -16.96 (VIOLATED)

   sd_DQ_out[7]                16.00          32.96         -16.96  (VIOLATED) 
     PIN : I_SDRAM_TOP/I_SDRAM_IF/U13032/Y    16.00    32.96   -16.96 (VIOLATED)

   I_RISC_CORE/ZBUF_591        82.00          98.79         -16.79  (VIOLATED) 
     PIN : I_RISC_CORE/ZBUF_inst_23230/Y    82.00    98.79   -16.79 (VIOLATED) 

   sd_DQ_out[19]               16.00          32.71         -16.71  (VIOLATED) 
     PIN : I_SDRAM_TOP/I_SDRAM_IF/U13020/Y    16.00    32.71   -16.71 (VIOLATED)

   sd_DQ_out[27]               16.00          32.13         -16.13  (VIOLATED) 
     PIN : I_SDRAM_TOP/I_SDRAM_IF/U13012/Y    16.00    32.13   -16.13 (VIOLATED)

   sd_DQ_out[11]               16.00          32.09         -16.09  (VIOLATED) 
     PIN : I_SDRAM_TOP/I_SDRAM_IF/U13028/Y    16.00    32.09   -16.09 (VIOLATED)

   sd_DQ_out[15]               16.00          31.90         -15.90  (VIOLATED) 
     PIN : I_SDRAM_TOP/I_SDRAM_IF/U13024/Y    16.00    31.90   -15.90 (VIOLATED)

   I_RISC_CORE/ZBUF_648        82.00          97.51         -15.51  (VIOLATED) 
     PIN : I_RISC_CORE/ZBUF_inst_23319/Y    82.00    97.51   -15.51 (VIOLATED) 

   n512                        82.00          97.45         -15.45  (VIOLATED) 
     PIN : I_RISC_CORE/HFSBUF_63_324/Y    82.00    97.45    -15.45  (VIOLATED) 

   I_RISC_CORE/ZBUF_828        82.00          97.31         -15.31  (VIOLATED) 
     PIN : I_RISC_CORE/ZBUF_inst_23621/Y    82.00    97.31   -15.31 (VIOLATED) 

   sd_DQ_out[0]                16.00          31.14         -15.14  (VIOLATED) 
     PIN : I_SDRAM_TOP/I_SDRAM_IF/U13039/Y    16.00    31.14   -15.14 (VIOLATED)

   sd_DQ_out[28]               16.00          30.74         -14.74  (VIOLATED) 
     PIN : I_SDRAM_TOP/I_SDRAM_IF/U13011/Y    16.00    30.74   -14.74 (VIOLATED)

   I_RISC_CORE/HFSNET_92       82.00          96.65         -14.65  (VIOLATED) 
     PIN : I_RISC_CORE/HFSBUF_13_64/Y    82.00    96.65     -14.65  (VIOLATED) 

   sd_DQ_out[20]               16.00          30.39         -14.39  (VIOLATED) 
     PIN : I_SDRAM_TOP/I_SDRAM_IF/U13019/Y    16.00    30.39   -14.39 (VIOLATED)

   sd_DQ_out[8]                16.00          30.32         -14.32  (VIOLATED) 
     PIN : I_SDRAM_TOP/I_SDRAM_IF/U13031/Y    16.00    30.32   -14.32 (VIOLATED)

   I_RISC_CORE/ZBUF_939        82.00          96.15         -14.15  (VIOLATED) 
     PIN : I_RISC_CORE/ZBUF_inst_23776/Y    82.00    96.15   -14.15 (VIOLATED) 

   sd_DQ_out[24]               16.00          30.15         -14.15  (VIOLATED) 
     PIN : I_SDRAM_TOP/I_SDRAM_IF/U13015/Y    16.00    30.15   -14.15 (VIOLATED)

   sd_DQ_out[16]               16.00          30.02         -14.02  (VIOLATED) 
     PIN : I_SDRAM_TOP/I_SDRAM_IF/U13023/Y    16.00    30.02   -14.02 (VIOLATED)

   I_CONTEXT_MEM/ZBUF_915      82.00          95.82         -13.82  (VIOLATED) 
     PIN : I_CONTEXT_MEM/ZBUF_inst_23741/Y    82.00    95.82   -13.82 (VIOLATED)

   I_RISC_CORE/HFSNET_120      82.00          95.46         -13.46  (VIOLATED) 
     PIN : I_RISC_CORE/HFSBUF_6_92/Y    82.00    95.46      -13.46  (VIOLATED) 

   I_SDRAM_TOP/I_SDRAM_IF/HFSNET_1147    82.00    95.43     -13.43  (VIOLATED) 
     PIN : I_SDRAM_TOP/I_SDRAM_IF/HFSINV_79793_1189/Y    82.00    95.43   -13.43 (VIOLATED)

   sd_DQ_out[12]               16.00          29.42         -13.42  (VIOLATED) 
     PIN : I_SDRAM_TOP/I_SDRAM_IF/U13027/Y    16.00    29.42   -13.42 (VIOLATED)

   sd_DQ_out[4]                16.00          29.42         -13.42  (VIOLATED) 
     PIN : I_SDRAM_TOP/I_SDRAM_IF/U13035/Y    16.00    29.42   -13.42 (VIOLATED)

   sd_DQ_out[10]               16.00          29.42         -13.42  (VIOLATED) 
     PIN : I_SDRAM_TOP/I_SDRAM_IF/U13029/Y    16.00    29.42   -13.42 (VIOLATED)

   sd_DQ_out[26]               16.00          29.42         -13.42  (VIOLATED) 
     PIN : I_SDRAM_TOP/I_SDRAM_IF/U13013/Y    16.00    29.42   -13.42 (VIOLATED)

   sd_DQ_out[2]                16.00          29.30         -13.30  (VIOLATED) 
     PIN : I_SDRAM_TOP/I_SDRAM_IF/U13037/Y    16.00    29.30   -13.30 (VIOLATED)

   HFSNET_698                  82.00          95.18         -13.18  (VIOLATED) 
     PIN : HFSBUF_28398_733/Y    82.00        95.18         -13.18  (VIOLATED) 

   I_RISC_CORE/HFSNET_94       82.00          94.94         -12.94  (VIOLATED) 
     PIN : I_RISC_CORE/HFSBUF_13_66/Y    82.00    94.94     -12.94  (VIOLATED) 

   sd_DQ_out[14]               16.00          28.88         -12.88  (VIOLATED) 
     PIN : I_SDRAM_TOP/I_SDRAM_IF/U13025/Y    16.00    28.88   -12.88 (VIOLATED)

   sd_DQ_out[6]                16.00          28.60         -12.60  (VIOLATED) 
     PIN : I_SDRAM_TOP/I_SDRAM_IF/U13033/Y    16.00    28.60   -12.60 (VIOLATED)

   sd_DQ_out[18]               16.00          28.13         -12.13  (VIOLATED) 
     PIN : I_SDRAM_TOP/I_SDRAM_IF/U13021/Y    16.00    28.13   -12.13 (VIOLATED)

   sd_DQ_out[22]               16.00          27.94         -11.94  (VIOLATED) 
     PIN : I_SDRAM_TOP/I_SDRAM_IF/U13017/Y    16.00    27.94   -11.94 (VIOLATED)

   I_RISC_CORE/ZBUF_940        82.00          92.98         -10.98  (VIOLATED) 
     PIN : I_RISC_CORE/ZBUF_inst_23777/Y    82.00    92.98   -10.98 (VIOLATED) 

   I_RISC_CORE/HFSNET_118      82.00          92.83         -10.83  (VIOLATED) 
     PIN : I_RISC_CORE/HFSBUF_13_90/Y    82.00    92.83     -10.83  (VIOLATED) 

   n508                        82.00          92.59         -10.59  (VIOLATED) 
     PIN : I_RISC_CORE/HFSBUF_228_323/Y    82.00    92.59   -10.59  (VIOLATED) 

   I_RISC_CORE/ZBUF_669        82.00          92.03         -10.03  (VIOLATED) 
     PIN : I_RISC_CORE/ZBUF_inst_23354/Y    82.00    92.03   -10.03 (VIOLATED) 

   n492                        82.00          91.73          -9.73  (VIOLATED) 
     PIN : I_RISC_CORE/HFSINV_75_fp_1728/Y    82.00    91.73    -9.73 (VIOLATED)

   I_RISC_CORE/HFSNET_98       82.00          91.39          -9.39  (VIOLATED) 
     PIN : I_RISC_CORE/HFSBUF_20_70/Y    82.00    91.39      -9.39  (VIOLATED) 

   I_RISC_CORE/Oprnd_B[5]      16.00          25.16          -9.16  (VIOLATED) 
     PIN : I_RISC_CORE/I_DATA_PATH_Oprnd_B_reg_5_/Q    16.00    25.16    -9.16 (VIOLATED)

   I_RISC_CORE/ZBUF_670        82.00          90.51          -8.51  (VIOLATED) 
     PIN : I_RISC_CORE/ZBUF_inst_23356/Y    82.00    90.51    -8.51 (VIOLATED) 

   I_RISC_CORE/HFSNET_100      82.00          89.99          -7.99  (VIOLATED) 
     PIN : I_RISC_CORE/HFSBUF_20_72/Y    82.00    89.99      -7.99  (VIOLATED) 

   I_RISC_CORE/Oprnd_A[14]     16.00          23.78          -7.78  (VIOLATED) 
     PIN : I_RISC_CORE/I_DATA_PATH_Oprnd_A_reg_14_/Q    16.00    23.78    -7.78 (VIOLATED)

   I_RISC_CORE/Oprnd_B_2       16.00          23.70          -7.70  (VIOLATED) 
     PIN : I_RISC_CORE/I_DATA_PATH_Oprnd_B_reg_2_/Q    16.00    23.70    -7.70 (VIOLATED)

   I_SDRAM_TOP/net_sdram_if_rDQ[9]    16.00    23.58         -7.58  (VIOLATED) 
     PIN : I_SDRAM_TOP/I_SDRAM_IF/DQ_in_0_reg_9_/Q    16.00    23.58    -7.58 (VIOLATED)

   I_RISC_CORE/HFSNET_103      82.00          89.11          -7.11  (VIOLATED) 
     PIN : I_RISC_CORE/HFSBUF_20_75/Y    82.00    89.11      -7.11  (VIOLATED) 

   I_RISC_CORE/HFSNET_96       82.00          89.04          -7.04  (VIOLATED) 
     PIN : I_RISC_CORE/HFSBUF_20_68/Y    82.00    89.04      -7.04  (VIOLATED) 

   I_RISC_CORE/Oprnd_A[2]      16.00          22.93          -6.93  (VIOLATED) 
     PIN : I_RISC_CORE/I_DATA_PATH_Oprnd_A_reg_2_/Q    16.00    22.93    -6.93 (VIOLATED)

   I_RISC_CORE/HFSNET_105      82.00          88.48          -6.48  (VIOLATED) 
     PIN : I_RISC_CORE/HFSBUF_20_77/Y    82.00    88.48      -6.48  (VIOLATED) 

   I_RISC_CORE/HFSNET_99       82.00          88.32          -6.32  (VIOLATED) 
     PIN : I_RISC_CORE/HFSBUF_20_71/Y    82.00    88.32      -6.32  (VIOLATED) 

   I_RISC_CORE/HFSNET_110      82.00          88.23          -6.23  (VIOLATED) 
     PIN : I_RISC_CORE/HFSBUF_20_82/Y    82.00    88.23      -6.23  (VIOLATED) 

   I_SDRAM_TOP/I_SDRAM_IF/mega_shift_0_40__19_    16.00    21.98    -5.98 (VIOLATED)
     PIN : I_SDRAM_TOP/I_SDRAM_IF/mega_shift_0_reg_40__19_/Q    16.00    21.98    -5.98 (VIOLATED)

   I_RISC_CORE/Op_Result[2]    16.00          21.98          -5.98  (VIOLATED) 
     PIN : I_RISC_CORE/I_ALU_Lachd_Result_reg_2_/Q    16.00    21.98    -5.98 (VIOLATED)

   I_RISC_CORE/HFSNET_109      82.00          87.54          -5.54  (VIOLATED) 
     PIN : I_RISC_CORE/HFSBUF_20_81/Y    82.00    87.54      -5.54  (VIOLATED) 

   I_RISC_CORE/HFSNET_106      82.00          87.16          -5.16  (VIOLATED) 
     PIN : I_RISC_CORE/HFSBUF_20_78/Y    82.00    87.16      -5.16  (VIOLATED) 

   I_BLENDER_1/s3_op1_11       16.00          21.11          -5.11  (VIOLATED) 
     PIN : I_BLENDER_1/s3_op1_reg_11_/Q    16.00    21.11    -5.11  (VIOLATED) 

   I_RISC_CORE/Oprnd_B[6]      16.00          21.09          -5.09  (VIOLATED) 
     PIN : I_RISC_CORE/I_DATA_PATH_Oprnd_B_reg_6_/Q    16.00    21.09    -5.09 (VIOLATED)

   I_RISC_CORE/Oprnd_B[9]      16.00          20.98          -4.98  (VIOLATED) 
     PIN : I_RISC_CORE/I_DATA_PATH_Oprnd_B_reg_9_/Q    16.00    20.98    -4.98 (VIOLATED)

   I_CONTEXT_MEM/n205           8.00          12.33          -4.33  (VIOLATED) 
     PIN : I_CONTEXT_MEM/U360/Y     8.00      12.33          -4.33  (VIOLATED) 

   I_BLENDER_0/n5015           16.00          20.25          -4.25  (VIOLATED) 
     PIN : I_BLENDER_0/U3784/Y    16.00       20.25          -4.25  (VIOLATED) 

   I_RISC_CORE/Oprnd_A[11]     16.00          20.20          -4.20  (VIOLATED) 
     PIN : I_RISC_CORE/I_DATA_PATH_Oprnd_A_reg_11_/Q    16.00    20.20    -4.20 (VIOLATED)

   I_RISC_CORE/Op_Result[6]    16.00          20.05          -4.05  (VIOLATED) 
     PIN : I_RISC_CORE/I_ALU_Lachd_Result_reg_6_/Q    16.00    20.05    -4.05 (VIOLATED)

   I_RISC_CORE/Op_Result[1]    16.00          19.72          -3.72  (VIOLATED) 
     PIN : I_RISC_CORE/I_ALU_Lachd_Result_reg_1_/Q    16.00    19.72    -3.72 (VIOLATED)

   I_PCI_TOP/n1220             16.00          19.53          -3.53  (VIOLATED) 
     PIN : I_PCI_TOP/I_PCI_CORE_mega_shift_reg_9__3_/Q    16.00    19.53    -3.53 (VIOLATED)

   I_RISC_CORE/HFSNET_428       8.00          11.31          -3.31  (VIOLATED) 
     PIN : I_RISC_CORE/HFSINV_549_429/Y     8.00    11.31    -3.31  (VIOLATED) 

   I_RISC_CORE/n1258           16.00          18.76          -2.76  (VIOLATED) 
     PIN : I_RISC_CORE/I_DATA_PATH_Oprnd_B_reg_10_/QN    16.00    18.76    -2.76 (VIOLATED)

   I_BLENDER_1/n3835           16.00          18.76          -2.76  (VIOLATED) 
     PIN : I_BLENDER_1/U2633/Y    16.00       18.76          -2.76  (VIOLATED) 

   I_SDRAM_TOP/I_SDRAM_IF/mega_shift_0_40__8_    16.00    18.71    -2.71 (VIOLATED)
     PIN : I_SDRAM_TOP/I_SDRAM_IF/mega_shift_0_reg_40__8_/Q    16.00    18.71    -2.71 (VIOLATED)

   I_RISC_CORE/Op_Result[3]    16.00          18.68          -2.68  (VIOLATED) 
     PIN : I_RISC_CORE/I_ALU_Lachd_Result_reg_3_/Q    16.00    18.68    -2.68 (VIOLATED)

   I_RISC_CORE/HFSNET_101      82.00          84.65          -2.65  (VIOLATED) 
     PIN : I_RISC_CORE/HFSBUF_20_73/Y    82.00    84.65      -2.65  (VIOLATED) 

   I_RISC_CORE/Oprnd_B_0       16.00          18.51          -2.51  (VIOLATED) 
     PIN : I_RISC_CORE/I_DATA_PATH_Oprnd_B_reg_0_/Q    16.00    18.51    -2.51 (VIOLATED)

   I_SDRAM_TOP/I_SDRAM_IF/HFSNET_596    82.00    84.31       -2.31  (VIOLATED) 
     PIN : I_SDRAM_TOP/I_SDRAM_IF/HFSINV_4377_612/Y    82.00    84.31    -2.31 (VIOLATED)

   I_BLENDER_0/n5026           16.00          17.64          -1.64  (VIOLATED) 
     PIN : I_BLENDER_0/U3898/Y    16.00       17.64          -1.64  (VIOLATED) 

   I_RISC_CORE/HFSNET_102      82.00          83.56          -1.56  (VIOLATED) 
     PIN : I_RISC_CORE/HFSBUF_20_74/Y    82.00    83.56      -1.56  (VIOLATED) 

   n451                         8.00           9.48          -1.48  (VIOLATED) 
     PIN : I_RISC_CORE/U471/Y     8.00         9.48          -1.48  (VIOLATED) 

   I_RISC_CORE/HFSNET_104      82.00          83.46          -1.46  (VIOLATED) 
     PIN : I_RISC_CORE/HFSBUF_20_76/Y    82.00    83.46      -1.46  (VIOLATED) 

   I_RISC_CORE/HFSNET_111      82.00          83.41          -1.41  (VIOLATED) 
     PIN : I_RISC_CORE/HFSBUF_20_83/Y    82.00    83.41      -1.41  (VIOLATED) 

   I_RISC_CORE/UseData_Imm_Or_RegB     8.00     9.22         -1.22  (VIOLATED) 
     PIN : I_RISC_CORE/I_CONTROL_UseData_Imm_Or_RegB_reg/Q     8.00     9.22    -1.22 (VIOLATED)

   I_BLENDER_1/n2248           16.00          17.17          -1.17  (VIOLATED) 
     PIN : I_BLENDER_1/U6258/Y    16.00       17.17          -1.17  (VIOLATED) 

   I_BLENDER_0/s2_op1_12       16.00          16.85          -0.85  (VIOLATED) 
     PIN : I_BLENDER_0/s2_op1_reg_12_/Q    16.00    16.85    -0.85  (VIOLATED) 

   I_RISC_CORE/Return_Addr[1]     8.00         8.82          -0.82  (VIOLATED) 
     PIN : I_RISC_CORE/I_STACK_TOP_I1_STACK_MEM_PopDataOut_reg_1_/Q     8.00     8.82    -0.82 (VIOLATED)

   I_SDRAM_TOP/I_SDRAM_IF/mega_shift_0_20__18_     8.00     8.74    -0.74 (VIOLATED)
     PIN : I_SDRAM_TOP/I_SDRAM_IF/mega_shift_0_reg_20__18_/Q     8.00     8.74    -0.74 (VIOLATED)

   I_SDRAM_TOP/I_SDRAM_IF/mega_shift_0_1__19_     8.00     8.73    -0.73 (VIOLATED)
     PIN : I_SDRAM_TOP/I_SDRAM_IF/mega_shift_0_reg_1__19_/Q     8.00     8.73    -0.73 (VIOLATED)

   net_parser_sd_wfifo_push    16.00          16.66          -0.66  (VIOLATED) 
     PIN : I_PARSER/out_bus_reg_15_/Q    16.00    16.66      -0.66  (VIOLATED) 

   n479                        16.00          16.64          -0.64  (VIOLATED) 
     PIN : I_RISC_CORE/I_PRGRM_CNT_TOP_I_PRGRM_CNT_PCint_reg_2_/Q    16.00    16.64    -0.64 (VIOLATED)

   I_SDRAM_TOP/I_SDRAM_IF/mega_shift_1_667     8.00     8.61    -0.61 (VIOLATED)
     PIN : I_SDRAM_TOP/I_SDRAM_IF/mega_shift_1_reg_16__19_/Q     8.00     8.61    -0.61 (VIOLATED)

   I_PCI_TOP/HFSNET_289        64.00          64.58          -0.58  (VIOLATED) 
     PIN : I_PCI_TOP/HFSBUF_2551_277/Y    64.00    64.58     -0.58  (VIOLATED) 

   I_SDRAM_TOP/I_SDRAM_IF/mega_shift_0_8__26_     8.00     8.55    -0.55 (VIOLATED)
     PIN : I_SDRAM_TOP/I_SDRAM_IF/mega_shift_0_reg_8__26_/Q     8.00     8.55    -0.55 (VIOLATED)

   I_SDRAM_TOP/I_SDRAM_IF/mega_shift_0_3__20_     8.00     8.53    -0.53 (VIOLATED)
     PIN : I_SDRAM_TOP/I_SDRAM_IF/mega_shift_0_reg_3__20_/Q     8.00     8.53    -0.53 (VIOLATED)

   I_BLENDER_0/n5188            8.00           8.43          -0.43  (VIOLATED) 
     PIN : I_BLENDER_0/R_737/Q     8.00        8.43          -0.43  (VIOLATED) 

   I_RISC_CORE/ZINV_1125       16.00          16.42          -0.42  (VIOLATED) 
     PIN : I_RISC_CORE/ZINV_inst_24053/Y    16.00    16.42    -0.42 (VIOLATED) 

   I_PCI_TOP/mult_x_30_n813     8.00           8.41          -0.41  (VIOLATED) 
     PIN : I_PCI_TOP/I_PCI_CORE_mega_shift_reg_8__30_/QN     8.00     8.41    -0.41 (VIOLATED)

   I_SDRAM_TOP/I_SDRAM_IF/mega_shift_0_26__25_     8.00     8.40    -0.40 (VIOLATED)
     PIN : I_SDRAM_TOP/I_SDRAM_IF/mega_shift_0_reg_26__25_/Q     8.00     8.40    -0.40 (VIOLATED)

   I_BLENDER_0/mega_shift_0__10_     8.00      8.39          -0.39  (VIOLATED) 
     PIN : I_BLENDER_0/mega_shift_reg_0__10_/Q     8.00     8.39    -0.39 (VIOLATED)

   I_RISC_CORE/n121            32.00          32.37          -0.37  (VIOLATED) 
     PIN : I_RISC_CORE/U400/Y    32.00        32.37          -0.37  (VIOLATED) 

   I_SDRAM_TOP/I_SDRAM_IF/mega_shift_1_530     8.00     8.34    -0.34 (VIOLATED)
     PIN : I_SDRAM_TOP/I_SDRAM_IF/mega_shift_1_reg_21__29_/Q     8.00     8.34    -0.34 (VIOLATED)

   I_SDRAM_TOP/I_SDRAM_IF/n17426     8.00      8.30          -0.30  (VIOLATED) 
     PIN : I_SDRAM_TOP/I_SDRAM_IF/mega_shift_1_reg_23__14_/Q     8.00     8.30    -0.30 (VIOLATED)

   I_PCI_TOP/mult_x_23_n824    16.00          16.29          -0.29  (VIOLATED) 
     PIN : I_PCI_TOP/I_PCI_CORE_mega_shift_reg_1__19_/QN    16.00    16.29    -0.29 (VIOLATED)

   I_BLENDER_0/n3447            8.00           8.29          -0.29  (VIOLATED) 
     PIN : I_BLENDER_0/U39/Y     8.00          8.29          -0.29  (VIOLATED) 

   I_RISC_CORE/n1267           16.00          16.28          -0.28  (VIOLATED) 
     PIN : I_RISC_CORE/I_DATA_PATH_Oprnd_B_reg_0_/QN    16.00    16.28    -0.28 (VIOLATED)

   I_SDRAM_TOP/I_SDRAM_IF/mega_shift_1_948     8.00     8.27    -0.27 (VIOLATED)
     PIN : I_SDRAM_TOP/I_SDRAM_IF/mega_shift_1_reg_6__23_/Q     8.00     8.27    -0.27 (VIOLATED)

   I_SDRAM_TOP/I_SDRAM_IF/ZBUF_1187    82.00    82.26        -0.26  (VIOLATED) 
     PIN : I_SDRAM_TOP/I_SDRAM_IF/ZBUF_inst_24151/Y    82.00    82.26    -0.26 (VIOLATED)

   HFSNET_614                  82.00          82.26          -0.26  (VIOLATED) 
     PIN : HFSBUF_6041_634/Y    82.00         82.26          -0.26  (VIOLATED) 

   I_SDRAM_TOP/I_SDRAM_IF/mega_shift_1_757     8.00     8.25    -0.25 (VIOLATED)
     PIN : I_SDRAM_TOP/I_SDRAM_IF/mega_shift_1_reg_13__25_/Q     8.00     8.25    -0.25 (VIOLATED)

   I_SDRAM_TOP/I_SDRAM_IF/n17778     8.00      8.21          -0.21  (VIOLATED) 
     PIN : I_SDRAM_TOP/I_SDRAM_IF/mega_shift_0_reg_33__5_/Q     8.00     8.21    -0.21 (VIOLATED)

   I_RISC_CORE/Oprnd_B[8]      16.00          16.21          -0.21  (VIOLATED) 
     PIN : I_RISC_CORE/I_DATA_PATH_Oprnd_B_reg_8_/Q    16.00    16.21    -0.21 (VIOLATED)

   I_SDRAM_TOP/I_SDRAM_IF/mega_shift_1_547     8.00     8.21    -0.21 (VIOLATED)
     PIN : I_SDRAM_TOP/I_SDRAM_IF/mega_shift_1_reg_20__17_/Q     8.00     8.21    -0.21 (VIOLATED)

   I_SDRAM_TOP/I_SDRAM_IF/mega_shift_1_149     8.00     8.20    -0.20 (VIOLATED)
     PIN : I_SDRAM_TOP/I_SDRAM_IF/mega_shift_1_reg_35__20_/Q     8.00     8.20    -0.20 (VIOLATED)

   I_SDRAM_TOP/I_SDRAM_IF/mega_shift_1_811     8.00     8.19    -0.19 (VIOLATED)
     PIN : I_SDRAM_TOP/I_SDRAM_IF/mega_shift_1_reg_11__23_/Q     8.00     8.19    -0.19 (VIOLATED)

   I_PCI_TOP/mult_x_30_n812     8.00           8.18          -0.18  (VIOLATED) 
     PIN : I_PCI_TOP/I_PCI_CORE_mega_shift_reg_8__31_/QN     8.00     8.18    -0.18 (VIOLATED)

   sd_DQ_en[10]                82.00          82.18          -0.18  (VIOLATED) 
     PIN : HFSINV_803_135/Y    82.00          82.18          -0.18  (VIOLATED) 

   I_SDRAM_TOP/I_SDRAM_IF/HFSNET_604    32.00    32.17       -0.17  (VIOLATED) 
     PIN : I_SDRAM_TOP/I_SDRAM_IF/HFSBUF_4700_622/Y    32.00    32.17    -0.17 (VIOLATED)

   I_SDRAM_TOP/I_SDRAM_IF/mega_shift_0_8__10_     8.00     8.16    -0.16 (VIOLATED)
     PIN : I_SDRAM_TOP/I_SDRAM_IF/mega_shift_0_reg_8__10_/Q     8.00     8.16    -0.16 (VIOLATED)

   I_SDRAM_TOP/I_SDRAM_IF/mega_shift_0_14__30_     8.00     8.16    -0.16 (VIOLATED)
     PIN : I_SDRAM_TOP/I_SDRAM_IF/mega_shift_0_reg_14__30_/Q     8.00     8.16    -0.16 (VIOLATED)

   aps_rename_18_               8.00           8.15          -0.15  (VIOLATED) 
     PIN : I_PCI_TOP/I_PCI_CORE_pad_out_buf_reg_0_/Q     8.00     8.15    -0.15 (VIOLATED)

   I_SDRAM_TOP/I_SDRAM_IF/ZBUF_1062    16.00    16.15        -0.15  (VIOLATED) 
     PIN : I_SDRAM_TOP/I_SDRAM_IF/ZBUF_inst_23962/Y    16.00    16.15    -0.15 (VIOLATED)

   I_SDRAM_TOP/n17             32.00          32.14          -0.14  (VIOLATED) 
     PIN : I_SDRAM_TOP/U68/Y    32.00         32.14          -0.14  (VIOLATED) 

   I_RISC_CORE/Oprnd_B[7]      16.00          16.13          -0.13  (VIOLATED) 
     PIN : I_RISC_CORE/I_DATA_PATH_Oprnd_B_reg_7_/Q    16.00    16.13    -0.13 (VIOLATED)

   I_PARSER/n658                8.00           8.13          -0.13  (VIOLATED) 
     PIN : I_PARSER/i_reg_reg_10_/Q     8.00     8.13        -0.13  (VIOLATED) 

   n1136                        8.00           8.13          -0.13  (VIOLATED) 
     PIN : I_BLENDER_0/mega_shift_reg_7__1_/Q     8.00     8.13    -0.13 (VIOLATED)

   I_SDRAM_TOP/I_SDRAM_IF/mega_shift_0_32__5_     8.00     8.13    -0.13 (VIOLATED)
     PIN : I_SDRAM_TOP/I_SDRAM_IF/mega_shift_0_reg_32__5_/Q     8.00     8.13    -0.13 (VIOLATED)

   I_SDRAM_TOP/I_SDRAM_IF/mega_shift_1_7     8.00     8.13    -0.13 (VIOLATED) 
     PIN : I_SDRAM_TOP/I_SDRAM_IF/mega_shift_1_reg_40__8_/Q     8.00     8.13    -0.13 (VIOLATED)

   I_SDRAM_TOP/I_SDRAM_IF/mega_shift_0_25__10_     8.00     8.12    -0.12 (VIOLATED)
     PIN : I_SDRAM_TOP/I_SDRAM_IF/mega_shift_0_reg_25__10_/Q     8.00     8.12    -0.12 (VIOLATED)

   I_SDRAM_TOP/I_SDRAM_IF/mega_shift_0_10__16_     8.00     8.12    -0.12 (VIOLATED)
     PIN : I_SDRAM_TOP/I_SDRAM_IF/mega_shift_0_reg_10__16_/Q     8.00     8.12    -0.12 (VIOLATED)

   I_SDRAM_TOP/I_SDRAM_IF/n16320     8.00      8.11          -0.11  (VIOLATED) 
     PIN : I_SDRAM_TOP/I_SDRAM_IF/mega_shift_1_reg_16__4_/Q     8.00     8.11    -0.11 (VIOLATED)

   I_SDRAM_TOP/I_SDRAM_IF/n1777     8.00       8.11          -0.11  (VIOLATED) 
     PIN : I_SDRAM_TOP/I_SDRAM_IF/mega_shift_0_reg_19__25_/Q     8.00     8.11    -0.11 (VIOLATED)

   I_BLENDER_0/n1807            8.00           8.11          -0.11  (VIOLATED) 
     PIN : I_BLENDER_0/R_505/Q     8.00        8.11          -0.11  (VIOLATED) 

   I_SDRAM_TOP/I_SDRAM_IF/ZBUF_1272    16.00    16.11        -0.11  (VIOLATED) 
     PIN : I_SDRAM_TOP/I_SDRAM_IF/ZBUF_inst_24280/Y    16.00    16.11    -0.11 (VIOLATED)

   I_BLENDER_0/s1_op1[4]        8.00           8.11          -0.11  (VIOLATED) 
     PIN : I_BLENDER_0/s1_op1_reg_4_/Q     8.00     8.11     -0.11  (VIOLATED) 

   I_BLENDER_0/s1_op1[24]       8.00           8.11          -0.11  (VIOLATED) 
     PIN : I_BLENDER_0/s1_op1_reg_24_/Q     8.00     8.11    -0.11  (VIOLATED) 

   I_SDRAM_TOP/I_SDRAM_IF/mega_shift_0_37__7_     8.00     8.10    -0.10 (VIOLATED)
     PIN : I_SDRAM_TOP/I_SDRAM_IF/mega_shift_0_reg_37__7_/Q     8.00     8.10    -0.10 (VIOLATED)

   net_sd_sys_read_data[28]    16.00          16.10          -0.10  (VIOLATED) 
     PIN : I_SDRAM_TOP/sram_fixcell_67/Y    16.00    16.10    -0.10 (VIOLATED) 

   I_BLENDER_0/n1761            8.00           8.09          -0.09  (VIOLATED) 
     PIN : I_BLENDER_0/R_559/Q     8.00        8.09          -0.09  (VIOLATED) 

   aps_rename_13_               8.00           8.09          -0.09  (VIOLATED) 
     PIN : I_PCI_TOP/I_PCI_CORE_pad_out_buf_reg_8_/Q     8.00     8.09    -0.09 (VIOLATED)

   I_RISC_CORE/ZINV_1645        8.00           8.09          -0.09  (VIOLATED) 
     PIN : I_RISC_CORE/ZINV_inst_24932/Y     8.00     8.09    -0.09 (VIOLATED) 

   I_SDRAM_TOP/I_SDRAM_IF/N2362     8.00       8.09          -0.09  (VIOLATED) 
     PIN : I_SDRAM_TOP/I_SDRAM_IF/U12032/Y     8.00     8.09    -0.09 (VIOLATED)

   n844                         8.00           8.09          -0.09  (VIOLATED) 
     PIN : I_BLENDER_0/mega_shift_reg_2__19_/Q     8.00     8.09    -0.09 (VIOLATED)

   I_PARSER/i_reg_4_           16.00          16.09          -0.09  (VIOLATED) 
     PIN : I_PARSER/i_reg_reg_4_/Q    16.00    16.09         -0.09  (VIOLATED) 

   I_BLENDER_1/n5166            8.00           8.08          -0.08  (VIOLATED) 
     PIN : I_BLENDER_1/U5266/Y     8.00        8.08          -0.08  (VIOLATED) 

   I_SDRAM_TOP/I_SDRAM_IF/mega_shift_1_381     8.00     8.08    -0.08 (VIOLATED)
     PIN : I_SDRAM_TOP/I_SDRAM_IF/mega_shift_1_reg_26__8_/Q     8.00     8.08    -0.08 (VIOLATED)

   I_BLENDER_0/s4_op1[17]       8.00           8.08          -0.08  (VIOLATED) 
     PIN : I_BLENDER_0/s4_op1_reg_17_/Q     8.00     8.08    -0.08  (VIOLATED) 

   I_BLENDER_1/mega_shift_3__0_     8.00       8.08          -0.08  (VIOLATED) 
     PIN : I_BLENDER_1/mega_shift_reg_3__0_/Q     8.00     8.08    -0.08 (VIOLATED)

   I_BLENDER_0/n8684           16.00          16.08          -0.08  (VIOLATED) 
     PIN : I_BLENDER_0/s3_op2_reg_14_/Q    16.00    16.08    -0.08  (VIOLATED) 

   I_BLENDER_1/mega_shift_10__21_     8.00     8.08          -0.08  (VIOLATED) 
     PIN : I_BLENDER_1/mega_shift_reg_10__21_/Q     8.00     8.08    -0.08 (VIOLATED)

   I_SDRAM_TOP/I_SDRAM_IF/mega_shift_1_383     8.00     8.08    -0.08 (VIOLATED)
     PIN : I_SDRAM_TOP/I_SDRAM_IF/mega_shift_1_reg_26__10_/Q     8.00     8.08    -0.08 (VIOLATED)

   I_BLENDER_1/n3289            8.00           8.08          -0.08  (VIOLATED) 
     PIN : I_BLENDER_1/U2816/Y     8.00        8.08          -0.08  (VIOLATED) 

   I_BLENDER_1/s1_op1_1_        8.00           8.08          -0.08  (VIOLATED) 
     PIN : I_BLENDER_1/s1_op1_reg_1_/Q     8.00     8.08     -0.08  (VIOLATED) 

   I_SDRAM_TOP/I_SDRAM_IF/mega_shift_0_15__25_     8.00     8.08    -0.08 (VIOLATED)
     PIN : I_SDRAM_TOP/I_SDRAM_IF/mega_shift_0_reg_15__25_/Q     8.00     8.08    -0.08 (VIOLATED)

   I_SDRAM_TOP/I_SDRAM_IF/HFSNET_941    32.00    32.07       -0.07  (VIOLATED) 
     PIN : I_SDRAM_TOP/I_SDRAM_IF/HFSINV_2248_983/Y    32.00    32.07    -0.07 (VIOLATED)

   I_SDRAM_TOP/I_SDRAM_IF/mega_shift_1[1037]     8.00     8.07    -0.07 (VIOLATED)
     PIN : I_SDRAM_TOP/I_SDRAM_IF/mega_shift_1_reg_3__21_/Q     8.00     8.07    -0.07 (VIOLATED)

   ZBUF_641                    82.00          82.06          -0.06  (VIOLATED) 
     PIN : ZBUF_inst_23304/Y    82.00         82.06          -0.06  (VIOLATED) 

   I_BLENDER_1/n1386            8.00           8.06          -0.06  (VIOLATED) 
     PIN : I_BLENDER_1/R_376/Q     8.00        8.06          -0.06  (VIOLATED) 

   I_SDRAM_TOP/I_SDRAM_IF/mega_shift_1_859     8.00     8.06    -0.06 (VIOLATED)
     PIN : I_SDRAM_TOP/I_SDRAM_IF/mega_shift_1_reg_9__23_/Q     8.00     8.06    -0.06 (VIOLATED)

   I_BLENDER_1/n1229            8.00           8.05          -0.05  (VIOLATED) 
     PIN : I_BLENDER_1/R_527/Q     8.00        8.05          -0.05  (VIOLATED) 

   I_RISC_CORE/I_STACK_TOP_I1_STACK_MEM_Stack_Mem_2__0_     8.00     8.05    -0.05 (VIOLATED)
     PIN : I_RISC_CORE/I_STACK_TOP_I1_STACK_MEM_Stack_Mem_reg_2__0_/Q     8.00     8.05    -0.05 (VIOLATED)

   I_BLENDER_0/mega_shift_4__13_     8.00      8.05          -0.05  (VIOLATED) 
     PIN : I_BLENDER_0/mega_shift_reg_4__13_/Q     8.00     8.05    -0.05 (VIOLATED)

   I_BLENDER_1/n1394            8.00           8.05          -0.05  (VIOLATED) 
     PIN : I_BLENDER_1/R_372/Q     8.00        8.05          -0.05  (VIOLATED) 

   I_BLENDER_1/HFSNET_1923     16.00          16.05          -0.05  (VIOLATED) 
     PIN : I_BLENDER_1/HFSINV_469_2061/Y    16.00    16.05    -0.05 (VIOLATED) 

   I_BLENDER_1/n19              8.00           8.05          -0.05  (VIOLATED) 
     PIN : I_BLENDER_1/s1_op1_reg_28_/Q     8.00     8.05    -0.05  (VIOLATED) 

   I_RISC_CORE/HFSNET_1651      8.00           8.05          -0.05  (VIOLATED) 
     PIN : I_RISC_CORE/HFSINV_13_1727/Y     8.00     8.05    -0.05  (VIOLATED) 

   I_BLENDER_1/n9658           16.00          16.05          -0.05  (VIOLATED) 
     PIN : I_BLENDER_1/U6736/Y    16.00       16.05          -0.05  (VIOLATED) 

   I_SDRAM_TOP/I_SDRAM_IF/mega_shift_0_39__4_     8.00     8.05    -0.05 (VIOLATED)
     PIN : I_SDRAM_TOP/I_SDRAM_IF/mega_shift_0_reg_39__4_/Q     8.00     8.05    -0.05 (VIOLATED)

   I_CONTEXT_MEM/HFSNET_334    32.00          32.04          -0.04  (VIOLATED) 
     PIN : I_CONTEXT_MEM/HFSBUF_15_329/Y    32.00    32.04    -0.04 (VIOLATED) 

   I_BLENDER_1/mega_shift_7__24_     8.00      8.04          -0.04  (VIOLATED) 
     PIN : I_BLENDER_1/mega_shift_reg_7__24_/Q     8.00     8.04    -0.04 (VIOLATED)

   I_BLENDER_0/n2954            8.00           8.04          -0.04  (VIOLATED) 
     PIN : I_BLENDER_0/mega_shift_reg_10__19_/Q     8.00     8.04    -0.04 (VIOLATED)

   I_BLENDER_1/n2551           16.00          16.04          -0.04  (VIOLATED) 
     PIN : I_BLENDER_1/U8631/Y    16.00       16.04          -0.04  (VIOLATED) 

   I_SDRAM_TOP/I_SDRAM_IF/mega_shift_0_13__13_     8.00     8.03    -0.03 (VIOLATED)
     PIN : I_SDRAM_TOP/I_SDRAM_IF/mega_shift_0_reg_13__13_/Q     8.00     8.03    -0.03 (VIOLATED)

   I_BLENDER_0/s4_op2[22]       8.00           8.03          -0.03  (VIOLATED) 
     PIN : I_BLENDER_0/s4_op2_reg_22_/Q     8.00     8.03    -0.03  (VIOLATED) 

   net_blender_result_1__13_     8.00          8.03          -0.03  (VIOLATED) 
     PIN : I_BLENDER_1/result_reg_13_/Q     8.00     8.03    -0.03  (VIOLATED) 

   I_RISC_CORE/n[1344]          8.00           8.03          -0.03  (VIOLATED) 
     PIN : I_RISC_CORE/Instrn_16__UPF_LS/Y     8.00     8.03    -0.03 (VIOLATED)

   I_SDRAM_TOP/I_SDRAM_IF/mega_shift_0_14__18_     8.00     8.03    -0.03 (VIOLATED)
     PIN : I_SDRAM_TOP/I_SDRAM_IF/mega_shift_0_reg_14__18_/Q     8.00     8.03    -0.03 (VIOLATED)

   I_BLENDER_0/s4_op2[18]       8.00           8.02          -0.02  (VIOLATED) 
     PIN : I_BLENDER_0/s4_op2_reg_18_/Q     8.00     8.02    -0.02  (VIOLATED) 

   I_CONTEXT_MEM/n163          32.00          32.02          -0.02  (VIOLATED) 
     PIN : I_CONTEXT_MEM/U181/Y    32.00      32.02          -0.02  (VIOLATED) 

   I_SDRAM_TOP/I_SDRAM_IF/mega_shift_1_502     8.00     8.02    -0.02 (VIOLATED)
     PIN : I_SDRAM_TOP/I_SDRAM_IF/mega_shift_1_reg_22__29_/Q     8.00     8.02    -0.02 (VIOLATED)

   I_BLENDER_0/n8203           16.00          16.02          -0.02  (VIOLATED) 
     PIN : I_BLENDER_0/U2976/Y    16.00       16.02          -0.02  (VIOLATED) 

   I_BLENDER_1/ZBUF_1437       16.00          16.02          -0.02  (VIOLATED) 
     PIN : I_BLENDER_1/ZBUF_inst_24555/Y    16.00    16.02    -0.02 (VIOLATED) 

   I_BLENDER_1/n7871            8.00           8.02          -0.02  (VIOLATED) 
     PIN : I_BLENDER_1/mega_shift_reg_9__17_/Q     8.00     8.02    -0.02 (VIOLATED)

   n817                         8.00           8.02          -0.02  (VIOLATED) 
     PIN : I_BLENDER_1/mega_shift_reg_6__4_/Q     8.00     8.02    -0.02 (VIOLATED)

   I_PCI_TOP/n8888              8.00           8.02          -0.02  (VIOLATED) 
     PIN : I_PCI_TOP/I_PCI_CORE_mega_shift_reg_9__8_/Q     8.00     8.02    -0.02 (VIOLATED)

   I_BLENDER_0/n8647           16.00          16.02          -0.02  (VIOLATED) 
     PIN : I_BLENDER_0/s3_op2_reg_21_/Q    16.00    16.02    -0.02  (VIOLATED) 

   net_sd_wfifo_data[38]       32.00          32.02          -0.02  (VIOLATED) 
     PIN : U426/Y              32.00          32.02          -0.02  (VIOLATED) 

   I_SDRAM_TOP/I_SDRAM_IF/mega_shift_1_261     8.00     8.02    -0.02 (VIOLATED)
     PIN : I_SDRAM_TOP/I_SDRAM_IF/mega_shift_1_reg_31__27_/Q     8.00     8.02    -0.02 (VIOLATED)

   I_SDRAM_TOP/I_SDRAM_IF/n17418     8.00      8.02          -0.02  (VIOLATED) 
     PIN : I_SDRAM_TOP/I_SDRAM_IF/mega_shift_1_reg_21__19_/Q     8.00     8.02    -0.02 (VIOLATED)

   I_BLENDER_1/n9296            8.00           8.02          -0.02  (VIOLATED) 
     PIN : I_BLENDER_1/U5261/Y     8.00        8.02          -0.02  (VIOLATED) 

   I_SDRAM_TOP/I_SDRAM_IF/n6671     8.00       8.02          -0.02  (VIOLATED) 
     PIN : I_SDRAM_TOP/I_SDRAM_IF/mega_shift_1_reg_40__20_/Q     8.00     8.02    -0.02 (VIOLATED)

   I_BLENDER_1/n7861            8.00           8.02          -0.02  (VIOLATED) 
     PIN : I_BLENDER_1/mega_shift_reg_10__26_/Q     8.00     8.02    -0.02 (VIOLATED)

   I_SDRAM_TOP/I_SDRAM_IF/mega_shift_0_39__13_     8.00     8.01    -0.01 (VIOLATED)
     PIN : I_SDRAM_TOP/I_SDRAM_IF/mega_shift_0_reg_39__13_/Q     8.00     8.01    -0.01 (VIOLATED)

   I_SDRAM_TOP/I_SDRAM_IF/mega_shift_1_470     8.00     8.01    -0.01 (VIOLATED)
     PIN : I_SDRAM_TOP/I_SDRAM_IF/mega_shift_1_reg_23__23_/Q     8.00     8.01    -0.01 (VIOLATED)

   I_SDRAM_TOP/I_SDRAM_IF/mega_shift_0_8__4_     8.00     8.01    -0.01 (VIOLATED)
     PIN : I_SDRAM_TOP/I_SDRAM_IF/mega_shift_0_reg_8__4_/Q     8.00     8.01    -0.01 (VIOLATED)

   I_SDRAM_TOP/I_SDRAM_IF/mega_shift_1_834     8.00     8.01    -0.01 (VIOLATED)
     PIN : I_SDRAM_TOP/I_SDRAM_IF/mega_shift_1_reg_10__23_/Q     8.00     8.01    -0.01 (VIOLATED)

   I_SDRAM_TOP/I_SDRAM_IF/HFSNET_1134    32.00    32.01      -0.01  (VIOLATED) 
     PIN : I_SDRAM_TOP/I_SDRAM_IF/HFSBUF_71659_1176/Y    32.00    32.01    -0.01 (VIOLATED)

   I_BLENDER_1/n1158           16.00          16.01          -0.01  (VIOLATED) 
     PIN : I_BLENDER_1/R_632/Q    16.00       16.01          -0.01  (VIOLATED) 

   I_SDRAM_TOP/I_SDRAM_IF/mega_shift_0_9__28_     8.00     8.00    -0.00 (VIOLATED)
     PIN : I_SDRAM_TOP/I_SDRAM_IF/mega_shift_0_reg_9__28_/Q     8.00     8.00    -0.00 (VIOLATED)

   HFSNET_266                  16.00          16.00          -0.00  (VIOLATED) 
     PIN : HFSBUF_81_251/Y     16.00          16.00          -0.00  (VIOLATED) 

   I_PCI_TOP/n8958             16.00          16.00          -0.00  (VIOLATED) 
     PIN : I_PCI_TOP/I_PCI_CORE_mega_shift_reg_7__21_/Q    16.00    16.00    -0.00 (VIOLATED)

  ---------------------------------------------------------------------------
   Number of max_capacitance violation(s): 286



   Total number of violation(s): 350
1
