****************************************
Report : constraint
        -all_violators
Design : ORCA_TOP
Version: P-2019.03-SP1-VAL
Date   : Thu Jun 11 11:47:08 2020
****************************************

   late_timing
   -----------

Information: Timer using 'SI, Timing Window Analysis, CRPR'. (TIM-050)
Endpoint                         Path Delay     Path Required       CRP    Slack Group    Scenario
----------------------------------------------------------------------------------------------------------
I_PCI_TOP/I_PCI_CORE_mega_shift_reg_3__30_/D (SDFFARX1_LVT)   8.04 f   8.04   0.06  -0.01 PCI_CLK func_worst
I_PCI_TOP/I_PCI_CORE_mega_shift_reg_4__30_/D (SDFFARX1_LVT)   8.05 f   8.05   0.08  -0.01 PCI_CLK func_worst
I_PCI_TOP/I_PCI_CORE_mega_shift_reg_2__30_/D (SDFFARX1_LVT)   8.02 f   8.02   0.06  -0.00 PCI_CLK func_worst
I_RISC_CORE/R_31/D (SDFFARX1_LVT)   3.56 r        3.56           0.09    -0.00   SYS_2x_CLK func_worst
I_RISC_CORE/I_ALU_Lachd_Result_reg_0_/D (SDFFX1_HVT)   3.44 r   3.44   0.09  -0.00 SYS_2x_CLK func_worst
I_RISC_CORE/I_INSTRN_LAT_Crnt_Instrn_2_reg_21_/D (SDFFX2_HVT)   3.41 f   3.41   0.00  -0.00 SYS_2x_CLK func_worst
I_BLENDER_0/R_704/D (SDFFX1_LVT)   6.00 f         5.88           0.10    -0.12   SYS_CLK  func_worst
I_BLENDER_0/R_391/D (SDFFX1_LVT)   6.01 f         5.89           0.10    -0.12   SYS_CLK  func_worst
I_BLENDER_0/R_507/D (SDFFX1_LVT)   5.99 f         5.87           0.10    -0.12   SYS_CLK  func_worst
I_BLENDER_0/R_248/D (SDFFX1_LVT)   5.99 f         5.88           0.10    -0.11   SYS_CLK  func_worst
I_BLENDER_0/R_699/D (SDFFX1_LVT)   5.98 f         5.87           0.10    -0.10   SYS_CLK  func_worst
I_BLENDER_0/R_493/D (SDFFX1_LVT)   5.98 f         5.88           0.10    -0.10   SYS_CLK  func_worst
I_BLENDER_0/R_432/D (SDFFX1_LVT)   5.96 f         5.87           0.08    -0.09   SYS_CLK  func_worst
I_BLENDER_0/R_323/D (SDFFX1_LVT)   5.95 f         5.88           0.10    -0.07   SYS_CLK  func_worst
I_BLENDER_0/R_697/D (SDFFX1_LVT)   6.05 r         5.97           0.10    -0.07   SYS_CLK  func_worst
I_BLENDER_0/R_332/D (SDFFX1_LVT)   5.94 f         5.87           0.08    -0.07   SYS_CLK  func_worst
I_BLENDER_1/R_482/D (SDFFX1_LVT)   5.87 f         5.81           0.10    -0.06   SYS_CLK  func_worst
I_BLENDER_0/R_239/D (SDFFX1_LVT)   5.93 f         5.86           0.10    -0.06   SYS_CLK  func_worst
I_BLENDER_0/R_422/D (SDFFX1_LVT)   5.93 f         5.87           0.10    -0.06   SYS_CLK  func_worst
I_BLENDER_0/R_581/D (SDFFX1_LVT)   5.92 f         5.86           0.08    -0.06   SYS_CLK  func_worst
I_BLENDER_1/R_488/D (SDFFX2_LVT)   5.79 f         5.74           0.10    -0.05   SYS_CLK  func_worst
I_BLENDER_0/R_580/D (SDFFX1_LVT)   5.91 f         5.86           0.08    -0.04   SYS_CLK  func_worst
I_BLENDER_0/R_384/D (SDFFX1_LVT)   5.93 f         5.88           0.10    -0.04   SYS_CLK  func_worst
I_BLENDER_0/R_701/D (SDFFX1_LVT)   5.92 f         5.88           0.10    -0.04   SYS_CLK  func_worst
I_BLENDER_0/R_450/D (SDFFX1_LVT)   5.89 f         5.85           0.08    -0.04   SYS_CLK  func_worst
I_BLENDER_0/R_578/D (SDFFX1_LVT)   5.90 f         5.87           0.08    -0.03   SYS_CLK  func_worst
I_BLENDER_1/R_348/D (SDFFX1_LVT)   5.87 f         5.84           0.10    -0.03   SYS_CLK  func_worst
I_BLENDER_1/R_658/D (SDFFX1_LVT)   5.86 f         5.83           0.10    -0.03   SYS_CLK  func_worst
I_BLENDER_0/s3_op1_reg_31_/D (SDFFX2_LVT)   5.83 f   5.80        0.10    -0.03   SYS_CLK  func_worst
I_BLENDER_1/R_235/D (SDFFX1_LVT)   5.87 f         5.84           0.10    -0.03   SYS_CLK  func_worst
I_BLENDER_1/R_310/D (SDFFX1_LVT)   5.95 r         5.92           0.10    -0.03   SYS_CLK  func_worst
I_BLENDER_0/R_745/D (SDFFX1_LVT)   5.88 f         5.86           0.08    -0.02   SYS_CLK  func_worst
I_BLENDER_0/R_521/D (SDFFX1_LVT)   5.87 f         5.85           0.10    -0.02   SYS_CLK  func_worst
I_BLENDER_0/R_436/D (SDFFX1_LVT)   5.91 f         5.88           0.10    -0.02   SYS_CLK  func_worst
I_BLENDER_0/R_504/D (SDFFX1_LVT)   5.89 f         5.87           0.10    -0.02   SYS_CLK  func_worst
I_BLENDER_1/s4_op1_reg_23_/D (SDFFX2_LVT)   5.76 f   5.74        0.10    -0.02   SYS_CLK  func_worst
I_BLENDER_1/R_604/D (SDFFX1_LVT)   5.84 f         5.82           0.10    -0.02   SYS_CLK  func_worst
I_BLENDER_1/R_351/D (SDFFX1_LVT)   5.90 f         5.89           0.10    -0.02   SYS_CLK  func_worst
I_BLENDER_1/R_464/D (SDFFX1_LVT)   5.84 f         5.82           0.10    -0.02   SYS_CLK  func_worst
I_BLENDER_1/R_476/D (SDFFX1_LVT)   5.83 f         5.81           0.10    -0.02   SYS_CLK  func_worst
I_BLENDER_0/R_496/D (SDFFX1_LVT)   5.88 f         5.86           0.10    -0.02   SYS_CLK  func_worst
I_BLENDER_1/s4_op2_reg_18_/D (SDFFX1_LVT)   5.84 f   5.82        0.10    -0.02   SYS_CLK  func_worst
I_BLENDER_1/R_626/D (SDFFX2_LVT)   5.76 f         5.74           0.10    -0.02   SYS_CLK  func_worst
I_BLENDER_1/R_632/D (SDFFX2_LVT)   5.76 f         5.74           0.10    -0.01   SYS_CLK  func_worst
I_BLENDER_0/R_574/D (SDFFX1_LVT)   5.86 f         5.85           0.08    -0.01   SYS_CLK  func_worst
I_BLENDER_0/s3_op2_reg_30_/D (SDFFX2_LVT)   5.79 f   5.78        0.10    -0.01   SYS_CLK  func_worst
I_CONTEXT_MEM/ram_write_addr_reg_4_/D (SDFFARX1_RVT)   5.43 f   5.42   0.10  -0.01 SYS_CLK func_worst
I_BLENDER_1/s4_op2_reg_19_/D (SDFFX1_LVT)   5.84 f   5.82        0.10    -0.01   SYS_CLK  func_worst
I_BLENDER_0/s4_op2_reg_26_/D (SDFFX2_LVT)   5.78 f   5.77        0.08    -0.01   SYS_CLK  func_worst
I_BLENDER_0/R_447/D (SDFFX1_LVT)   5.87 f         5.85           0.08    -0.01   SYS_CLK  func_worst
I_BLENDER_0/R_744/D (SDFFX1_LVT)   5.87 f         5.86           0.08    -0.01   SYS_CLK  func_worst
I_BLENDER_1/R_752/D (SDFFX1_LVT)   5.93 r         5.92           0.10    -0.01   SYS_CLK  func_worst
I_BLENDER_0/R_523/D (SDFFX1_LVT)   5.86 f         5.85           0.08    -0.01   SYS_CLK  func_worst
I_BLENDER_0/R_738/D (SDFFX1_LVT)   5.86 f         5.85           0.10    -0.01   SYS_CLK  func_worst
I_BLENDER_1/s4_op1_reg_19_/D (SDFFX2_LVT)   5.75 f   5.74        0.10    -0.01   SYS_CLK  func_worst
I_BLENDER_0/s4_op2_reg_30_/D (SDFFX2_LVT)   5.78 f   5.77        0.10    -0.01   SYS_CLK  func_worst
I_BLENDER_1/s3_op1_reg_30_/D (SDFFX2_LVT)   5.79 f   5.78        0.10    -0.01   SYS_CLK  func_worst
I_BLENDER_0/s3_op1_reg_28_/D (SDFFX2_LVT)   5.75 f   5.75        0.10    -0.00   SYS_CLK  func_worst
I_BLENDER_1/R_592/D (SDFFX1_LVT)   5.83 f         5.82           0.10    -0.00   SYS_CLK  func_worst
I_BLENDER_1/R_333/D (SDFFX1_LVT)   5.88 f         5.88           0.10    -0.00   SYS_CLK  func_worst
I_BLENDER_1/R_268/D (SDFFX1_LVT)   5.88 f         5.88           0.10    -0.00   SYS_CLK  func_worst
I_BLENDER_1/R_280/D (SDFFX1_LVT)   5.88 f         5.88           0.10    -0.00   SYS_CLK  func_worst
I_BLENDER_0/R_525/D (SDFFX1_LVT)   5.87 f         5.87           0.08    -0.00   SYS_CLK  func_worst
I_BLENDER_0/s4_op1_reg_28_/D (SDFFX2_LVT)   5.79 f   5.79        0.08    -0.00   SYS_CLK  func_worst
I_BLENDER_0/s4_op2_reg_24_/D (SDFFX2_LVT)   5.88 r   5.88        0.10    -0.00   SYS_CLK  func_worst
I_SDRAM_TOP/I_SDRAM_IF/mega_shift_1_reg_3__19_/RSTB (SDFFNARX2_RVT)   3.65 r   3.65   0.03  -0.01 SDRAM_CLK func_worst
I_SDRAM_TOP/I_SDRAM_IF/R_22/D (SDFFASX1_HVT)   3.65 f   3.64     0.08    -0.00   SDRAM_CLK func_worst
I_SDRAM_TOP/I_SDRAM_IF/mega_shift_1_reg_11__16_/D (SDFFNARX1_HVT)   5.90 f   5.90   0.08  -0.00 SDRAM_CLK func_worst

   early_timing
   -----------

Warning: Scenario func_worst is not configured for hold analysis: skipping. (UIC-058)
Error: None of the specified scenarios are active for hold analysis. (UIC-057)
Information: Timer using 'SI, Timing Window Analysis, CRPR'. (TIM-050)
Endpoint                         Path Delay     Path Required       CRP    Slack Group    Scenario
----------------------------------------------------------------------------------------------------------
No paths.

   Mode: func Corner: Cmax
   Scenario: func_worst
   max_transition                                                              
                             Required        Actual                            
   Net                      Transition     Transition        Slack  Violation  
  ---------------------------------------------------------------------------
   I_RISC_CORE/Op_Result[3]     0.13           0.15          -0.02  (VIOLATED) 
     PIN : I_RISC_CORE/I_ALU_Lachd_Result_reg_3_/Q     0.13     0.15    -0.02 (VIOLATED)

   I_RISC_CORE/Oprnd_B_2        0.07           0.09          -0.02  (VIOLATED) 
     PIN : I_RISC_CORE/I_DATA_PATH_Oprnd_B_reg_2_/Q     0.07     0.09    -0.02 (VIOLATED)

   I_RISC_CORE/Oprnd_A[2]       0.07           0.09          -0.01  (VIOLATED) 
     PIN : I_RISC_CORE/I_DATA_PATH_Oprnd_A_reg_2_/Q     0.07     0.09    -0.01 (VIOLATED)

   I_BLENDER_0/n5192            0.14           0.15          -0.01  (VIOLATED) 
     PIN : I_BLENDER_0/R_735/Q     0.14        0.15          -0.01  (VIOLATED) 

   I_RISC_CORE/n1258            0.16           0.16          -0.00  (VIOLATED) 
     PIN : I_RISC_CORE/I_DATA_PATH_Oprnd_B_reg_10_/QN     0.16     0.16    -0.00 (VIOLATED)

   I_RISC_CORE/n1279            0.10           0.10          -0.00  (VIOLATED) 
     PIN : I_RISC_CORE/I_DATA_PATH_Oprnd_B_reg_6_/QN     0.10     0.10    -0.00 (VIOLATED)

  ---------------------------------------------------------------------------
   Number of max_transition violation(s): 6

   Mode: func Corner: Cmax
   Scenario: func_worst
   max_capacitance                                                             
                             Required        Actual                            
   Net                      Capacitance    Capacitance       Slack  Violation  
  ---------------------------------------------------------------------------
   sd_DQ_en[18]                82.00         133.86         -51.86  (VIOLATED) 
     PIN : ZBUF_inst_23332/Y    82.00        133.86         -51.86  (VIOLATED) 

   sd_DQ_en[0]                 82.00         133.28         -51.28  (VIOLATED) 
     PIN : ZBUF_inst_23333/Y    82.00        133.28         -51.28  (VIOLATED) 

   I_RISC_CORE/I_REG_FILE_data_out_A[15]    25.00    74.92   -49.92 (VIOLATED) 
     PIN : I_RISC_CORE/I_REG_FILE_REG_FILE_A_RAM/O2[15]    25.00    74.92   -49.92 (VIOLATED)

   I_RISC_CORE/I_REG_FILE_data_out_A[11]    25.00    74.57   -49.57 (VIOLATED) 
     PIN : I_RISC_CORE/I_REG_FILE_REG_FILE_A_RAM/O2[11]    25.00    74.57   -49.57 (VIOLATED)

   I_RISC_CORE/I_REG_FILE_data_out_A[12]    25.00    74.43   -49.43 (VIOLATED) 
     PIN : I_RISC_CORE/I_REG_FILE_REG_FILE_A_RAM/O2[12]    25.00    74.43   -49.43 (VIOLATED)

   I_RISC_CORE/I_REG_FILE_data_out_A[13]    25.00    74.30   -49.30 (VIOLATED) 
     PIN : I_RISC_CORE/I_REG_FILE_REG_FILE_A_RAM/O2[13]    25.00    74.30   -49.30 (VIOLATED)

   I_RISC_CORE/I_REG_FILE_data_out_A[6]    25.00    74.16   -49.16  (VIOLATED) 
     PIN : I_RISC_CORE/I_REG_FILE_REG_FILE_A_RAM/O2[6]    25.00    74.16   -49.16 (VIOLATED)

   I_RISC_CORE/I_REG_FILE_data_out_A[4]    25.00    73.84   -48.84  (VIOLATED) 
     PIN : I_RISC_CORE/I_REG_FILE_REG_FILE_A_RAM/O2[4]    25.00    73.84   -48.84 (VIOLATED)

   I_RISC_CORE/I_REG_FILE_data_out_A[2]    25.00    73.67   -48.67  (VIOLATED) 
     PIN : I_RISC_CORE/I_REG_FILE_REG_FILE_A_RAM/O2[2]    25.00    73.67   -48.67 (VIOLATED)

   I_RISC_CORE/I_REG_FILE_data_out_A[7]    25.00    73.55   -48.55  (VIOLATED) 
     PIN : I_RISC_CORE/I_REG_FILE_REG_FILE_A_RAM/O2[7]    25.00    73.55   -48.55 (VIOLATED)

   I_RISC_CORE/I_REG_FILE_data_out_A[5]    25.00    73.46   -48.46  (VIOLATED) 
     PIN : I_RISC_CORE/I_REG_FILE_REG_FILE_A_RAM/O2[5]    25.00    73.46   -48.46 (VIOLATED)

   I_RISC_CORE/I_REG_FILE_data_out_A[8]    25.00    73.34   -48.34  (VIOLATED) 
     PIN : I_RISC_CORE/I_REG_FILE_REG_FILE_A_RAM/O2[8]    25.00    73.34   -48.34 (VIOLATED)

   I_RISC_CORE/I_REG_FILE_data_out_A[0]    25.00    73.30   -48.30  (VIOLATED) 
     PIN : I_RISC_CORE/I_REG_FILE_REG_FILE_A_RAM/O2[0]    25.00    73.30   -48.30 (VIOLATED)

   I_RISC_CORE/I_REG_FILE_data_out_A[9]    25.00    73.20   -48.20  (VIOLATED) 
     PIN : I_RISC_CORE/I_REG_FILE_REG_FILE_A_RAM/O2[9]    25.00    73.20   -48.20 (VIOLATED)

   I_RISC_CORE/I_REG_FILE_data_out_A[14]    25.00    73.18   -48.18 (VIOLATED) 
     PIN : I_RISC_CORE/I_REG_FILE_REG_FILE_A_RAM/O2[14]    25.00    73.18   -48.18 (VIOLATED)

   I_RISC_CORE/I_REG_FILE_data_out_A[1]    25.00    73.18   -48.18  (VIOLATED) 
     PIN : I_RISC_CORE/I_REG_FILE_REG_FILE_A_RAM/O2[1]    25.00    73.18   -48.18 (VIOLATED)

   I_RISC_CORE/I_REG_FILE_data_out_A[10]    25.00    72.70   -47.70 (VIOLATED) 
     PIN : I_RISC_CORE/I_REG_FILE_REG_FILE_A_RAM/O2[10]    25.00    72.70   -47.70 (VIOLATED)

   I_RISC_CORE/I_REG_FILE_data_out_A[3]    25.00    71.99   -46.99  (VIOLATED) 
     PIN : I_RISC_CORE/I_REG_FILE_REG_FILE_A_RAM/O2[3]    25.00    71.99   -46.99 (VIOLATED)

   I_RISC_CORE/RegPort_B[6]    25.00          65.70         -40.70  (VIOLATED) 
     PIN : I_RISC_CORE/I_REG_FILE_REG_FILE_D_RAM/O2[6]    25.00    65.70   -40.70 (VIOLATED)

   I_RISC_CORE/RegPort_B[2]    25.00          65.36         -40.36  (VIOLATED) 
     PIN : I_RISC_CORE/I_REG_FILE_REG_FILE_D_RAM/O2[2]    25.00    65.36   -40.36 (VIOLATED)

   I_RISC_CORE/RegPort_B[4]    25.00          65.05         -40.05  (VIOLATED) 
     PIN : I_RISC_CORE/I_REG_FILE_REG_FILE_D_RAM/O2[4]    25.00    65.05   -40.05 (VIOLATED)

   I_RISC_CORE/RegPort_B[5]    25.00          64.81         -39.81  (VIOLATED) 
     PIN : I_RISC_CORE/I_REG_FILE_REG_FILE_D_RAM/O2[5]    25.00    64.81   -39.81 (VIOLATED)

   I_RISC_CORE/RegPort_B[7]    25.00          64.68         -39.68  (VIOLATED) 
     PIN : I_RISC_CORE/I_REG_FILE_REG_FILE_D_RAM/O2[7]    25.00    64.68   -39.68 (VIOLATED)

   I_RISC_CORE/RegPort_B[1]    25.00          64.16         -39.16  (VIOLATED) 
     PIN : I_RISC_CORE/I_REG_FILE_REG_FILE_D_RAM/O2[1]    25.00    64.16   -39.16 (VIOLATED)

   I_RISC_CORE/RegPort_B[0]    25.00          63.95         -38.95  (VIOLATED) 
     PIN : I_RISC_CORE/I_REG_FILE_REG_FILE_D_RAM/O2[0]    25.00    63.95   -38.95 (VIOLATED)

   I_RISC_CORE/RegPort_B[3]    25.00          63.62         -38.62  (VIOLATED) 
     PIN : I_RISC_CORE/I_REG_FILE_REG_FILE_D_RAM/O2[3]    25.00    63.62   -38.62 (VIOLATED)

   I_RISC_CORE/RegPort_B[15]    25.00         59.45         -34.45  (VIOLATED) 
     PIN : I_RISC_CORE/I_REG_FILE_REG_FILE_B_RAM/O2[15]    25.00    59.45   -34.45 (VIOLATED)

   I_SDRAM_TOP/I_SDRAM_IF/HFSNET_910    82.00   115.76      -33.76  (VIOLATED) 
     PIN : I_SDRAM_TOP/I_SDRAM_IF/HFSINV_36082_952/Y    82.00   115.76   -33.76 (VIOLATED)

   I_RISC_CORE/RegPort_B[14]    25.00         58.13         -33.13  (VIOLATED) 
     PIN : I_RISC_CORE/I_REG_FILE_REG_FILE_B_RAM/O2[14]    25.00    58.13   -33.13 (VIOLATED)

   I_RISC_CORE/RegPort_B[13]    25.00         58.10         -33.10  (VIOLATED) 
     PIN : I_RISC_CORE/I_REG_FILE_REG_FILE_B_RAM/O2[13]    25.00    58.10   -33.10 (VIOLATED)

   I_RISC_CORE/RegPort_B[9]    25.00          57.18         -32.18  (VIOLATED) 
     PIN : I_RISC_CORE/I_REG_FILE_REG_FILE_B_RAM/O2[9]    25.00    57.18   -32.18 (VIOLATED)

   I_RISC_CORE/RegPort_B[8]    25.00          57.13         -32.13  (VIOLATED) 
     PIN : I_RISC_CORE/I_REG_FILE_REG_FILE_B_RAM/O2[8]    25.00    57.13   -32.13 (VIOLATED)

   I_RISC_CORE/RegPort_B[12]    25.00         57.05         -32.05  (VIOLATED) 
     PIN : I_RISC_CORE/I_REG_FILE_REG_FILE_B_RAM/O2[12]    25.00    57.05   -32.05 (VIOLATED)

   I_RISC_CORE/RegPort_B[10]    25.00         57.04         -32.04  (VIOLATED) 
     PIN : I_RISC_CORE/I_REG_FILE_REG_FILE_B_RAM/O2[10]    25.00    57.04   -32.04 (VIOLATED)

   I_RISC_CORE/RegPort_B[11]    25.00         56.94         -31.94  (VIOLATED) 
     PIN : I_RISC_CORE/I_REG_FILE_REG_FILE_B_RAM/O2[11]    25.00    56.94   -31.94 (VIOLATED)

   I_RISC_CORE/ZBUF_409        82.00         110.43         -28.43  (VIOLATED) 
     PIN : I_RISC_CORE/ZBUF_inst_53179/Y    82.00   110.43   -28.43 (VIOLATED) 

   I_RISC_CORE/I_REG_FILE_data_out_C[2]    25.00    50.61   -25.61  (VIOLATED) 
     PIN : I_RISC_CORE/I_REG_FILE_REG_FILE_C_RAM/O2[2]    25.00    50.61   -25.61 (VIOLATED)

   I_RISC_CORE/I_REG_FILE_data_out_C[7]    25.00    50.27   -25.27  (VIOLATED) 
     PIN : I_RISC_CORE/I_REG_FILE_REG_FILE_C_RAM/O2[7]    25.00    50.27   -25.27 (VIOLATED)

   I_RISC_CORE/I_REG_FILE_data_out_C[13]    25.00    50.09   -25.09 (VIOLATED) 
     PIN : I_RISC_CORE/I_REG_FILE_REG_FILE_C_RAM/O2[13]    25.00    50.09   -25.09 (VIOLATED)

   I_RISC_CORE/I_REG_FILE_data_out_C[9]    25.00    50.04   -25.04  (VIOLATED) 
     PIN : I_RISC_CORE/I_REG_FILE_REG_FILE_C_RAM/O2[9]    25.00    50.04   -25.04 (VIOLATED)

   I_RISC_CORE/I_REG_FILE_data_out_C[5]    25.00    49.92   -24.92  (VIOLATED) 
     PIN : I_RISC_CORE/I_REG_FILE_REG_FILE_C_RAM/O2[5]    25.00    49.92   -24.92 (VIOLATED)

   I_RISC_CORE/I_REG_FILE_data_out_C[15]    25.00    49.55   -24.55 (VIOLATED) 
     PIN : I_RISC_CORE/I_REG_FILE_REG_FILE_C_RAM/O2[15]    25.00    49.55   -24.55 (VIOLATED)

   I_RISC_CORE/I_REG_FILE_data_out_C[11]    25.00    49.30   -24.30 (VIOLATED) 
     PIN : I_RISC_CORE/I_REG_FILE_REG_FILE_C_RAM/O2[11]    25.00    49.30   -24.30 (VIOLATED)

   I_RISC_CORE/I_REG_FILE_data_out_C[6]    25.00    49.21   -24.21  (VIOLATED) 
     PIN : I_RISC_CORE/I_REG_FILE_REG_FILE_C_RAM/O2[6]    25.00    49.21   -24.21 (VIOLATED)

   I_RISC_CORE/I_REG_FILE_data_out_C[4]    25.00    49.13   -24.13  (VIOLATED) 
     PIN : I_RISC_CORE/I_REG_FILE_REG_FILE_C_RAM/O2[4]    25.00    49.13   -24.13 (VIOLATED)

   I_RISC_CORE/I_REG_FILE_data_out_C[12]    25.00    49.10   -24.10 (VIOLATED) 
     PIN : I_RISC_CORE/I_REG_FILE_REG_FILE_C_RAM/O2[12]    25.00    49.10   -24.10 (VIOLATED)

   I_RISC_CORE/I_REG_FILE_data_out_C[0]    25.00    49.01   -24.01  (VIOLATED) 
     PIN : I_RISC_CORE/I_REG_FILE_REG_FILE_C_RAM/O2[0]    25.00    49.01   -24.01 (VIOLATED)

   I_RISC_CORE/I_REG_FILE_data_out_C[1]    25.00    48.52   -23.52  (VIOLATED) 
     PIN : I_RISC_CORE/I_REG_FILE_REG_FILE_C_RAM/O2[1]    25.00    48.52   -23.52 (VIOLATED)

   I_RISC_CORE/I_REG_FILE_data_out_C[14]    25.00    48.46   -23.46 (VIOLATED) 
     PIN : I_RISC_CORE/I_REG_FILE_REG_FILE_C_RAM/O2[14]    25.00    48.46   -23.46 (VIOLATED)

   I_RISC_CORE/I_REG_FILE_data_out_C[10]    25.00    48.03   -23.03 (VIOLATED) 
     PIN : I_RISC_CORE/I_REG_FILE_REG_FILE_C_RAM/O2[10]    25.00    48.03   -23.03 (VIOLATED)

   I_RISC_CORE/I_REG_FILE_data_out_C[3]    25.00    47.92   -22.92  (VIOLATED) 
     PIN : I_RISC_CORE/I_REG_FILE_REG_FILE_C_RAM/O2[3]    25.00    47.92   -22.92 (VIOLATED)

   I_RISC_CORE/I_REG_FILE_data_out_C[8]    25.00    47.32   -22.32  (VIOLATED) 
     PIN : I_RISC_CORE/I_REG_FILE_REG_FILE_C_RAM/O2[8]    25.00    47.32   -22.32 (VIOLATED)

   pad_out[16]                 82.00         104.23         -22.23  (VIOLATED) 
     PIN : HFSBUF_63_104/Y     82.00         104.23         -22.23  (VIOLATED) 

   pad_out[13]                 82.00         103.86         -21.86  (VIOLATED) 
     PIN : HFSBUF_65_108/Y     82.00         103.86         -21.86  (VIOLATED) 

   pad_out[2]                  82.00         103.44         -21.44  (VIOLATED) 
     PIN : ZBUF_inst_53280/Y    82.00        103.44         -21.44  (VIOLATED) 

   I_RISC_CORE/ZBUF_321        82.00         103.36         -21.36  (VIOLATED) 
     PIN : I_RISC_CORE/ZBUF_inst_53059/Y    82.00   103.36   -21.36 (VIOLATED) 

   pad_out[3]                  82.00         103.30         -21.30  (VIOLATED) 
     PIN : HFSBUF_51_98/Y      82.00         103.30         -21.30  (VIOLATED) 

   n494                        82.00         102.84         -20.84  (VIOLATED) 
     PIN : I_RISC_CORE/ZBUF_inst_53499/Y    82.00   102.84   -20.84 (VIOLATED) 

   pad_out[4]                  82.00         102.41         -20.41  (VIOLATED) 
     PIN : ZBUF_inst_24974/Y    82.00        102.41         -20.41  (VIOLATED) 

   n495                        82.00         102.10         -20.10  (VIOLATED) 
     PIN : I_RISC_CORE/ZBUF_inst_23203/Y    82.00   102.10   -20.10 (VIOLATED) 

   n510                        82.00         101.95         -19.95  (VIOLATED) 
     PIN : I_RISC_CORE/HFSBUF_241_321/Y    82.00   101.95   -19.95  (VIOLATED) 

   pad_out[8]                  82.00         101.82         -19.82  (VIOLATED) 
     PIN : ZBUF_inst_53058/Y    82.00        101.82         -19.82  (VIOLATED) 

   pad_out[14]                 82.00         101.76         -19.76  (VIOLATED) 
     PIN : ZBUF_inst_53062/Y    82.00        101.76         -19.76  (VIOLATED) 

   pad_out[30]                 82.00         101.71         -19.71  (VIOLATED) 
     PIN : ZBUF_inst_53275/Y    82.00        101.71         -19.71  (VIOLATED) 

   n509                        82.00         101.66         -19.66  (VIOLATED) 
     PIN : I_RISC_CORE/HFSBUF_254_432/Y    82.00   101.66   -19.66  (VIOLATED) 

   pad_out[26]                 82.00         101.59         -19.59  (VIOLATED) 
     PIN : ZBUF_inst_53270/Y    82.00        101.59         -19.59  (VIOLATED) 

   pad_out[6]                  82.00         101.53         -19.53  (VIOLATED) 
     PIN : ZBUF_inst_53527/Y    82.00        101.53         -19.53  (VIOLATED) 

   pad_out[12]                 82.00         101.49         -19.49  (VIOLATED) 
     PIN : ZBUF_inst_53057/Y    82.00        101.49         -19.49  (VIOLATED) 

   n493                        82.00         101.48         -19.48  (VIOLATED) 
     PIN : I_RISC_CORE/ZBUF_inst_23256/Y    82.00   101.48   -19.48 (VIOLATED) 

   pad_out[0]                  82.00         101.32         -19.32  (VIOLATED) 
     PIN : ZBUF_inst_53060/Y    82.00        101.32         -19.32  (VIOLATED) 

   pad_out[10]                 82.00         101.30         -19.30  (VIOLATED) 
     PIN : ZBUF_inst_53180/Y    82.00        101.30         -19.30  (VIOLATED) 

   n496                        82.00         101.24         -19.24  (VIOLATED) 
     PIN : I_RISC_CORE/ZBUF_inst_24992/Y    82.00   101.24   -19.24 (VIOLATED) 

   n511                        82.00          99.98         -17.98  (VIOLATED) 
     PIN : I_RISC_CORE/HFSBUF_256_261/Y    82.00    99.98   -17.98  (VIOLATED) 

   I_SDRAM_TOP/I_SDRAM_IF/HFSNET_874    82.00    99.15      -17.15  (VIOLATED) 
     PIN : I_SDRAM_TOP/I_SDRAM_IF/HFSINV_86540_916/Y    82.00    99.15   -17.15 (VIOLATED)

   I_RISC_CORE/ZBUF_591        82.00          98.99         -16.99  (VIOLATED) 
     PIN : I_RISC_CORE/ZBUF_inst_23230/Y    82.00    98.99   -16.99 (VIOLATED) 

   I_RISC_CORE/HFSNET_95       82.00          98.40         -16.40  (VIOLATED) 
     PIN : I_RISC_CORE/HFSBUF_13_67/Y    82.00    98.40     -16.40  (VIOLATED) 

   I_RISC_CORE/ZBUF_648        82.00          97.79         -15.79  (VIOLATED) 
     PIN : I_RISC_CORE/ZBUF_inst_23319/Y    82.00    97.79   -15.79 (VIOLATED) 

   n513                        82.00          96.99         -14.99  (VIOLATED) 
     PIN : I_RISC_CORE/ZBUF_inst_24961/Y    82.00    96.99   -14.99 (VIOLATED) 

   n512                        82.00          96.94         -14.94  (VIOLATED) 
     PIN : I_RISC_CORE/HFSBUF_63_324/Y    82.00    96.94    -14.94  (VIOLATED) 

   I_RISC_CORE/HFSNET_92       82.00          96.36         -14.36  (VIOLATED) 
     PIN : I_RISC_CORE/HFSBUF_13_64/Y    82.00    96.36     -14.36  (VIOLATED) 

   n497                        82.00          96.09         -14.09  (VIOLATED) 
     PIN : I_RISC_CORE/ZBUF_inst_53502/Y    82.00    96.09   -14.09 (VIOLATED) 

   I_RISC_CORE/ZBUF_669        82.00          95.87         -13.87  (VIOLATED) 
     PIN : I_RISC_CORE/ZBUF_inst_23354/Y    82.00    95.87   -13.87 (VIOLATED) 

   I_CONTEXT_MEM/ZBUF_915      82.00          95.75         -13.75  (VIOLATED) 
     PIN : I_CONTEXT_MEM/ZBUF_inst_23741/Y    82.00    95.75   -13.75 (VIOLATED)

   I_RISC_CORE/HFSNET_120      82.00          95.47         -13.47  (VIOLATED) 
     PIN : I_RISC_CORE/HFSBUF_6_92/Y    82.00    95.47      -13.47  (VIOLATED) 

   I_RISC_CORE/ZBUF_595        82.00          95.37         -13.37  (VIOLATED) 
     PIN : I_RISC_CORE/ZBUF_inst_53528/Y    82.00    95.37   -13.37 (VIOLATED) 

   I_SDRAM_TOP/I_SDRAM_IF/ZBUF_895    82.00    94.78        -12.78  (VIOLATED) 
     PIN : I_SDRAM_TOP/I_SDRAM_IF/ZBUF_inst_23711/Y    82.00    94.78   -12.78 (VIOLATED)

   I_RISC_CORE/ZBUF_939        82.00          94.30         -12.30  (VIOLATED) 
     PIN : I_RISC_CORE/ZBUF_inst_23776/Y    82.00    94.30   -12.30 (VIOLATED) 

   I_RISC_CORE/ZBUF_670        82.00          93.25         -11.25  (VIOLATED) 
     PIN : I_RISC_CORE/ZBUF_inst_23356/Y    82.00    93.25   -11.25 (VIOLATED) 

   I_RISC_CORE/ZBUF_325        82.00          93.08         -11.08  (VIOLATED) 
     PIN : I_RISC_CORE/ZBUF_inst_53064/Y    82.00    93.08   -11.08 (VIOLATED) 

   I_RISC_CORE/HFSNET_99       82.00          92.73         -10.73  (VIOLATED) 
     PIN : I_RISC_CORE/HFSBUF_20_71/Y    82.00    92.73     -10.73  (VIOLATED) 

   I_RISC_CORE/HFSNET_111      82.00          92.39         -10.39  (VIOLATED) 
     PIN : I_RISC_CORE/HFSBUF_20_83/Y    82.00    92.39     -10.39  (VIOLATED) 

   n508                        82.00          91.76          -9.76  (VIOLATED) 
     PIN : I_RISC_CORE/ZBUF_inst_53510/Y    82.00    91.76    -9.76 (VIOLATED) 

   I_RISC_CORE/ZBUF_604        82.00          91.76          -9.76  (VIOLATED) 
     PIN : I_RISC_CORE/ZBUF_inst_53543/Y    82.00    91.76    -9.76 (VIOLATED) 

   I_RISC_CORE/HFSNET_103      82.00          91.47          -9.47  (VIOLATED) 
     PIN : I_RISC_CORE/HFSBUF_20_75/Y    82.00    91.47      -9.47  (VIOLATED) 

   I_RISC_CORE/HFSNET_98       82.00          91.32          -9.32  (VIOLATED) 
     PIN : I_RISC_CORE/HFSBUF_20_70/Y    82.00    91.32      -9.32  (VIOLATED) 

   n492                        82.00          91.25          -9.25  (VIOLATED) 
     PIN : I_RISC_CORE/HFSINV_75_fp_1728/Y    82.00    91.25    -9.25 (VIOLATED)

   I_RISC_CORE/HFSNET_96       82.00          91.09          -9.09  (VIOLATED) 
     PIN : I_RISC_CORE/HFSBUF_20_68/Y    82.00    91.09      -9.09  (VIOLATED) 

   I_RISC_CORE/HFSNET_105      82.00          91.01          -9.01  (VIOLATED) 
     PIN : I_RISC_CORE/HFSBUF_20_77/Y    82.00    91.01      -9.01  (VIOLATED) 

   I_RISC_CORE/HFSNET_102      82.00          90.66          -8.66  (VIOLATED) 
     PIN : I_RISC_CORE/HFSBUF_20_74/Y    82.00    90.66      -8.66  (VIOLATED) 

   I_RISC_CORE/HFSNET_106      82.00          90.40          -8.40  (VIOLATED) 
     PIN : I_RISC_CORE/HFSBUF_20_78/Y    82.00    90.40      -8.40  (VIOLATED) 

   I_RISC_CORE/HFSNET_118      82.00          90.23          -8.23  (VIOLATED) 
     PIN : I_RISC_CORE/HFSBUF_13_90/Y    82.00    90.23      -8.23  (VIOLATED) 

   I_RISC_CORE/HFSNET_100      82.00          90.14          -8.14  (VIOLATED) 
     PIN : I_RISC_CORE/HFSBUF_20_72/Y    82.00    90.14      -8.14  (VIOLATED) 

   I_RISC_CORE/HFSNET_104      82.00          90.13          -8.13  (VIOLATED) 
     PIN : I_RISC_CORE/HFSBUF_20_76/Y    82.00    90.13      -8.13  (VIOLATED) 

   I_RISC_CORE/ZBUF_410        82.00          89.16          -7.16  (VIOLATED) 
     PIN : I_RISC_CORE/ZBUF_inst_53181/Y    82.00    89.16    -7.16 (VIOLATED) 

   ZBUF_641                    82.00          87.58          -5.58  (VIOLATED) 
     PIN : ZBUF_inst_23304/Y    82.00         87.58          -5.58  (VIOLATED) 

   I_RISC_CORE/Oprnd_B_2       16.00          21.36          -5.36  (VIOLATED) 
     PIN : I_RISC_CORE/I_DATA_PATH_Oprnd_B_reg_2_/Q    16.00    21.36    -5.36 (VIOLATED)

   I_SDRAM_TOP/I_SDRAM_IF/HFSNET_1290    82.00    87.02      -5.02  (VIOLATED) 
     PIN : I_SDRAM_TOP/I_SDRAM_IF/HFSBUF_78234_1332/Y    82.00    87.02    -5.02 (VIOLATED)

   I_SDRAM_TOP/I_SDRAM_IF/HFSNET_987    82.00    86.61       -4.61  (VIOLATED) 
     PIN : I_SDRAM_TOP/I_SDRAM_IF/HFSBUF_38724_1029/Y    82.00    86.61    -4.61 (VIOLATED)

   I_SDRAM_TOP/I_SDRAM_IF/ZBUF_1044    82.00    86.59        -4.59  (VIOLATED) 
     PIN : I_SDRAM_TOP/I_SDRAM_IF/ZBUF_inst_23928/Y    82.00    86.59    -4.59 (VIOLATED)

   I_RISC_CORE/HFSNET_110      82.00          86.49          -4.49  (VIOLATED) 
     PIN : I_RISC_CORE/HFSBUF_20_82/Y    82.00    86.49      -4.49  (VIOLATED) 

   I_RISC_CORE/Oprnd_A[2]      16.00          19.99          -3.99  (VIOLATED) 
     PIN : I_RISC_CORE/I_DATA_PATH_Oprnd_A_reg_2_/Q    16.00    19.99    -3.99 (VIOLATED)

   I_RISC_CORE/Op_Result[3]    16.00          19.91          -3.91  (VIOLATED) 
     PIN : I_RISC_CORE/I_ALU_Lachd_Result_reg_3_/Q    16.00    19.91    -3.91 (VIOLATED)

   I_SDRAM_TOP/I_SDRAM_IF/HFSNET_1257    82.00    85.65      -3.65  (VIOLATED) 
     PIN : I_SDRAM_TOP/I_SDRAM_IF/HFSBUF_41084_1299/Y    82.00    85.65    -3.65 (VIOLATED)

   I_RISC_CORE/n1279           16.00          18.78          -2.78  (VIOLATED) 
     PIN : I_RISC_CORE/I_DATA_PATH_Oprnd_B_reg_6_/QN    16.00    18.78    -2.78 (VIOLATED)

   p_aps_clk_data0             82.00          84.67          -2.67  (VIOLATED) 
     PIN : occ_int2/cts_buf_614831144/Y    82.00    84.67    -2.67  (VIOLATED) 

   I_BLENDER_0/n5026           16.00          18.01          -2.01  (VIOLATED) 
     PIN : I_BLENDER_0/U3898/Y    16.00       18.01          -2.01  (VIOLATED) 

   I_BLENDER_0/n6154           32.00          33.83          -1.83  (VIOLATED) 
     PIN : I_BLENDER_0/U6939/Y    32.00       33.83          -1.83  (VIOLATED) 

   I_SDRAM_TOP/I_SDRAM_IF/HFSNET_1109    82.00    83.67      -1.67  (VIOLATED) 
     PIN : I_SDRAM_TOP/I_SDRAM_IF/HFSINV_64498_1151/Y    82.00    83.67    -1.67 (VIOLATED)

   I_RISC_CORE/n1258           16.00          17.46          -1.46  (VIOLATED) 
     PIN : I_RISC_CORE/I_DATA_PATH_Oprnd_B_reg_10_/QN    16.00    17.46    -1.46 (VIOLATED)

   I_BLENDER_0/n5192            8.00           8.84          -0.84  (VIOLATED) 
     PIN : I_BLENDER_0/R_735/Q     8.00        8.84          -0.84  (VIOLATED) 

   I_RISC_CORE/I_STACK_TOP_I_STACK_FSM_Crnt_Stack_0_     8.00     8.13    -0.13 (VIOLATED)
     PIN : I_RISC_CORE/I_STACK_TOP_I_STACK_FSM_Crnt_Stack_reg_0_/Q     8.00     8.13    -0.13 (VIOLATED)

   I_BLENDER_0/n1761            8.00           8.09          -0.09  (VIOLATED) 
     PIN : I_BLENDER_0/R_559/Q     8.00        8.09          -0.09  (VIOLATED) 

   I_SDRAM_TOP/I_SDRAM_IF/mega_shift_0_4__29_     8.00     8.09    -0.09 (VIOLATED)
     PIN : I_SDRAM_TOP/I_SDRAM_IF/mega_shift_0_reg_4__29_/Q     8.00     8.09    -0.09 (VIOLATED)

   I_SDRAM_TOP/net_sd_rfifo_full     8.00      8.08          -0.08  (VIOLATED) 
     PIN : I_SDRAM_TOP/I_SDRAM_READ_FIFO_SD_FIFO_CTL_U1_full_int_reg/Q     8.00     8.08    -0.08 (VIOLATED)

   I_SDRAM_TOP/I_SDRAM_IF/mega_shift_1[1075]     8.00     8.08    -0.08 (VIOLATED)
     PIN : I_SDRAM_TOP/I_SDRAM_IF/mega_shift_1_reg_2__27_/Q     8.00     8.08    -0.08 (VIOLATED)

   I_SDRAM_TOP/I_SDRAM_IF/mega_shift_0_23__0_     8.00     8.07    -0.07 (VIOLATED)
     PIN : I_SDRAM_TOP/I_SDRAM_IF/mega_shift_0_reg_23__0_/Q     8.00     8.07    -0.07 (VIOLATED)

   I_SDRAM_TOP/I_SDRAM_IF/n1715     8.00       8.06          -0.06  (VIOLATED) 
     PIN : I_SDRAM_TOP/I_SDRAM_IF/mega_shift_1_reg_9__19_/Q     8.00     8.06    -0.06 (VIOLATED)

   I_BLENDER_1/ZBUF_455        16.00          16.06          -0.06  (VIOLATED) 
     PIN : I_BLENDER_1/ZBUF_inst_23020/Y    16.00    16.06    -0.06 (VIOLATED) 

   I_SDRAM_TOP/I_SDRAM_IF/n1745     8.00       8.06          -0.06  (VIOLATED) 
     PIN : I_SDRAM_TOP/I_SDRAM_IF/mega_shift_1_reg_17__15_/Q     8.00     8.06    -0.06 (VIOLATED)

   I_SDRAM_TOP/I_SDRAM_IF/N2362     8.00       8.05          -0.05  (VIOLATED) 
     PIN : I_SDRAM_TOP/I_SDRAM_IF/U12032/Y     8.00     8.05    -0.05 (VIOLATED)

   I_SDRAM_TOP/I_SDRAM_IF/mega_shift_0_39__20_     8.00     8.04    -0.04 (VIOLATED)
     PIN : I_SDRAM_TOP/I_SDRAM_IF/mega_shift_0_reg_39__20_/Q     8.00     8.04    -0.04 (VIOLATED)

   I_SDRAM_TOP/I_SDRAM_IF/mega_shift_1_757     8.00     8.04    -0.04 (VIOLATED)
     PIN : I_SDRAM_TOP/I_SDRAM_IF/mega_shift_1_reg_13__25_/Q     8.00     8.04    -0.04 (VIOLATED)

   I_SDRAM_TOP/I_SDRAM_IF/n17719     8.00      8.03          -0.03  (VIOLATED) 
     PIN : I_SDRAM_TOP/I_SDRAM_IF/mega_shift_1_reg_10__7_/Q     8.00     8.03    -0.03 (VIOLATED)

   I_BLENDER_1/s3_op1_19       16.00          16.03          -0.03  (VIOLATED) 
     PIN : I_BLENDER_1/s3_op1_reg_19_/Q    16.00    16.03    -0.03  (VIOLATED) 

   I_SDRAM_TOP/I_SDRAM_IF/mega_shift_0_12__11_     8.00     8.03    -0.03 (VIOLATED)
     PIN : I_SDRAM_TOP/I_SDRAM_IF/mega_shift_0_reg_12__11_/Q     8.00     8.03    -0.03 (VIOLATED)

   I_BLENDER_1/n1394            8.00           8.02          -0.02  (VIOLATED) 
     PIN : I_BLENDER_1/R_372/Q     8.00        8.02          -0.02  (VIOLATED) 

   n501                         8.00           8.02          -0.02  (VIOLATED) 
     PIN : I_RISC_CORE/I_INSTRN_LAT_Crnt_Instrn_2_reg_13_/Q     8.00     8.02    -0.02 (VIOLATED)

   I_BLENDER_0/n201             8.00           8.02          -0.02  (VIOLATED) 
     PIN : I_BLENDER_0/U172/Y     8.00         8.02          -0.02  (VIOLATED) 

   I_SDRAM_TOP/I_SDRAM_IF/n1784     8.00       8.02          -0.02  (VIOLATED) 
     PIN : I_SDRAM_TOP/I_SDRAM_IF/mega_shift_0_reg_25__19_/Q     8.00     8.02    -0.02 (VIOLATED)

   I_BLENDER_0/mega_shift_10__31_     8.00     8.01          -0.01  (VIOLATED) 
     PIN : I_BLENDER_0/mega_shift_reg_10__31_/Q     8.00     8.01    -0.01 (VIOLATED)

   I_BLENDER_0/n905            32.00          32.01          -0.01  (VIOLATED) 
     PIN : I_BLENDER_0/U8892/Y    32.00       32.01          -0.01  (VIOLATED) 

   I_BLENDER_0/n1771            8.00           8.01          -0.01  (VIOLATED) 
     PIN : I_BLENDER_0/R_553/Q     8.00        8.01          -0.01  (VIOLATED) 

   I_SDRAM_TOP/I_SDRAM_IF/n7061     8.00       8.00          -0.00  (VIOLATED) 
     PIN : I_SDRAM_TOP/I_SDRAM_IF/mega_shift_1_reg_35__11_/Q     8.00     8.00    -0.00 (VIOLATED)

   I_BLENDER_1/s2_op1_3        16.00          16.00          -0.00  (VIOLATED) 
     PIN : I_BLENDER_1/s2_op1_reg_3_/Q    16.00    16.00     -0.00  (VIOLATED) 

   I_BLENDER_0/n5218            8.00           8.00          -0.00  (VIOLATED) 
     PIN : I_BLENDER_0/U2394/Y     8.00        8.00          -0.00  (VIOLATED) 

  ---------------------------------------------------------------------------
   Number of max_capacitance violation(s): 145



   Total number of violation(s): 151
1
