 Info: Initializing timer in CLOCK_SYN_REPORT_MODE
****************************************
Report : clock qor
        -type summary
Design : ORCA_TOP
Version: P-2019.03-SP1-VAL
Date   : Tue Jun 16 02:02:19 2020
****************************************

Attributes
===========
M Master Clock
G Generated Clock
& Internal Generated Clock
U User Defined Skew Group
D Default Skew Group
* Generated Clock Balanced Separately

===========================================
==== Summary Reporting for Corner Cmax ====
===========================================

================================================== Summary Table for Corner Cmax ===================================================
Clock /                               Attrs     Sinks Levels    Clock     Clock     Clock       Max    Global  Trans DRC  Cap DRC
Skew Group                                                   Repeater  Repeater   Stdcell   Latency      Skew     Count     Count
                                                                Count      Area      Area
------------------------------------------------------------------------------------------------------------------------------------
### Mode: func, Scenario: func_worst
SDRAM_CLK                               M,D      2852      2        0      0.00     19.82      0.00      0.00         0         0
 SD_DDR_CLK                               G         0      0        0      0.00      0.00        --        --         0         0
 SD_DDR_CLKn                              G         0      0        0      0.00      0.00        --        --         0         0
SYS_2x_CLK                              M,D      1912      3        0      0.00    141.05      0.00      0.00         0         0
 SYS_CLK                                  G      1716      2        0      0.00     20.59      0.00      0.00         0         0
PCI_CLK                                 M,D       386      2        0      0.00      7.37      0.00      0.00         0         0
### Mode: test, Scenario: test_worst
SDRAM_CLK                               M,D      2852      2        0      0.00     19.82      0.00      0.00         0         0
 SD_DDR_CLK                               G         0      0        0      0.00      0.00        --        --         0         0
 SD_DDR_CLKn                              G         0      0        0      0.00      0.00        --        --         0         0
SYS_2x_CLK                              M,D      1912      3        0      0.00    141.05      0.00      0.00         0         0
 SYS_CLK                                  G      1716      2        0      0.00     20.59      0.00      0.00         0         0
PCI_CLK                                 M,D       386      2        0      0.00      7.37      0.00      0.00         0         0
ate_clk                                 M,D         0      0        0      0.00      0.00        --        --         0         0
------------------------------------------------------------------------------------------------------------------------------------
All Clocks                                       5150      3        0      0.00    168.24      0.00      0.00         0         0


===========================================
==== Summary Reporting for Corner Cmin ====
===========================================

================================================== Summary Table for Corner Cmin ===================================================
Clock /                               Attrs     Sinks Levels    Clock     Clock     Clock       Max    Global  Trans DRC  Cap DRC
Skew Group                                                   Repeater  Repeater   Stdcell   Latency      Skew     Count     Count
                                                                Count      Area      Area
------------------------------------------------------------------------------------------------------------------------------------
### Mode: func, Scenario: func_best
SDRAM_CLK                               M,D      2852      2        0      0.00     19.82      0.00      0.00         0         0
 SD_DDR_CLK                               G         0      0        0      0.00      0.00        --        --         0         0
 SD_DDR_CLKn                              G         0      0        0      0.00      0.00        --        --         0         0
SYS_2x_CLK                              M,D      1912      3        0      0.00    141.05      0.00      0.00         0         0
 SYS_CLK                                  G      1716      2        0      0.00     20.59      0.00      0.00         0         0
PCI_CLK                                 M,D       386      2        0      0.00      7.37      0.00      0.00         0         0
### Mode: test, Scenario: test_best
SDRAM_CLK                               M,D      2852      2        0      0.00     19.82      0.00      0.00         0         0
 SD_DDR_CLK                               G         0      0        0      0.00      0.00        --        --         0         0
 SD_DDR_CLKn                              G         0      0        0      0.00      0.00        --        --         0         0
SYS_2x_CLK                              M,D      1912      3        0      0.00    141.05      0.00      0.00         0         0
 SYS_CLK                                  G      1716      2        0      0.00     20.59      0.00      0.00         0         0
PCI_CLK                                 M,D       386      2        0      0.00      7.37      0.00      0.00         0         0
ate_clk                                 M,D         0      0        0      0.00      0.00        --        --         0         0
------------------------------------------------------------------------------------------------------------------------------------
All Clocks                                       5150      3        0      0.00    168.24      0.00      0.00         0         0


1
