****************************************
Report : constraint
        -all_violators
Design : ORCA_TOP
Version: P-2019.03-SP1-VAL
Date   : Tue Jun 16 02:02:20 2020
****************************************

   late_timing
   -----------

Information: Timer using 'SI, Timing Window Analysis, CRPR'. (TIM-050)
Endpoint                         Path Delay     Path Required       CRP    Slack Group    Scenario
----------------------------------------------------------------------------------------------------------
I_RISC_CORE/I_INSTRN_LAT_Crnt_Instrn_2_reg_10_/D (SDFFX1_RVT)   2.17 r   2.17   0.00  -0.00 SYS_2x_CLK func_worst
I_BLENDER_1/R_298/D (SDFFX1_LVT)   4.65 f         4.47           0.00    -0.17   SYS_CLK  func_worst
I_BLENDER_1/R_464/D (SDFFX2_LVT)   4.56 f         4.39           0.00    -0.17   SYS_CLK  func_worst
I_BLENDER_1/R_488/D (SDFFX2_LVT)   4.55 f         4.38           0.00    -0.17   SYS_CLK  func_worst
I_BLENDER_1/R_626/D (SDFFX2_LVT)   4.55 f         4.38           0.00    -0.16   SYS_CLK  func_worst
I_BLENDER_1/R_586/D (SDFFX2_LVT)   4.54 f         4.38           0.00    -0.16   SYS_CLK  func_worst
I_BLENDER_1/R_632/D (SDFFX2_LVT)   4.54 f         4.39           0.00    -0.16   SYS_CLK  func_worst
I_BLENDER_0/R_507/D (SDFFX1_LVT)   4.61 f         4.46           0.00    -0.15   SYS_CLK  func_worst
I_BLENDER_0/R_391/D (SDFFX1_LVT)   4.62 f         4.47           0.00    -0.15   SYS_CLK  func_worst
I_BLENDER_0/R_323/D (SDFFX1_LVT)   4.61 f         4.47           0.00    -0.14   SYS_CLK  func_worst
I_BLENDER_0/R_704/D (SDFFX1_LVT)   4.60 f         4.46           0.00    -0.14   SYS_CLK  func_worst
I_BLENDER_1/R_310/D (SDFFX1_LVT)   4.65 r         4.52           0.00    -0.14   SYS_CLK  func_worst
I_BLENDER_1/s4_op1_reg_21_/D (SDFFX2_LVT)   4.51 f   4.37        0.00    -0.14   SYS_CLK  func_worst
I_BLENDER_0/R_248/D (SDFFX1_LVT)   4.60 f         4.46           0.00    -0.14   SYS_CLK  func_worst
I_BLENDER_0/R_699/D (SDFFX1_LVT)   4.60 f         4.46           0.00    -0.14   SYS_CLK  func_worst
I_BLENDER_0/R_697/D (SDFFX1_LVT)   4.67 r         4.53           0.00    -0.13   SYS_CLK  func_worst
I_BLENDER_0/R_559/D (SDFFX1_LVT)   4.57 f         4.45           0.00    -0.13   SYS_CLK  func_worst
I_BLENDER_0/R_436/D (SDFFX1_LVT)   4.60 f         4.47           0.00    -0.12   SYS_CLK  func_worst
I_BLENDER_1/R_476/D (SDFFX1_LVT)   4.57 f         4.45           0.00    -0.12   SYS_CLK  func_worst
I_BLENDER_1/R_482/D (SDFFX1_LVT)   4.57 f         4.45           0.00    -0.12   SYS_CLK  func_worst
I_BLENDER_0/s4_op2_reg_26_/D (SDFFX2_LVT)   4.50 f   4.38        0.00    -0.12   SYS_CLK  func_worst
I_BLENDER_0/R_384/D (SDFFX1_LVT)   4.58 f         4.47           0.00    -0.11   SYS_CLK  func_worst
I_BLENDER_1/R_417/D (SDFFX1_LVT)   4.58 f         4.47           0.00    -0.11   SYS_CLK  func_worst
I_BLENDER_0/R_329/D (SDFFX1_LVT)   4.58 f         4.47           0.00    -0.11   SYS_CLK  func_worst
I_BLENDER_1/R_348/D (SDFFX1_LVT)   4.57 f         4.46           0.00    -0.11   SYS_CLK  func_worst
I_BLENDER_1/R_752/D (SDFFX1_LVT)   4.58 f         4.47           0.00    -0.10   SYS_CLK  func_worst
I_BLENDER_0/R_239/D (SDFFX1_LVT)   4.56 f         4.46           0.00    -0.10   SYS_CLK  func_worst
I_BLENDER_1/R_414/D (SDFFX1_LVT)   4.57 f         4.47           0.00    -0.10   SYS_CLK  func_worst
I_BLENDER_1/R_410/D (SDFFX1_LVT)   4.56 f         4.46           0.00    -0.10   SYS_CLK  func_worst
I_BLENDER_1/R_658/D (SDFFX1_LVT)   4.56 f         4.46           0.00    -0.10   SYS_CLK  func_worst
I_BLENDER_1/R_646/D (SDFFX2_LVT)   4.48 f         4.38           0.00    -0.09   SYS_CLK  func_worst
I_BLENDER_1/R_235/D (SDFFX1_LVT)   4.56 f         4.46           0.00    -0.09   SYS_CLK  func_worst
I_BLENDER_1/R_375/D (SDFFX1_LVT)   4.56 f         4.47           0.00    -0.09   SYS_CLK  func_worst
I_BLENDER_0/R_422/D (SDFFX1_LVT)   4.55 f         4.46           0.00    -0.09   SYS_CLK  func_worst
I_BLENDER_1/s4_op2_reg_19_/D (SDFFX2_LVT)   4.48 f   4.39        0.00    -0.09   SYS_CLK  func_worst
I_BLENDER_0/s4_op2_reg_24_/D (SDFFX2_LVT)   4.48 f   4.40        0.00    -0.09   SYS_CLK  func_worst
I_BLENDER_0/s4_op2_reg_30_/D (SDFFX1_LVT)   4.61 r   4.52        0.00    -0.09   SYS_CLK  func_worst
I_BLENDER_1/R_614/D (SDFFX2_LVT)   4.47 f         4.38           0.00    -0.08   SYS_CLK  func_worst
I_BLENDER_0/R_738/D (SDFFX1_LVT)   4.54 f         4.46           0.00    -0.08   SYS_CLK  func_worst
I_BLENDER_1/R_598/D (SDFFX1_LVT)   4.54 f         4.46           0.00    -0.08   SYS_CLK  func_worst
I_BLENDER_1/R_427/D (SDFFX1_LVT)   4.55 f         4.47           0.00    -0.08   SYS_CLK  func_worst
I_BLENDER_1/R_592/D (SDFFX2_LVT)   4.46 f         4.38           0.00    -0.08   SYS_CLK  func_worst
I_BLENDER_0/R_493/D (SDFFX1_LVT)   4.55 f         4.47           0.00    -0.08   SYS_CLK  func_worst
I_BLENDER_0/R_496/D (SDFFX1_LVT)   4.52 f         4.44           0.00    -0.07   SYS_CLK  func_worst
I_BLENDER_1/R_344/D (SDFFX1_LVT)   4.53 f         4.45           0.00    -0.07   SYS_CLK  func_worst
I_BLENDER_1/R_620/D (SDFFX2_LVT)   4.44 f         4.37           0.00    -0.07   SYS_CLK  func_worst
I_BLENDER_0/s3_op1_reg_30_/D (SDFFX2_LVT)   4.46 f   4.40        0.00    -0.06   SYS_CLK  func_worst
I_BLENDER_0/R_553/D (SDFFX1_LVT)   4.52 f         4.46           0.00    -0.06   SYS_CLK  func_worst
I_BLENDER_1/R_395/D (SDFFX1_LVT)   4.51 f         4.45           0.00    -0.06   SYS_CLK  func_worst
I_BLENDER_0/R_521/D (SDFFX1_LVT)   4.50 f         4.44           0.00    -0.06   SYS_CLK  func_worst
I_BLENDER_1/s4_op1_reg_19_/D (SDFFX1_LVT)   4.49 f   4.43        0.00    -0.06   SYS_CLK  func_worst
I_BLENDER_1/R_513/D (SDFFX1_LVT)   4.52 f         4.46           0.00    -0.06   SYS_CLK  func_worst
I_BLENDER_1/R_604/D (SDFFX1_LVT)   4.52 f         4.46           0.00    -0.06   SYS_CLK  func_worst
I_BLENDER_1/R_638/D (SDFFX2_LVT)   4.44 f         4.39           0.00    -0.06   SYS_CLK  func_worst
I_BLENDER_0/R_701/D (SDFFX1_LVT)   4.52 f         4.47           0.00    -0.06   SYS_CLK  func_worst
I_BLENDER_1/R_746/D (SDFFX1_LVT)   4.51 f         4.46           0.00    -0.06   SYS_CLK  func_worst
I_BLENDER_1/s4_op2_reg_18_/D (SDFFX1_LVT)   4.52 f   4.46        0.00    -0.05   SYS_CLK  func_worst
I_BLENDER_0/R_332/D (SDFFX1_LVT)   4.59 r         4.54           0.00    -0.05   SYS_CLK  func_worst
I_BLENDER_1/R_652/D (SDFFX2_LVT)   4.43 f         4.38           0.00    -0.05   SYS_CLK  func_worst
I_BLENDER_0/R_446/D (SDFFX1_LVT)   4.51 f         4.46           0.00    -0.05   SYS_CLK  func_worst
I_BLENDER_1/R_470/D (SDFFX1_LVT)   4.50 f         4.45           0.00    -0.05   SYS_CLK  func_worst
I_BLENDER_1/R_413/D (SDFFX1_LVT)   4.51 f         4.46           0.00    -0.05   SYS_CLK  func_worst
I_BLENDER_0/s4_op2_reg_29_/D (SDFFX1_LVT)   4.52 f   4.47        0.00    -0.05   SYS_CLK  func_worst
I_BLENDER_1/R_499/D (SDFFX1_LVT)   4.50 f         4.45           0.00    -0.04   SYS_CLK  func_worst
I_BLENDER_0/R_443/D (SDFFX1_LVT)   4.50 f         4.46           0.00    -0.04   SYS_CLK  func_worst
I_BLENDER_1/s4_op1_reg_18_/D (SDFFX2_LVT)   4.55 r   4.50        0.00    -0.04   SYS_CLK  func_worst
I_BLENDER_1/s4_op1_reg_22_/D (SDFFX1_LVT)   4.49 f   4.45        0.00    -0.04   SYS_CLK  func_worst
I_BLENDER_0/R_432/D (SDFFX1_LVT)   4.51 f         4.47           0.00    -0.04   SYS_CLK  func_worst
I_BLENDER_1/R_416/D (SDFFX1_LVT)   4.50 f         4.47           0.00    -0.04   SYS_CLK  func_worst
I_BLENDER_0/s4_op2_reg_22_/D (SDFFX2_LVT)   4.44 f   4.40        0.00    -0.04   SYS_CLK  func_worst
I_BLENDER_0/s4_op1_reg_25_/D (SDFFX1_LVT)   4.55 r   4.51        0.00    -0.04   SYS_CLK  func_worst
I_BLENDER_1/R_351/D (SDFFX1_LVT)   4.47 f         4.43           0.00    -0.03   SYS_CLK  func_worst
I_BLENDER_1/R_452/D (SDFFX1_LVT)   4.48 f         4.45           0.00    -0.03   SYS_CLK  func_worst
I_BLENDER_0/R_581/D (SDFFX1_LVT)   4.50 f         4.47           0.00    -0.03   SYS_CLK  func_worst
I_BLENDER_1/R_268/D (SDFFX1_LVT)   4.49 f         4.46           0.00    -0.03   SYS_CLK  func_worst
I_BLENDER_0/s3_op1_reg_31_/D (SDFFX1_LVT)   4.55 r   4.52        0.00    -0.03   SYS_CLK  func_worst
I_BLENDER_1/R_511/D (SDFFX1_LVT)   4.49 f         4.47           0.00    -0.03   SYS_CLK  func_worst
I_BLENDER_0/s4_op2_reg_28_/D (SDFFX1_LVT)   4.56 r   4.53        0.00    -0.02   SYS_CLK  func_worst
I_BLENDER_1/s4_op1_reg_23_/D (SDFFX1_LVT)   4.49 f   4.47        0.00    -0.02   SYS_CLK  func_worst
I_BLENDER_1/R_747/D (SDFFX1_LVT)   4.47 f         4.45           0.00    -0.02   SYS_CLK  func_worst
I_BLENDER_1/R_280/D (SDFFX1_LVT)   4.49 f         4.47           0.00    -0.02   SYS_CLK  func_worst
I_BLENDER_0/s4_op2_reg_31_/D (SDFFX1_LVT)   4.48 f   4.46        0.00    -0.02   SYS_CLK  func_worst
I_BLENDER_0/R_434/D (SDFFX1_LVT)   4.47 f         4.46           0.00    -0.02   SYS_CLK  func_worst
I_BLENDER_1/R_333/D (SDFFX1_LVT)   4.47 f         4.46           0.00    -0.02   SYS_CLK  func_worst
I_BLENDER_0/s4_op1_reg_21_/D (SDFFX1_LVT)   4.46 f   4.44        0.00    -0.01   SYS_CLK  func_worst
I_BLENDER_0/s4_op2_reg_8_/D (SDFFARX1_LVT)   4.39 f   4.38       0.00    -0.01   SYS_CLK  func_worst
I_BLENDER_1/R_347/D (SDFFX1_LVT)   4.53 r         4.52           0.00    -0.01   SYS_CLK  func_worst
I_BLENDER_1/R_292/D (SDFFX1_LVT)   4.48 f         4.47           0.00    -0.01   SYS_CLK  func_worst
I_BLENDER_1/R_409/D (SDFFX1_LVT)   4.45 f         4.44           0.00    -0.01   SYS_CLK  func_worst
I_BLENDER_0/R_495/D (SDFFX1_LVT)   4.45 f         4.44           0.00    -0.01   SYS_CLK  func_worst
I_BLENDER_1/s4_op1_reg_20_/D (SDFFX1_LVT)   4.53 r   4.52        0.00    -0.01   SYS_CLK  func_worst
I_BLENDER_1/s4_op1_reg_31_/D (SDFFX1_LVT)   4.46 f   4.46        0.00    -0.00   SYS_CLK  func_worst
I_BLENDER_0/R_745/D (SDFFX1_LVT)   4.46 f         4.46           0.00    -0.00   SYS_CLK  func_worst
I_BLENDER_0/R_574/D (SDFFX1_LVT)   4.45 f         4.45           0.00    -0.00   SYS_CLK  func_worst
I_BLENDER_0/R_450/D (SDFFX1_LVT)   4.46 f         4.46           0.00    -0.00   SYS_CLK  func_worst
I_BLENDER_0/s4_op1_reg_30_/D (SDFFX1_LVT)   4.45 f   4.45        0.00    -0.00   SYS_CLK  func_worst
I_BLENDER_0/R_578/D (SDFFX1_LVT)   4.48 f         4.48           0.00    -0.00   SYS_CLK  func_worst

   early_timing
   -----------

Warning: Scenario func_worst is not configured for hold analysis: skipping. (UIC-058)
Error: None of the specified scenarios are active for hold analysis. (UIC-057)
Information: Timer using 'SI, Timing Window Analysis, CRPR'. (TIM-050)
Endpoint                         Path Delay     Path Required       CRP    Slack Group    Scenario
----------------------------------------------------------------------------------------------------------
No paths.

   Mode: func Corner: Cmax
   Scenario: func_worst
   max_transition                                                              
                             Required        Actual                            
   Net                      Transition     Transition        Slack  Violation  
  ---------------------------------------------------------------------------
   I_BLENDER_1/n2020            0.14           0.14          -0.01  (VIOLATED) 
     PIN : I_BLENDER_1/R_673/Q     0.14        0.14          -0.01  (VIOLATED) 

   I_RISC_CORE/n320             0.07           0.08          -0.01  (VIOLATED) 
     PIN : I_RISC_CORE/I_DATA_PATH_Oprnd_B_reg_4_/Q     0.07     0.08    -0.01 (VIOLATED)

   I_BLENDER_1/s2_op1[23]       0.28           0.28          -0.00  (VIOLATED) 
     PIN : I_BLENDER_1/s2_op1_reg_23_/QN     0.28     0.28    -0.00 (VIOLATED) 

   I_RISC_CORE/n1267            0.10           0.10          -0.00  (VIOLATED) 
     PIN : I_RISC_CORE/I_DATA_PATH_Oprnd_B_reg_0_/QN     0.10     0.10    -0.00 (VIOLATED)

  ---------------------------------------------------------------------------
   Number of max_transition violation(s): 4

   Mode: func Corner: Cmax
   Scenario: func_worst
   max_capacitance                                                             
                             Required        Actual                            
   Net                      Capacitance    Capacitance       Slack  Violation  
  ---------------------------------------------------------------------------
   I_RISC_CORE/I_REG_FILE_data_out_A[6]    25.00    77.01   -52.01  (VIOLATED) 
     PIN : I_RISC_CORE/I_REG_FILE_REG_FILE_A_RAM/O2[6]    25.00    77.01   -52.01 (VIOLATED)

   I_RISC_CORE/I_REG_FILE_data_out_A[11]    25.00    77.00   -52.00 (VIOLATED) 
     PIN : I_RISC_CORE/I_REG_FILE_REG_FILE_A_RAM/O2[11]    25.00    77.00   -52.00 (VIOLATED)

   I_RISC_CORE/I_REG_FILE_data_out_A[12]    25.00    76.95   -51.95 (VIOLATED) 
     PIN : I_RISC_CORE/I_REG_FILE_REG_FILE_A_RAM/O2[12]    25.00    76.95   -51.95 (VIOLATED)

   I_RISC_CORE/I_REG_FILE_data_out_A[15]    25.00    76.54   -51.54 (VIOLATED) 
     PIN : I_RISC_CORE/I_REG_FILE_REG_FILE_A_RAM/O2[15]    25.00    76.54   -51.54 (VIOLATED)

   I_RISC_CORE/I_REG_FILE_data_out_A[7]    25.00    76.24   -51.24  (VIOLATED) 
     PIN : I_RISC_CORE/I_REG_FILE_REG_FILE_A_RAM/O2[7]    25.00    76.24   -51.24 (VIOLATED)

   I_RISC_CORE/I_REG_FILE_data_out_A[10]    25.00    75.87   -50.87 (VIOLATED) 
     PIN : I_RISC_CORE/I_REG_FILE_REG_FILE_A_RAM/O2[10]    25.00    75.87   -50.87 (VIOLATED)

   I_RISC_CORE/I_REG_FILE_data_out_A[4]    25.00    75.68   -50.68  (VIOLATED) 
     PIN : I_RISC_CORE/I_REG_FILE_REG_FILE_A_RAM/O2[4]    25.00    75.68   -50.68 (VIOLATED)

   I_RISC_CORE/I_REG_FILE_data_out_A[9]    25.00    75.33   -50.33  (VIOLATED) 
     PIN : I_RISC_CORE/I_REG_FILE_REG_FILE_A_RAM/O2[9]    25.00    75.33   -50.33 (VIOLATED)

   I_RISC_CORE/I_REG_FILE_data_out_A[13]    25.00    75.18   -50.18 (VIOLATED) 
     PIN : I_RISC_CORE/I_REG_FILE_REG_FILE_A_RAM/O2[13]    25.00    75.18   -50.18 (VIOLATED)

   I_RISC_CORE/I_REG_FILE_data_out_A[2]    25.00    75.00   -50.00  (VIOLATED) 
     PIN : I_RISC_CORE/I_REG_FILE_REG_FILE_A_RAM/O2[2]    25.00    75.00   -50.00 (VIOLATED)

   I_RISC_CORE/I_REG_FILE_data_out_A[5]    25.00    74.45   -49.45  (VIOLATED) 
     PIN : I_RISC_CORE/I_REG_FILE_REG_FILE_A_RAM/O2[5]    25.00    74.45   -49.45 (VIOLATED)

   I_RISC_CORE/I_REG_FILE_data_out_A[0]    25.00    74.44   -49.44  (VIOLATED) 
     PIN : I_RISC_CORE/I_REG_FILE_REG_FILE_A_RAM/O2[0]    25.00    74.44   -49.44 (VIOLATED)

   I_RISC_CORE/I_REG_FILE_data_out_A[1]    25.00    74.38   -49.38  (VIOLATED) 
     PIN : I_RISC_CORE/I_REG_FILE_REG_FILE_A_RAM/O2[1]    25.00    74.38   -49.38 (VIOLATED)

   I_RISC_CORE/I_REG_FILE_data_out_A[8]    25.00    73.93   -48.93  (VIOLATED) 
     PIN : I_RISC_CORE/I_REG_FILE_REG_FILE_A_RAM/O2[8]    25.00    73.93   -48.93 (VIOLATED)

   I_RISC_CORE/I_REG_FILE_data_out_A[14]    25.00    73.66   -48.66 (VIOLATED) 
     PIN : I_RISC_CORE/I_REG_FILE_REG_FILE_A_RAM/O2[14]    25.00    73.66   -48.66 (VIOLATED)

   I_RISC_CORE/I_REG_FILE_data_out_A[3]    25.00    73.52   -48.52  (VIOLATED) 
     PIN : I_RISC_CORE/I_REG_FILE_REG_FILE_A_RAM/O2[3]    25.00    73.52   -48.52 (VIOLATED)

   I_RISC_CORE/RegPort_B[6]    25.00          68.30         -43.30  (VIOLATED) 
     PIN : I_RISC_CORE/I_REG_FILE_REG_FILE_D_RAM/O2[6]    25.00    68.30   -43.30 (VIOLATED)

   sd_DQ_en[0]                 82.00         124.36         -42.36  (VIOLATED) 
     PIN : ZBUF_inst_2589/Y    82.00         124.36         -42.36  (VIOLATED) 

   I_RISC_CORE/RegPort_B[7]    25.00          67.34         -42.34  (VIOLATED) 
     PIN : I_RISC_CORE/I_REG_FILE_REG_FILE_D_RAM/O2[7]    25.00    67.34   -42.34 (VIOLATED)

   I_RISC_CORE/RegPort_B[2]    25.00          66.80         -41.80  (VIOLATED) 
     PIN : I_RISC_CORE/I_REG_FILE_REG_FILE_D_RAM/O2[2]    25.00    66.80   -41.80 (VIOLATED)

   I_RISC_CORE/RegPort_B[4]    25.00          66.55         -41.55  (VIOLATED) 
     PIN : I_RISC_CORE/I_REG_FILE_REG_FILE_D_RAM/O2[4]    25.00    66.55   -41.55 (VIOLATED)

   sd_DQ_en[14]                82.00         123.14         -41.14  (VIOLATED) 
     PIN : ZBUF_inst_2588/Y    82.00         123.14         -41.14  (VIOLATED) 

   I_RISC_CORE/RegPort_B[5]    25.00          65.35         -40.35  (VIOLATED) 
     PIN : I_RISC_CORE/I_REG_FILE_REG_FILE_D_RAM/O2[5]    25.00    65.35   -40.35 (VIOLATED)

   I_RISC_CORE/RegPort_B[1]    25.00          65.08         -40.08  (VIOLATED) 
     PIN : I_RISC_CORE/I_REG_FILE_REG_FILE_D_RAM/O2[1]    25.00    65.08   -40.08 (VIOLATED)

   I_RISC_CORE/RegPort_B[0]    25.00          64.21         -39.21  (VIOLATED) 
     PIN : I_RISC_CORE/I_REG_FILE_REG_FILE_D_RAM/O2[0]    25.00    64.21   -39.21 (VIOLATED)

   I_RISC_CORE/RegPort_B[3]    25.00          64.05         -39.05  (VIOLATED) 
     PIN : I_RISC_CORE/I_REG_FILE_REG_FILE_D_RAM/O2[3]    25.00    64.05   -39.05 (VIOLATED)

   I_RISC_CORE/RegPort_B[15]    25.00         61.54         -36.54  (VIOLATED) 
     PIN : I_RISC_CORE/I_REG_FILE_REG_FILE_B_RAM/O2[15]    25.00    61.54   -36.54 (VIOLATED)

   I_SDRAM_TOP/I_SDRAM_IF/HFSNET_1209    82.00   116.23     -34.23  (VIOLATED) 
     PIN : I_SDRAM_TOP/I_SDRAM_IF/HFSBUF_59624_1283/Y    82.00   116.23   -34.23 (VIOLATED)

   I_RISC_CORE/RegPort_B[11]    25.00         58.78         -33.78  (VIOLATED) 
     PIN : I_RISC_CORE/I_REG_FILE_REG_FILE_B_RAM/O2[11]    25.00    58.78   -33.78 (VIOLATED)

   I_RISC_CORE/RegPort_B[13]    25.00         58.11         -33.11  (VIOLATED) 
     PIN : I_RISC_CORE/I_REG_FILE_REG_FILE_B_RAM/O2[13]    25.00    58.11   -33.11 (VIOLATED)

   I_RISC_CORE/RegPort_B[14]    25.00         58.04         -33.04  (VIOLATED) 
     PIN : I_RISC_CORE/I_REG_FILE_REG_FILE_B_RAM/O2[14]    25.00    58.04   -33.04 (VIOLATED)

   I_RISC_CORE/RegPort_B[12]    25.00         57.67         -32.67  (VIOLATED) 
     PIN : I_RISC_CORE/I_REG_FILE_REG_FILE_B_RAM/O2[12]    25.00    57.67   -32.67 (VIOLATED)

   I_RISC_CORE/RegPort_B[10]    25.00         57.40         -32.40  (VIOLATED) 
     PIN : I_RISC_CORE/I_REG_FILE_REG_FILE_B_RAM/O2[10]    25.00    57.40   -32.40 (VIOLATED)

   I_RISC_CORE/RegPort_B[9]    25.00          57.26         -32.26  (VIOLATED) 
     PIN : I_RISC_CORE/I_REG_FILE_REG_FILE_B_RAM/O2[9]    25.00    57.26   -32.26 (VIOLATED)

   I_RISC_CORE/RegPort_B[8]    25.00          56.69         -31.69  (VIOLATED) 
     PIN : I_RISC_CORE/I_REG_FILE_REG_FILE_B_RAM/O2[8]    25.00    56.69   -31.69 (VIOLATED)

   I_RISC_CORE/I_REG_FILE_data_out_C[2]    25.00    52.69   -27.69  (VIOLATED) 
     PIN : I_RISC_CORE/I_REG_FILE_REG_FILE_C_RAM/O2[2]    25.00    52.69   -27.69 (VIOLATED)

   I_RISC_CORE/I_REG_FILE_data_out_C[7]    25.00    52.35   -27.35  (VIOLATED) 
     PIN : I_RISC_CORE/I_REG_FILE_REG_FILE_C_RAM/O2[7]    25.00    52.35   -27.35 (VIOLATED)

   I_RISC_CORE/I_REG_FILE_data_out_C[13]    25.00    52.33   -27.33 (VIOLATED) 
     PIN : I_RISC_CORE/I_REG_FILE_REG_FILE_C_RAM/O2[13]    25.00    52.33   -27.33 (VIOLATED)

   n494                        82.00         109.18         -27.18  (VIOLATED) 
     PIN : I_RISC_CORE/HFSBUF_42_1520/Y    82.00   109.18   -27.18  (VIOLATED) 

   I_RISC_CORE/I_REG_FILE_data_out_C[9]    25.00    52.10   -27.10  (VIOLATED) 
     PIN : I_RISC_CORE/I_REG_FILE_REG_FILE_C_RAM/O2[9]    25.00    52.10   -27.10 (VIOLATED)

   I_SDRAM_TOP/I_SDRAM_IF/HFSNET_969    82.00   108.80      -26.80  (VIOLATED) 
     PIN : I_SDRAM_TOP/I_SDRAM_IF/HFSBUF_86379_1043/Y    82.00   108.80   -26.80 (VIOLATED)

   I_RISC_CORE/I_REG_FILE_data_out_C[0]    25.00    51.37   -26.37  (VIOLATED) 
     PIN : I_RISC_CORE/I_REG_FILE_REG_FILE_C_RAM/O2[0]    25.00    51.37   -26.37 (VIOLATED)

   I_RISC_CORE/I_REG_FILE_data_out_C[12]    25.00    51.24   -26.24 (VIOLATED) 
     PIN : I_RISC_CORE/I_REG_FILE_REG_FILE_C_RAM/O2[12]    25.00    51.24   -26.24 (VIOLATED)

   n495                        82.00         108.24         -26.24  (VIOLATED) 
     PIN : I_RISC_CORE/HFSBUF_58_1516/Y    82.00   108.24   -26.24  (VIOLATED) 

   n497                        82.00         108.06         -26.06  (VIOLATED) 
     PIN : I_RISC_CORE/ZBUF_inst_2482/Y    82.00   108.06   -26.06  (VIOLATED) 

   I_RISC_CORE/HFSNET_1430     82.00         107.94         -25.94  (VIOLATED) 
     PIN : I_RISC_CORE/HFSBUF_55_1531/Y    82.00   107.94   -25.94  (VIOLATED) 

   I_RISC_CORE/I_REG_FILE_data_out_C[4]    25.00    50.79   -25.79  (VIOLATED) 
     PIN : I_RISC_CORE/I_REG_FILE_REG_FILE_C_RAM/O2[4]    25.00    50.79   -25.79 (VIOLATED)

   I_CONTEXT_MEM/ZBUF_543      82.00         107.77         -25.77  (VIOLATED) 
     PIN : I_CONTEXT_MEM/ZBUF_inst_2767/Y    82.00   107.77   -25.77 (VIOLATED)

   I_RISC_CORE/I_REG_FILE_data_out_C[5]    25.00    50.74   -25.74  (VIOLATED) 
     PIN : I_RISC_CORE/I_REG_FILE_REG_FILE_C_RAM/O2[5]    25.00    50.74   -25.74 (VIOLATED)

   I_RISC_CORE/I_REG_FILE_data_out_C[14]    25.00    50.32   -25.32 (VIOLATED) 
     PIN : I_RISC_CORE/I_REG_FILE_REG_FILE_C_RAM/O2[14]    25.00    50.32   -25.32 (VIOLATED)

   I_RISC_CORE/I_REG_FILE_data_out_C[15]    25.00    50.23   -25.23 (VIOLATED) 
     PIN : I_RISC_CORE/I_REG_FILE_REG_FILE_C_RAM/O2[15]    25.00    50.23   -25.23 (VIOLATED)

   I_RISC_CORE/I_REG_FILE_data_out_C[10]    25.00    50.01   -25.01 (VIOLATED) 
     PIN : I_RISC_CORE/I_REG_FILE_REG_FILE_C_RAM/O2[10]    25.00    50.01   -25.01 (VIOLATED)

   I_RISC_CORE/I_REG_FILE_data_out_C[6]    25.00    49.90   -24.90  (VIOLATED) 
     PIN : I_RISC_CORE/I_REG_FILE_REG_FILE_C_RAM/O2[6]    25.00    49.90   -24.90 (VIOLATED)

   I_SDRAM_TOP/I_SDRAM_IF/ZBUF_523    82.00   106.33        -24.33  (VIOLATED) 
     PIN : I_SDRAM_TOP/I_SDRAM_IF/ZBUF_inst_2740/Y    82.00   106.33   -24.33 (VIOLATED)

   I_RISC_CORE/I_REG_FILE_data_out_C[11]    25.00    48.99   -23.99 (VIOLATED) 
     PIN : I_RISC_CORE/I_REG_FILE_REG_FILE_C_RAM/O2[11]    25.00    48.99   -23.99 (VIOLATED)

   n509                        82.00         105.53         -23.53  (VIOLATED) 
     PIN : I_RISC_CORE/ZBUF_inst_3673/Y    82.00   105.53   -23.53  (VIOLATED) 

   n496                        82.00         105.36         -23.36  (VIOLATED) 
     PIN : I_RISC_CORE/HFSBUF_38_1515/Y    82.00   105.36   -23.36  (VIOLATED) 

   I_RISC_CORE/I_REG_FILE_data_out_C[1]    25.00    48.30   -23.30  (VIOLATED) 
     PIN : I_RISC_CORE/I_REG_FILE_REG_FILE_C_RAM/O2[1]    25.00    48.30   -23.30 (VIOLATED)

   I_RISC_CORE/I_REG_FILE_data_out_C[3]    25.00    48.10   -23.10  (VIOLATED) 
     PIN : I_RISC_CORE/I_REG_FILE_REG_FILE_C_RAM/O2[3]    25.00    48.10   -23.10 (VIOLATED)

   I_RISC_CORE/I_REG_FILE_data_out_C[8]    25.00    48.09   -23.09  (VIOLATED) 
     PIN : I_RISC_CORE/I_REG_FILE_REG_FILE_C_RAM/O2[8]    25.00    48.09   -23.09 (VIOLATED)

   I_RISC_CORE/HFSNET_80       82.00         104.67         -22.67  (VIOLATED) 
     PIN : I_RISC_CORE/HFSBUF_13_111/Y    82.00   104.67    -22.67  (VIOLATED) 

   n511                        82.00         104.50         -22.50  (VIOLATED) 
     PIN : I_RISC_CORE/HFSBUF_159_431/Y    82.00   104.50   -22.50  (VIOLATED) 

   I_RISC_CORE/HFSNET_100      82.00         104.01         -22.01  (VIOLATED) 
     PIN : I_RISC_CORE/HFSBUF_13_131/Y    82.00   104.01    -22.01  (VIOLATED) 

   pad_out[16]                 82.00         102.57         -20.57  (VIOLATED) 
     PIN : ZBUF_inst_2596/Y    82.00         102.57         -20.57  (VIOLATED) 

   n510                        82.00         102.21         -20.21  (VIOLATED) 
     PIN : I_RISC_CORE/HFSBUF_229_430/Y    82.00   102.21   -20.21  (VIOLATED) 

   I_SDRAM_TOP/I_SDRAM_IF/ZBUF_888    82.00   102.12        -20.12  (VIOLATED) 
     PIN : I_SDRAM_TOP/I_SDRAM_IF/ZBUF_inst_3284/Y    82.00   102.12   -20.12 (VIOLATED)

   preq_n                      82.00         101.59         -19.59  (VIOLATED) 
     PIN : ZBUF_inst_2592/Y    82.00         101.59         -19.59  (VIOLATED) 

   n513                        82.00         101.47         -19.47  (VIOLATED) 
     PIN : I_RISC_CORE/ZBUF_inst_2160/Y    82.00   101.47   -19.47  (VIOLATED) 

   ppar_en                     82.00         101.42         -19.42  (VIOLATED) 
     PIN : ZBUF_inst_2594/Y    82.00         101.42         -19.42  (VIOLATED) 

   pack_n                      82.00         101.38         -19.38  (VIOLATED) 
     PIN : ZBUF_inst_2593/Y    82.00         101.38         -19.38  (VIOLATED) 

   pserr_n_out                 82.00         101.29         -19.29  (VIOLATED) 
     PIN : ZBUF_inst_2595/Y    82.00         101.29         -19.29  (VIOLATED) 

   n493                        82.00         101.18         -19.18  (VIOLATED) 
     PIN : I_RISC_CORE/ZBUF_inst_3668/Y    82.00   101.18   -19.18  (VIOLATED) 

   n514                        82.00         100.63         -18.63  (VIOLATED) 
     PIN : I_RISC_CORE/HFSBUF_167_1355/Y    82.00   100.63   -18.63 (VIOLATED) 

   I_RISC_CORE/ZBUF_554        82.00          99.92         -17.92  (VIOLATED) 
     PIN : I_RISC_CORE/ZBUF_inst_2785/Y    82.00    99.92   -17.92  (VIOLATED) 

   I_RISC_CORE/HFSNET_81       82.00          99.74         -17.74  (VIOLATED) 
     PIN : I_RISC_CORE/HFSBUF_13_112/Y    82.00    99.74    -17.74  (VIOLATED) 

   I_RISC_CORE/ZBUF_391        82.00          99.44         -17.44  (VIOLATED) 
     PIN : I_RISC_CORE/ZBUF_inst_2534/Y    82.00    99.44   -17.44  (VIOLATED) 

   I_PCI_TOP/n504              32.00          49.23         -17.23  (VIOLATED) 
     PIN : I_PCI_TOP/U625/Y    32.00          49.23         -17.23  (VIOLATED) 

   I_RISC_CORE/HFSNET_99       82.00          98.79         -16.79  (VIOLATED) 
     PIN : I_RISC_CORE/HFSBUF_13_130/Y    82.00    98.79    -16.79  (VIOLATED) 

   I_RISC_CORE/ZBUF_1074       82.00          97.86         -15.86  (VIOLATED) 
     PIN : I_RISC_CORE/ZBUF_inst_3681/Y    82.00    97.86   -15.86  (VIOLATED) 

   n508                        82.00          97.33         -15.33  (VIOLATED) 
     PIN : I_RISC_CORE/HFSBUF_191_432/Y    82.00    97.33   -15.33  (VIOLATED) 

   I_RISC_CORE/HFSNET_86       82.00          97.09         -15.09  (VIOLATED) 
     PIN : I_RISC_CORE/HFSBUF_20_117/Y    82.00    97.09    -15.09  (VIOLATED) 

   I_RISC_CORE/HFSNET_92       82.00          96.72         -14.72  (VIOLATED) 
     PIN : I_RISC_CORE/HFSBUF_20_123/Y    82.00    96.72    -14.72  (VIOLATED) 

   I_RISC_CORE/ZBUF_1072       82.00          95.80         -13.80  (VIOLATED) 
     PIN : I_RISC_CORE/ZBUF_inst_3679/Y    82.00    95.80   -13.80  (VIOLATED) 

   I_SDRAM_TOP/I_SDRAM_IF/ZBUF_521    82.00    94.57        -12.57  (VIOLATED) 
     PIN : I_SDRAM_TOP/I_SDRAM_IF/ZBUF_inst_2736/Y    82.00    94.57   -12.57 (VIOLATED)

   n492                        82.00          93.26         -11.26  (VIOLATED) 
     PIN : I_RISC_CORE/ZBUF_inst_2475/Y    82.00    93.26   -11.26  (VIOLATED) 

   I_RISC_CORE/ZBUF_417        82.00          93.18         -11.18  (VIOLATED) 
     PIN : I_RISC_CORE/ZBUF_inst_2573/Y    82.00    93.18   -11.18  (VIOLATED) 

   I_RISC_CORE/HFSNET_95       82.00          93.14         -11.14  (VIOLATED) 
     PIN : I_RISC_CORE/HFSBUF_20_126/Y    82.00    93.14    -11.14  (VIOLATED) 

   I_RISC_CORE/ZBUF_1069       82.00          93.10         -11.10  (VIOLATED) 
     PIN : I_RISC_CORE/ZBUF_inst_3676/Y    82.00    93.10   -11.10  (VIOLATED) 

   I_RISC_CORE/HFSNET_98       82.00          92.80         -10.80  (VIOLATED) 
     PIN : I_RISC_CORE/HFSBUF_20_129/Y    82.00    92.80    -10.80  (VIOLATED) 

   I_RISC_CORE/ZBUF_1070       82.00          92.52         -10.52  (VIOLATED) 
     PIN : I_RISC_CORE/ZBUF_inst_3677/Y    82.00    92.52   -10.52  (VIOLATED) 

   I_RISC_CORE/HFSNET_83       82.00          92.45         -10.45  (VIOLATED) 
     PIN : I_RISC_CORE/HFSBUF_20_114/Y    82.00    92.45    -10.45  (VIOLATED) 

   I_RISC_CORE/HFSNET_90       82.00          89.44          -7.44  (VIOLATED) 
     PIN : I_RISC_CORE/HFSBUF_20_121/Y    82.00    89.44     -7.44  (VIOLATED) 

   I_RISC_CORE/ZBUF_614        82.00          89.22          -7.22  (VIOLATED) 
     PIN : I_RISC_CORE/ZBUF_inst_2884/Y    82.00    89.22    -7.22  (VIOLATED) 

   I_RISC_CORE/ZBUF_1073       82.00          88.95          -6.95  (VIOLATED) 
     PIN : I_RISC_CORE/ZBUF_inst_3680/Y    82.00    88.95    -6.95  (VIOLATED) 

   I_RISC_CORE/HFSNET_96       82.00          88.42          -6.42  (VIOLATED) 
     PIN : I_RISC_CORE/HFSBUF_20_127/Y    82.00    88.42     -6.42  (VIOLATED) 

   I_RISC_CORE/HFSNET_97       82.00          86.70          -4.70  (VIOLATED) 
     PIN : I_RISC_CORE/HFSBUF_20_128/Y    82.00    86.70     -4.70  (VIOLATED) 

   I_RISC_CORE/ZBUF_1071       82.00          86.66          -4.66  (VIOLATED) 
     PIN : I_RISC_CORE/ZBUF_inst_3678/Y    82.00    86.66    -4.66  (VIOLATED) 

   I_BLENDER_1/n1897           16.00          20.54          -4.54  (VIOLATED) 
     PIN : I_BLENDER_1/U436/Y    16.00        20.54          -4.54  (VIOLATED) 

   I_RISC_CORE/n320            16.00          18.22          -2.22  (VIOLATED) 
     PIN : I_RISC_CORE/I_DATA_PATH_Oprnd_B_reg_4_/Q    16.00    18.22    -2.22 (VIOLATED)

   I_RISC_CORE/n1267           16.00          18.04          -2.04  (VIOLATED) 
     PIN : I_RISC_CORE/I_DATA_PATH_Oprnd_B_reg_0_/QN    16.00    18.04    -2.04 (VIOLATED)

   I_BLENDER_0/n1138           16.00          17.94          -1.94  (VIOLATED) 
     PIN : I_BLENDER_0/U81/Y    16.00         17.94          -1.94  (VIOLATED) 

   I_BLENDER_0/n4253           16.00          17.76          -1.76  (VIOLATED) 
     PIN : I_BLENDER_0/U3824/Y    16.00       17.76          -1.76  (VIOLATED) 

   I_RISC_CORE/HFSNET_94       82.00          83.69          -1.69  (VIOLATED) 
     PIN : I_RISC_CORE/HFSBUF_20_125/Y    82.00    83.69     -1.69  (VIOLATED) 

   I_RISC_CORE/HFSNET_84       82.00          83.03          -1.03  (VIOLATED) 
     PIN : I_RISC_CORE/HFSBUF_20_115/Y    82.00    83.03     -1.03  (VIOLATED) 

   I_RISC_CORE/HFSNET_89       82.00          82.60          -0.60  (VIOLATED) 
     PIN : I_RISC_CORE/HFSBUF_20_120/Y    82.00    82.60     -0.60  (VIOLATED) 

   I_BLENDER_1/n2020            8.00           8.58          -0.58  (VIOLATED) 
     PIN : I_BLENDER_1/R_673/Q     8.00        8.58          -0.58  (VIOLATED) 

   I_RISC_CORE/aps_rename_2_    16.00         16.10          -0.10  (VIOLATED) 
     PIN : I_RISC_CORE/I_INSTRN_LAT_Crnt_Instrn_2_reg_16_/Q    16.00    16.10    -0.10 (VIOLATED)

   I_CONTEXT_MEM/n77           16.00          16.09          -0.09  (VIOLATED) 
     PIN : I_CONTEXT_MEM/U77/Y    16.00       16.09          -0.09  (VIOLATED) 

   net_sd_sys_read_data[51]    16.00          16.08          -0.08  (VIOLATED) 
     PIN : I_SDRAM_TOP/sram_fixcell_108/Y    16.00    16.08    -0.08 (VIOLATED)

   I_BLENDER_1/s2_op2[9]       16.00          16.06          -0.06  (VIOLATED) 
     PIN : I_BLENDER_1/R_542/Q    16.00       16.06          -0.06  (VIOLATED) 

   I_CONTEXT_MEM/sram_fixnet_178    32.00     32.06          -0.06  (VIOLATED) 
     PIN : I_CONTEXT_MEM/sram_fixcell_178/Y    32.00    32.06    -0.06 (VIOLATED)

   I_RISC_CORE/I_DATA_PATH_N15    16.00       16.06          -0.06  (VIOLATED) 
     PIN : I_RISC_CORE/U398/Y    16.00        16.06          -0.06  (VIOLATED) 

   I_BLENDER_0/add_x_25_n117     8.00          8.06          -0.06  (VIOLATED) 
     PIN : I_BLENDER_0/R_566/Q     8.00        8.06          -0.06  (VIOLATED) 

   I_BLENDER_0/n9282            8.00           8.05          -0.05  (VIOLATED) 
     PIN : I_BLENDER_0/U5849/S     8.00        8.05          -0.05  (VIOLATED) 

   I_BLENDER_1/ZBUF_846        16.00          16.05          -0.05  (VIOLATED) 
     PIN : I_BLENDER_1/ZBUF_inst_3211/Y    16.00    16.05    -0.05  (VIOLATED) 

   I_SDRAM_TOP/I_SDRAM_IF/mega_shift_0_40__2_     8.00     8.05    -0.05 (VIOLATED)
     PIN : I_SDRAM_TOP/I_SDRAM_IF/mega_shift_0_reg_40__2_/Q     8.00     8.05    -0.05 (VIOLATED)

   n381                         8.00           8.04          -0.04  (VIOLATED) 
     PIN : PSW_10__UPF_LS/Y     8.00           8.04          -0.04  (VIOLATED) 

   I_BLENDER_1/n3738           16.00          16.04          -0.04  (VIOLATED) 
     PIN : I_BLENDER_1/U2793/Y    16.00       16.04          -0.04  (VIOLATED) 

   I_BLENDER_0/n4382           16.00          16.04          -0.04  (VIOLATED) 
     PIN : I_BLENDER_0/U3839/Y    16.00       16.04          -0.04  (VIOLATED) 

   n2157                       16.00          16.02          -0.02  (VIOLATED) 
     PIN : I_CONTEXT_MEM/U126/Y    16.00      16.02          -0.02  (VIOLATED) 

   I_BLENDER_1/s1_op1_17_       8.00           8.02          -0.02  (VIOLATED) 
     PIN : I_BLENDER_1/s1_op1_reg_17_/Q     8.00     8.02    -0.02  (VIOLATED) 

   I_SDRAM_TOP/I_SDRAM_IF/HFSNET_661    32.00    32.02       -0.02  (VIOLATED) 
     PIN : I_SDRAM_TOP/I_SDRAM_IF/HFSBUF_3726_730/Y    32.00    32.02    -0.02 (VIOLATED)

   I_BLENDER_1/n9666            8.00           8.02          -0.02  (VIOLATED) 
     PIN : I_BLENDER_1/U5229/S     8.00        8.02          -0.02  (VIOLATED) 

   I_BLENDER_1/s2_op1[23]       8.00           8.02          -0.02  (VIOLATED) 
     PIN : I_BLENDER_1/s2_op1_reg_23_/QN     8.00     8.02    -0.02 (VIOLATED) 

   n392                         8.00           8.02          -0.02  (VIOLATED) 
     PIN : Rd_Instr_UPF_LS/Y     8.00          8.02          -0.02  (VIOLATED) 

   I_PCI_TOP/mult_x_30_n819     8.00           8.02          -0.02  (VIOLATED) 
     PIN : I_PCI_TOP/I_PCI_CORE_mega_shift_reg_8__24_/QN     8.00     8.02    -0.02 (VIOLATED)

   I_BLENDER_0/n7937            8.00           8.01          -0.01  (VIOLATED) 
     PIN : I_BLENDER_0/U8418/Y     8.00        8.01          -0.01  (VIOLATED) 

   I_RISC_CORE/I_DATA_PATH_N54    16.00       16.01          -0.01  (VIOLATED) 
     PIN : I_RISC_CORE/U403/Y    16.00        16.01          -0.01  (VIOLATED) 

   I_BLENDER_1/n9627            8.00           8.01          -0.01  (VIOLATED) 
     PIN : I_BLENDER_1/U5424/Y     8.00        8.01          -0.01  (VIOLATED) 

  ---------------------------------------------------------------------------
   Number of max_capacitance violation(s): 129



   Total number of violation(s): 133
1
