****************************************
Report : constraint
        -all_violators
Design : ORCA_TOP
Version: P-2019.03-SP1-VAL
Date   : Tue Jun 16 02:37:48 2020
****************************************

   late_timing
   -----------

Information: Timer using 'SI, Timing Window Analysis, CRPR'. (TIM-050)
Endpoint                         Path Delay     Path Required       CRP    Slack Group    Scenario
----------------------------------------------------------------------------------------------------------
I_BLENDER_1/R_464/D (SDFFX2_LVT)   5.63 f         5.52           0.07    -0.12   SYS_CLK  func_worst
I_BLENDER_1/R_488/D (SDFFX2_LVT)   5.62 f         5.51           0.07    -0.11   SYS_CLK  func_worst
I_BLENDER_1/R_586/D (SDFFX2_LVT)   5.61 f         5.51           0.07    -0.10   SYS_CLK  func_worst
I_BLENDER_1/R_632/D (SDFFX2_LVT)   5.58 f         5.52           0.07    -0.06   SYS_CLK  func_worst
I_BLENDER_1/R_626/D (SDFFX2_LVT)   5.58 f         5.52           0.07    -0.06   SYS_CLK  func_worst
I_BLENDER_1/R_476/D (SDFFX1_LVT)   5.62 f         5.58           0.07    -0.05   SYS_CLK  func_worst
I_BLENDER_1/R_482/D (SDFFX1_LVT)   5.61 f         5.58           0.07    -0.04   SYS_CLK  func_worst
I_BLENDER_0/R_323/D (SDFFX1_LVT)   5.74 f         5.70           0.11    -0.03   SYS_CLK  func_worst
I_BLENDER_1/R_592/D (SDFFX2_LVT)   5.54 f         5.51           0.07    -0.03   SYS_CLK  func_worst
I_BLENDER_1/s4_op2_reg_19_/D (SDFFX2_LVT)   5.55 f   5.51        0.07    -0.03   SYS_CLK  func_worst
I_BLENDER_0/s4_op2_reg_26_/D (SDFFX2_LVT)   5.58 f   5.55        0.08    -0.03   SYS_CLK  func_worst
I_BLENDER_1/R_598/D (SDFFX1_LVT)   5.62 f         5.59           0.07    -0.03   SYS_CLK  func_worst
I_BLENDER_0/R_559/D (SDFFX1_LVT)   5.66 f         5.63           0.08    -0.03   SYS_CLK  func_worst
I_BLENDER_1/s4_op1_reg_21_/D (SDFFX2_LVT)   5.53 f   5.51        0.07    -0.02   SYS_CLK  func_worst
I_BLENDER_0/R_436/D (SDFFX1_LVT)   5.72 f         5.71           0.11    -0.02   SYS_CLK  func_worst
I_BLENDER_0/R_384/D (SDFFX1_LVT)   5.71 f         5.70           0.11    -0.01   SYS_CLK  func_worst
I_PCI_TOP/I_PCI_WRITE_FIFO_PCI_FIFO_RAM_7/I1[3] (SRAM2RW32x4)   5.83 r   5.82   0.00  -0.01 SYS_CLK func_worst
I_BLENDER_0/s4_op2_reg_24_/D (SDFFX2_LVT)   5.58 f   5.57        0.08    -0.00   SYS_CLK  func_worst
I_BLENDER_0/R_391/D (SDFFX1_LVT)   5.65 f         5.65           0.07    -0.00   SYS_CLK  func_worst
I_BLENDER_1/R_458/D (SDFFX1_LVT)   5.59 f         5.58           0.07    -0.00   SYS_CLK  func_worst
I_BLENDER_0/R_329/D (SDFFX1_LVT)   5.77 r         5.77           0.09    -0.00   SYS_CLK  func_worst
I_BLENDER_1/s4_op2_reg_13_/D (SDFFX1_LVT)   5.66 f   5.65        0.07    -0.00   SYS_CLK  func_worst

   early_timing
   -----------

Warning: Scenario func_worst is not configured for hold analysis: skipping. (UIC-058)
Error: None of the specified scenarios are active for hold analysis. (UIC-057)
Information: Timer using 'SI, Timing Window Analysis, CRPR'. (TIM-050)
Endpoint                         Path Delay     Path Required       CRP    Slack Group    Scenario
----------------------------------------------------------------------------------------------------------
No paths.

   Mode: func Corner: Cmax
   Scenario: func_worst
   max_transition                                                              
                             Required        Actual                            
   Net                      Transition     Transition        Slack  Violation  
  ---------------------------------------------------------------------------
   I_BLENDER_1/s1_op2_17_       0.24           0.27          -0.03  (VIOLATED) 
     PIN : I_BLENDER_1/s1_op2_reg_17_/Q     0.24     0.27    -0.03  (VIOLATED) 

   I_BLENDER_1/s1_op2_3_        0.24           0.27          -0.03  (VIOLATED) 
     PIN : I_BLENDER_1/s1_op2_reg_3_/Q     0.24     0.27     -0.03  (VIOLATED) 

   n718                         0.23           0.26          -0.03  (VIOLATED) 
     PIN : U215/Y               0.23           0.26          -0.03  (VIOLATED) 

   I_CONTEXT_MEM/n48            0.16           0.18          -0.02  (VIOLATED) 
     PIN : I_CONTEXT_MEM/U48/Y     0.16        0.18          -0.02  (VIOLATED) 

   I_BLENDER_1/s1_op1_11_       0.42           0.44          -0.02  (VIOLATED) 
     PIN : I_BLENDER_1/s1_op1_reg_11_/Q     0.42     0.44    -0.02  (VIOLATED) 

   I_BLENDER_1/s1_op1_3_        0.17           0.18          -0.01  (VIOLATED) 
     PIN : I_BLENDER_1/s1_op1_reg_3_/Q     0.17     0.18     -0.01  (VIOLATED) 

   I_BLENDER_1/n2020            0.14           0.15          -0.01  (VIOLATED) 
     PIN : I_BLENDER_1/R_673/Q     0.14        0.15          -0.01  (VIOLATED) 

   sd_DQ_out[1]                 0.15           0.16          -0.01  (VIOLATED) 
     PIN : I_SDRAM_TOP/I_SDRAM_IF/U13038/Y     0.15     0.16    -0.01 (VIOLATED)
     PORT: sd_DQ_out[1]         0.15           0.16          -0.01  (VIOLATED) 

   I_CONTEXT_MEM/n163           0.15           0.16          -0.01  (VIOLATED) 
     PIN : I_CONTEXT_MEM/U181/Y     0.15       0.16          -0.01  (VIOLATED) 

   I_PCI_TOP/mult_x_31_n814     0.21           0.21          -0.00  (VIOLATED) 
     PIN : I_PCI_TOP/I_PCI_CORE_mega_shift_reg_9__29_/QN     0.21     0.21    -0.00 (VIOLATED)

   I_CONTEXT_MEM/n52            0.16           0.17          -0.00  (VIOLATED) 
     PIN : I_CONTEXT_MEM/U53/Y     0.16        0.17          -0.00  (VIOLATED) 

   I_PCI_TOP/n111               0.20           0.20          -0.00  (VIOLATED) 
     PIN : I_PCI_TOP/I_PCI_CORE_mega_shift_reg_10__6_/QN     0.20     0.20    -0.00 (VIOLATED)

   I_PCI_TOP/mult_x_31_n813     0.21           0.21          -0.00  (VIOLATED) 
     PIN : I_PCI_TOP/I_PCI_CORE_mega_shift_reg_9__30_/QN     0.21     0.21    -0.00 (VIOLATED)

   sd_DQ_out[19]                0.15           0.15          -0.00  (VIOLATED) 
     PIN : I_SDRAM_TOP/I_SDRAM_IF/U13020/Y     0.15     0.15    -0.00 (VIOLATED)
     PORT: sd_DQ_out[19]        0.15           0.15          -0.00  (VIOLATED) 

  ---------------------------------------------------------------------------
   Number of max_transition violation(s): 14

   Mode: func Corner: Cmax
   Scenario: func_worst
   max_capacitance                                                             
                             Required        Actual                            
   Net                      Capacitance    Capacitance       Slack  Violation  
  ---------------------------------------------------------------------------
   I_RISC_CORE/I_REG_FILE_data_out_A[7]    25.00    72.62   -47.62  (VIOLATED) 
     PIN : I_RISC_CORE/I_REG_FILE_REG_FILE_A_RAM/O2[7]    25.00    72.62   -47.62 (VIOLATED)

   I_RISC_CORE/I_REG_FILE_data_out_A[15]    25.00    69.69   -44.69 (VIOLATED) 
     PIN : I_RISC_CORE/I_REG_FILE_REG_FILE_A_RAM/O2[15]    25.00    69.69   -44.69 (VIOLATED)

   I_RISC_CORE/I_REG_FILE_data_out_A[5]    25.00    66.36   -41.36  (VIOLATED) 
     PIN : I_RISC_CORE/I_REG_FILE_REG_FILE_A_RAM/O2[5]    25.00    66.36   -41.36 (VIOLATED)

   I_RISC_CORE/I_REG_FILE_data_out_A[13]    25.00    66.30   -41.30 (VIOLATED) 
     PIN : I_RISC_CORE/I_REG_FILE_REG_FILE_A_RAM/O2[13]    25.00    66.30   -41.30 (VIOLATED)

   I_RISC_CORE/I_REG_FILE_data_out_A[1]    25.00    66.10   -41.10  (VIOLATED) 
     PIN : I_RISC_CORE/I_REG_FILE_REG_FILE_A_RAM/O2[1]    25.00    66.10   -41.10 (VIOLATED)

   I_RISC_CORE/I_REG_FILE_data_out_A[14]    25.00    65.99   -40.99 (VIOLATED) 
     PIN : I_RISC_CORE/I_REG_FILE_REG_FILE_A_RAM/O2[14]    25.00    65.99   -40.99 (VIOLATED)

   sd_DQ_en[0]                 82.00         122.94         -40.94  (VIOLATED) 
     PIN : ZBUF_inst_2589/Y    82.00         122.94         -40.94  (VIOLATED) 

   sd_DQ_en[14]                82.00         121.55         -39.55  (VIOLATED) 
     PIN : ZBUF_inst_2588/Y    82.00         121.55         -39.55  (VIOLATED) 

   I_RISC_CORE/I_REG_FILE_data_out_A[12]    25.00    63.50   -38.50 (VIOLATED) 
     PIN : I_RISC_CORE/I_REG_FILE_REG_FILE_A_RAM/O2[12]    25.00    63.50   -38.50 (VIOLATED)

   I_RISC_CORE/I_REG_FILE_data_out_A[0]    25.00    63.49   -38.49  (VIOLATED) 
     PIN : I_RISC_CORE/I_REG_FILE_REG_FILE_A_RAM/O2[0]    25.00    63.49   -38.49 (VIOLATED)

   I_RISC_CORE/I_REG_FILE_data_out_A[9]    25.00    61.92   -36.92  (VIOLATED) 
     PIN : I_RISC_CORE/I_REG_FILE_REG_FILE_A_RAM/O2[9]    25.00    61.92   -36.92 (VIOLATED)

   I_RISC_CORE/I_REG_FILE_data_out_A[2]    25.00    60.50   -35.50  (VIOLATED) 
     PIN : I_RISC_CORE/I_REG_FILE_REG_FILE_A_RAM/O2[2]    25.00    60.50   -35.50 (VIOLATED)

   I_RISC_CORE/I_REG_FILE_data_out_A[3]    25.00    60.42   -35.42  (VIOLATED) 
     PIN : I_RISC_CORE/I_REG_FILE_REG_FILE_A_RAM/O2[3]    25.00    60.42   -35.42 (VIOLATED)

   I_RISC_CORE/I_REG_FILE_data_out_A[6]    25.00    60.21   -35.21  (VIOLATED) 
     PIN : I_RISC_CORE/I_REG_FILE_REG_FILE_A_RAM/O2[6]    25.00    60.21   -35.21 (VIOLATED)

   I_RISC_CORE/I_REG_FILE_data_out_A[4]    25.00    60.18   -35.18  (VIOLATED) 
     PIN : I_RISC_CORE/I_REG_FILE_REG_FILE_A_RAM/O2[4]    25.00    60.18   -35.18 (VIOLATED)

   I_RISC_CORE/I_REG_FILE_data_out_A[10]    25.00    59.46   -34.46 (VIOLATED) 
     PIN : I_RISC_CORE/I_REG_FILE_REG_FILE_A_RAM/O2[10]    25.00    59.46   -34.46 (VIOLATED)

   I_RISC_CORE/I_REG_FILE_data_out_A[8]    25.00    58.47   -33.47  (VIOLATED) 
     PIN : I_RISC_CORE/I_REG_FILE_REG_FILE_A_RAM/O2[8]    25.00    58.47   -33.47 (VIOLATED)

   I_RISC_CORE/RegPort_B[13]    25.00         58.09         -33.09  (VIOLATED) 
     PIN : I_RISC_CORE/I_REG_FILE_REG_FILE_B_RAM/O2[13]    25.00    58.09   -33.09 (VIOLATED)

   I_RISC_CORE/RegPort_B[0]    25.00          57.69         -32.69  (VIOLATED) 
     PIN : I_RISC_CORE/I_REG_FILE_REG_FILE_D_RAM/O2[0]    25.00    57.69   -32.69 (VIOLATED)

   I_RISC_CORE/I_REG_FILE_data_out_A[11]    25.00    57.60   -32.60 (VIOLATED) 
     PIN : I_RISC_CORE/I_REG_FILE_REG_FILE_A_RAM/O2[11]    25.00    57.60   -32.60 (VIOLATED)

   I_RISC_CORE/RegPort_B[4]    25.00          56.18         -31.18  (VIOLATED) 
     PIN : I_RISC_CORE/I_REG_FILE_REG_FILE_D_RAM/O2[4]    25.00    56.18   -31.18 (VIOLATED)

   I_RISC_CORE/RegPort_B[2]    25.00          56.15         -31.15  (VIOLATED) 
     PIN : I_RISC_CORE/I_REG_FILE_REG_FILE_D_RAM/O2[2]    25.00    56.15   -31.15 (VIOLATED)

   I_RISC_CORE/RegPort_B[5]    25.00          54.86         -29.86  (VIOLATED) 
     PIN : I_RISC_CORE/I_REG_FILE_REG_FILE_D_RAM/O2[5]    25.00    54.86   -29.86 (VIOLATED)

   I_RISC_CORE/RegPort_B[1]    25.00          53.57         -28.57  (VIOLATED) 
     PIN : I_RISC_CORE/I_REG_FILE_REG_FILE_D_RAM/O2[1]    25.00    53.57   -28.57 (VIOLATED)

   I_RISC_CORE/RegPort_B[8]    25.00          52.89         -27.89  (VIOLATED) 
     PIN : I_RISC_CORE/I_REG_FILE_REG_FILE_B_RAM/O2[8]    25.00    52.89   -27.89 (VIOLATED)

   I_RISC_CORE/RegPort_B[6]    25.00          52.17         -27.17  (VIOLATED) 
     PIN : I_RISC_CORE/I_REG_FILE_REG_FILE_D_RAM/O2[6]    25.00    52.17   -27.17 (VIOLATED)

   I_RISC_CORE/RegPort_B[7]    25.00          51.72         -26.72  (VIOLATED) 
     PIN : I_RISC_CORE/I_REG_FILE_REG_FILE_D_RAM/O2[7]    25.00    51.72   -26.72 (VIOLATED)

   I_RISC_CORE/RegPort_B[3]    25.00          51.28         -26.28  (VIOLATED) 
     PIN : I_RISC_CORE/I_REG_FILE_REG_FILE_D_RAM/O2[3]    25.00    51.28   -26.28 (VIOLATED)

   I_RISC_CORE/I_REG_FILE_data_out_C[10]    25.00    49.57   -24.57 (VIOLATED) 
     PIN : I_RISC_CORE/I_REG_FILE_REG_FILE_C_RAM/O2[10]    25.00    49.57   -24.57 (VIOLATED)

   I_RISC_CORE/RegPort_B[9]    25.00          48.64         -23.64  (VIOLATED) 
     PIN : I_RISC_CORE/I_REG_FILE_REG_FILE_B_RAM/O2[9]    25.00    48.64   -23.64 (VIOLATED)

   I_RISC_CORE/RegPort_B[10]    25.00         48.63         -23.63  (VIOLATED) 
     PIN : I_RISC_CORE/I_REG_FILE_REG_FILE_B_RAM/O2[10]    25.00    48.63   -23.63 (VIOLATED)

   I_RISC_CORE/RegPort_B[15]    25.00         48.53         -23.53  (VIOLATED) 
     PIN : I_RISC_CORE/I_REG_FILE_REG_FILE_B_RAM/O2[15]    25.00    48.53   -23.53 (VIOLATED)

   I_RISC_CORE/RegPort_B[11]    25.00         48.00         -23.00  (VIOLATED) 
     PIN : I_RISC_CORE/I_REG_FILE_REG_FILE_B_RAM/O2[11]    25.00    48.00   -23.00 (VIOLATED)

   I_RISC_CORE/I_REG_FILE_data_out_C[9]    25.00    47.83   -22.83  (VIOLATED) 
     PIN : I_RISC_CORE/I_REG_FILE_REG_FILE_C_RAM/O2[9]    25.00    47.83   -22.83 (VIOLATED)

   I_RISC_CORE/RegPort_B[12]    25.00         46.98         -21.98  (VIOLATED) 
     PIN : I_RISC_CORE/I_REG_FILE_REG_FILE_B_RAM/O2[12]    25.00    46.98   -21.98 (VIOLATED)

   I_RISC_CORE/RegPort_B[14]    25.00         46.18         -21.18  (VIOLATED) 
     PIN : I_RISC_CORE/I_REG_FILE_REG_FILE_B_RAM/O2[14]    25.00    46.18   -21.18 (VIOLATED)

   I_RISC_CORE/I_REG_FILE_data_out_C[5]    25.00    45.45   -20.45  (VIOLATED) 
     PIN : I_RISC_CORE/I_REG_FILE_REG_FILE_C_RAM/O2[5]    25.00    45.45   -20.45 (VIOLATED)

   I_RISC_CORE/I_REG_FILE_data_out_C[1]    25.00    45.11   -20.11  (VIOLATED) 
     PIN : I_RISC_CORE/I_REG_FILE_REG_FILE_C_RAM/O2[1]    25.00    45.11   -20.11 (VIOLATED)

   I_RISC_CORE/I_REG_FILE_data_out_C[2]    25.00    44.97   -19.97  (VIOLATED) 
     PIN : I_RISC_CORE/I_REG_FILE_REG_FILE_C_RAM/O2[2]    25.00    44.97   -19.97 (VIOLATED)

   pack_n                      82.00         101.54         -19.54  (VIOLATED) 
     PIN : ZBUF_inst_11515/Y    82.00        101.54         -19.54  (VIOLATED) 

   pad_out[16]                 82.00         101.51         -19.51  (VIOLATED) 
     PIN : ZBUF_inst_10985/Y    82.00        101.51         -19.51  (VIOLATED) 

   ppar_en                     82.00         101.36         -19.36  (VIOLATED) 
     PIN : ZBUF_inst_2594/Y    82.00         101.36         -19.36  (VIOLATED) 

   preq_n                      82.00         101.30         -19.30  (VIOLATED) 
     PIN : ZBUF_inst_2592/Y    82.00         101.30         -19.30  (VIOLATED) 

   pserr_n_out                 82.00         100.89         -18.89  (VIOLATED) 
     PIN : ZBUF_inst_2595/Y    82.00         100.89         -18.89  (VIOLATED) 

   I_RISC_CORE/I_REG_FILE_data_out_C[15]    25.00    43.01   -18.01 (VIOLATED) 
     PIN : I_RISC_CORE/I_REG_FILE_REG_FILE_C_RAM/O2[15]    25.00    43.01   -18.01 (VIOLATED)

   I_RISC_CORE/I_REG_FILE_data_out_C[11]    25.00    42.24   -17.24 (VIOLATED) 
     PIN : I_RISC_CORE/I_REG_FILE_REG_FILE_C_RAM/O2[11]    25.00    42.24   -17.24 (VIOLATED)

   I_RISC_CORE/I_REG_FILE_data_out_C[14]    25.00    41.29   -16.29 (VIOLATED) 
     PIN : I_RISC_CORE/I_REG_FILE_REG_FILE_C_RAM/O2[14]    25.00    41.29   -16.29 (VIOLATED)

   n718                        16.00          31.11         -15.11  (VIOLATED) 
     PIN : U215/Y              16.00          31.11         -15.11  (VIOLATED) 

   I_RISC_CORE/I_REG_FILE_data_out_C[4]    25.00    39.98   -14.98  (VIOLATED) 
     PIN : I_RISC_CORE/I_REG_FILE_REG_FILE_C_RAM/O2[4]    25.00    39.98   -14.98 (VIOLATED)

   I_RISC_CORE/I_REG_FILE_data_out_C[12]    25.00    39.80   -14.80 (VIOLATED) 
     PIN : I_RISC_CORE/I_REG_FILE_REG_FILE_C_RAM/O2[12]    25.00    39.80   -14.80 (VIOLATED)

   I_RISC_CORE/I_REG_FILE_data_out_C[7]    25.00    39.62   -14.62  (VIOLATED) 
     PIN : I_RISC_CORE/I_REG_FILE_REG_FILE_C_RAM/O2[7]    25.00    39.62   -14.62 (VIOLATED)

   I_RISC_CORE/I_REG_FILE_data_out_C[13]    25.00    39.57   -14.57 (VIOLATED) 
     PIN : I_RISC_CORE/I_REG_FILE_REG_FILE_C_RAM/O2[13]    25.00    39.57   -14.57 (VIOLATED)

   I_RISC_CORE/I_REG_FILE_data_out_C[3]    25.00    39.23   -14.23  (VIOLATED) 
     PIN : I_RISC_CORE/I_REG_FILE_REG_FILE_C_RAM/O2[3]    25.00    39.23   -14.23 (VIOLATED)

   net_sd_sys_read_data[3]     32.00          45.88         -13.88  (VIOLATED) 
     PIN : I_SDRAM_TOP/sram_fixcell_92/Y    32.00    45.88   -13.88 (VIOLATED) 

   I_RISC_CORE/I_REG_FILE_data_out_C[6]    25.00    38.32   -13.32  (VIOLATED) 
     PIN : I_RISC_CORE/I_REG_FILE_REG_FILE_C_RAM/O2[6]    25.00    38.32   -13.32 (VIOLATED)

   I_RISC_CORE/I_REG_FILE_data_out_C[8]    25.00    37.73   -12.73  (VIOLATED) 
     PIN : I_RISC_CORE/I_REG_FILE_REG_FILE_C_RAM/O2[8]    25.00    37.73   -12.73 (VIOLATED)

   I_RISC_CORE/I_REG_FILE_data_out_C[0]    25.00    37.29   -12.29  (VIOLATED) 
     PIN : I_RISC_CORE/I_REG_FILE_REG_FILE_C_RAM/O2[0]    25.00    37.29   -12.29 (VIOLATED)

   n2151                       16.00          26.52         -10.52  (VIOLATED) 
     PIN : I_CONTEXT_MEM/U142/Y    16.00      26.52         -10.52  (VIOLATED) 

   I_SDRAM_TOP/sram_fixnet_82    25.00        35.51         -10.51  (VIOLATED) 
     PIN : I_SDRAM_TOP/I_SDRAM_READ_FIFO_SD_FIFO_RAM_0/O2[13]    25.00    35.51   -10.51 (VIOLATED)

   I_BLENDER_0/N113            16.00          24.97          -8.97  (VIOLATED) 
     PIN : I_BLENDER_0/U6518/Y    16.00       24.97          -8.97  (VIOLATED) 

   net_sd_sys_read_data[54]    16.00          24.82          -8.82  (VIOLATED) 
     PIN : I_SDRAM_TOP/sram_fixcell_105/Y    16.00    24.82    -8.82 (VIOLATED)

   net_sd_sys_read_data[63]    16.00          24.16          -8.16  (VIOLATED) 
     PIN : I_SDRAM_TOP/sram_fixcell_96/Y    16.00    24.16    -8.16 (VIOLATED) 

   I_CONTEXT_MEM/n48           32.00          39.97          -7.97  (VIOLATED) 
     PIN : I_CONTEXT_MEM/U48/Y    32.00       39.97          -7.97  (VIOLATED) 

   I_RISC_CORE/ropt_net_223    16.00          23.94          -7.94  (VIOLATED) 
     PIN : I_RISC_CORE/ropt_mt_inst_11662/Y    16.00    23.94    -7.94 (VIOLATED)

   I_SDRAM_TOP/sram_fixnet_84    25.00        32.76          -7.76  (VIOLATED) 
     PIN : I_SDRAM_TOP/I_SDRAM_READ_FIFO_SD_FIFO_RAM_0/O2[11]    25.00    32.76    -7.76 (VIOLATED)

   I_SDRAM_TOP/sram_fixnet_71    25.00        32.56          -7.56  (VIOLATED) 
     PIN : I_SDRAM_TOP/I_SDRAM_READ_FIFO_SD_FIFO_RAM_0/O2[24]    25.00    32.56    -7.56 (VIOLATED)

   I_SDRAM_TOP/sram_fixnet_124    25.00       32.46          -7.46  (VIOLATED) 
     PIN : I_SDRAM_TOP/I_SDRAM_READ_FIFO_SD_FIFO_RAM_1/O2[3]    25.00    32.46    -7.46 (VIOLATED)

   I_SDRAM_TOP/sram_fixnet_127    25.00       31.43          -6.43  (VIOLATED) 
     PIN : I_SDRAM_TOP/I_SDRAM_READ_FIFO_SD_FIFO_RAM_1/O2[0]    25.00    31.43    -6.43 (VIOLATED)

   I_CONTEXT_MEM/n163          32.00          38.42          -6.42  (VIOLATED) 
     PIN : I_CONTEXT_MEM/U181/Y    32.00      38.42          -6.42  (VIOLATED) 

   I_SDRAM_TOP/sram_fixnet_119    25.00       30.98          -5.98  (VIOLATED) 
     PIN : I_SDRAM_TOP/I_SDRAM_READ_FIFO_SD_FIFO_RAM_1/O2[8]    25.00    30.98    -5.98 (VIOLATED)

   I_SDRAM_TOP/sram_fixnet_111    25.00       30.01          -5.01  (VIOLATED) 
     PIN : I_SDRAM_TOP/I_SDRAM_READ_FIFO_SD_FIFO_RAM_1/O2[16]    25.00    30.01    -5.01 (VIOLATED)

   I_SDRAM_TOP/sram_fixnet_78    25.00        29.45          -4.45  (VIOLATED) 
     PIN : I_SDRAM_TOP/I_SDRAM_READ_FIFO_SD_FIFO_RAM_0/O2[17]    25.00    29.45    -4.45 (VIOLATED)

   I_RISC_CORE/ropt_net_252    82.00          86.39          -4.39  (VIOLATED) 
     PIN : I_RISC_CORE/ropt_mt_inst_11691/Y    82.00    86.39    -4.39 (VIOLATED)

   I_SDRAM_TOP/sram_fixnet_69    25.00        29.24          -4.24  (VIOLATED) 
     PIN : I_SDRAM_TOP/I_SDRAM_READ_FIFO_SD_FIFO_RAM_0/O2[26]    25.00    29.24    -4.24 (VIOLATED)

   I_CONTEXT_MEM/n52           32.00          35.18          -3.18  (VIOLATED) 
     PIN : I_CONTEXT_MEM/U53/Y    32.00       35.18          -3.18  (VIOLATED) 

   I_BLENDER_1/s1_op2_17_      16.00          19.03          -3.03  (VIOLATED) 
     PIN : I_BLENDER_1/s1_op2_reg_17_/Q    16.00    19.03    -3.03  (VIOLATED) 

   I_SDRAM_TOP/sram_fixnet_75    25.00        27.59          -2.59  (VIOLATED) 
     PIN : I_SDRAM_TOP/I_SDRAM_READ_FIFO_SD_FIFO_RAM_0/O2[20]    25.00    27.59    -2.59 (VIOLATED)

   I_BLENDER_0/n6175            8.00          10.56          -2.56  (VIOLATED) 
     PIN : I_BLENDER_0/U6269/S     8.00       10.56          -2.56  (VIOLATED) 

   I_BLENDER_1/n4083           32.00          34.42          -2.42  (VIOLATED) 
     PIN : I_BLENDER_1/U3984/Y    32.00       34.42          -2.42  (VIOLATED) 

   I_BLENDER_1/n9597           16.00          17.96          -1.96  (VIOLATED) 
     PIN : I_BLENDER_1/U5233/S    16.00       17.96          -1.96  (VIOLATED) 

   net_sd_sys_read_data[61]    16.00          17.85          -1.85  (VIOLATED) 
     PIN : I_SDRAM_TOP/sram_fixcell_98/Y    16.00    17.85    -1.85 (VIOLATED) 

   I_SDRAM_TOP/sram_fixnet_80    25.00        26.76          -1.76  (VIOLATED) 
     PIN : I_SDRAM_TOP/I_SDRAM_READ_FIFO_SD_FIFO_RAM_0/O2[15]    25.00    26.76    -1.76 (VIOLATED)

   I_BLENDER_1/s1_op1_3_       16.00          17.75          -1.75  (VIOLATED) 
     PIN : I_BLENDER_1/s1_op1_reg_3_/Q    16.00    17.75     -1.75  (VIOLATED) 

   I_RISC_CORE/ropt_net_263    82.00          83.72          -1.72  (VIOLATED) 
     PIN : I_RISC_CORE/ropt_mt_inst_11702/Y    82.00    83.72    -1.72 (VIOLATED)

   I_SDRAM_TOP/sram_fixnet_100    25.00       26.62          -1.62  (VIOLATED) 
     PIN : I_SDRAM_TOP/I_SDRAM_READ_FIFO_SD_FIFO_RAM_1/O2[27]    25.00    26.62    -1.62 (VIOLATED)

   I_SDRAM_TOP/sram_fixnet_87    25.00        26.55          -1.55  (VIOLATED) 
     PIN : I_SDRAM_TOP/I_SDRAM_READ_FIFO_SD_FIFO_RAM_0/O2[8]    25.00    26.55    -1.55 (VIOLATED)

   I_BLENDER_1/s3_op2_6         8.00           9.44          -1.44  (VIOLATED) 
     PIN : I_BLENDER_1/s3_op2_reg_6_/Q     8.00     9.44     -1.44  (VIOLATED) 

   I_BLENDER_1/s1_op2_3_        8.00           9.39          -1.39  (VIOLATED) 
     PIN : I_BLENDER_1/s1_op2_reg_3_/Q     8.00     9.39     -1.39  (VIOLATED) 

   I_RISC_CORE/sram_fixnet_163    16.00       17.27          -1.27  (VIOLATED) 
     PIN : I_RISC_CORE/sram_fixcell_163/Y    16.00    17.27    -1.27 (VIOLATED)

   I_RISC_CORE/ropt_net_229    16.00          17.21          -1.21  (VIOLATED) 
     PIN : I_RISC_CORE/ropt_mt_inst_11668/Y    16.00    17.21    -1.21 (VIOLATED)

   n1210                        8.00           9.17          -1.17  (VIOLATED) 
     PIN : I_PARSER/out_bus_reg_0_/Q     8.00     9.17       -1.17  (VIOLATED) 

   I_BLENDER_1/n2020            8.00           8.95          -0.95  (VIOLATED) 
     PIN : I_BLENDER_1/R_673/Q     8.00        8.95          -0.95  (VIOLATED) 

   I_BLENDER_1/s1_op1_11_      16.00          16.95          -0.95  (VIOLATED) 
     PIN : I_BLENDER_1/s1_op1_reg_11_/Q    16.00    16.95    -0.95  (VIOLATED) 

   net_pci_context_data_2      16.00          16.89          -0.89  (VIOLATED) 
     PIN : I_CONTEXT_MEM/U134/Y    16.00      16.89          -0.89  (VIOLATED) 

   I_BLENDER_1/n4472            8.00           8.88          -0.88  (VIOLATED) 
     PIN : I_BLENDER_1/s3_op2_reg_2_/Q     8.00     8.88     -0.88  (VIOLATED) 

   I_BLENDER_0/s1_op1[17]      16.00          16.87          -0.87  (VIOLATED) 
     PIN : I_BLENDER_0/s1_op1_reg_17_/Q    16.00    16.87    -0.87  (VIOLATED) 

   I_RISC_CORE/ropt_net_211    16.00          16.86          -0.86  (VIOLATED) 
     PIN : I_RISC_CORE/ropt_mt_inst_11650/Y    16.00    16.86    -0.86 (VIOLATED)

   I_RISC_CORE/I_DATA_PATH_N54    16.00       16.85          -0.85  (VIOLATED) 
     PIN : I_RISC_CORE/U403/Y    16.00        16.85          -0.85  (VIOLATED) 

   I_SDRAM_TOP/I_SDRAM_IF/mega_shift_0_40__14_     8.00     8.74    -0.74 (VIOLATED)
     PIN : I_SDRAM_TOP/I_SDRAM_IF/mega_shift_0_reg_40__14_/Q     8.00     8.74    -0.74 (VIOLATED)

   I_RISC_CORE/ropt_net_260    16.00          16.72          -0.72  (VIOLATED) 
     PIN : I_RISC_CORE/ropt_mt_inst_11699/Y    16.00    16.72    -0.72 (VIOLATED)

   I_BLENDER_0/n1138           16.00          16.69          -0.69  (VIOLATED) 
     PIN : I_BLENDER_0/SGI146_11301/Y    16.00    16.69      -0.69  (VIOLATED) 

   n619                        16.00          16.64          -0.64  (VIOLATED) 
     PIN : U394/Y              16.00          16.64          -0.64  (VIOLATED) 

   I_CONTEXT_MEM/n44           32.00          32.60          -0.60  (VIOLATED) 
     PIN : I_CONTEXT_MEM/U43/Y    32.00       32.60          -0.60  (VIOLATED) 

   sd_DQ_out[1]                16.00          16.58          -0.58  (VIOLATED) 
     PIN : I_SDRAM_TOP/I_SDRAM_IF/U13038/Y    16.00    16.58    -0.58 (VIOLATED)

   I_RISC_CORE/ropt_net_209    16.00          16.42          -0.42  (VIOLATED) 
     PIN : I_RISC_CORE/ropt_mt_inst_11648/Y    16.00    16.42    -0.42 (VIOLATED)

   I_RISC_CORE/ropt_net_254    82.00          82.41          -0.41  (VIOLATED) 
     PIN : I_RISC_CORE/ropt_mt_inst_11693/Y    82.00    82.41    -0.41 (VIOLATED)

   I_RISC_CORE/n791             8.00           8.28          -0.28  (VIOLATED) 
     PIN : I_RISC_CORE/U375/Y     8.00         8.28          -0.28  (VIOLATED) 

   I_RISC_CORE/ropt_net_220    16.00          16.24          -0.24  (VIOLATED) 
     PIN : I_RISC_CORE/ropt_mt_inst_11659/Y    16.00    16.24    -0.24 (VIOLATED)

   I_PCI_TOP/mult_x_31_n814    16.00          16.23          -0.23  (VIOLATED) 
     PIN : I_PCI_TOP/I_PCI_CORE_mega_shift_reg_9__29_/QN    16.00    16.23    -0.23 (VIOLATED)

   I_RISC_CORE/ropt_net_192    16.00          16.20          -0.20  (VIOLATED) 
     PIN : I_RISC_CORE/ropt_mt_inst_11631/Y    16.00    16.20    -0.20 (VIOLATED)

   I_RISC_CORE/ropt_net_233    16.00          16.19          -0.19  (VIOLATED) 
     PIN : I_RISC_CORE/ropt_mt_inst_11672/Y    16.00    16.19    -0.19 (VIOLATED)

   I_RISC_CORE/ropt_net_191    16.00          16.18          -0.18  (VIOLATED) 
     PIN : I_RISC_CORE/ropt_mt_inst_11630/Y    16.00    16.18    -0.18 (VIOLATED)

   n2157                       16.00          16.17          -0.17  (VIOLATED) 
     PIN : I_CONTEXT_MEM/U126/Y    16.00      16.17          -0.17  (VIOLATED) 

   I_PCI_TOP/n111               8.00           8.16          -0.16  (VIOLATED) 
     PIN : I_PCI_TOP/I_PCI_CORE_mega_shift_reg_10__6_/QN     8.00     8.16    -0.16 (VIOLATED)

   I_CONTEXT_MEM/n66           16.00          16.14          -0.14  (VIOLATED) 
     PIN : I_CONTEXT_MEM/U67/Y    16.00       16.14          -0.14  (VIOLATED) 

   I_RISC_CORE/ropt_net_257    16.00          16.14          -0.14  (VIOLATED) 
     PIN : I_RISC_CORE/ropt_mt_inst_11696/Y    16.00    16.14    -0.14 (VIOLATED)

   I_RISC_CORE/ropt_net_270    16.00          16.13          -0.13  (VIOLATED) 
     PIN : I_RISC_CORE/ropt_mt_inst_11709/Y    16.00    16.13    -0.13 (VIOLATED)

   I_BLENDER_1/n6111            8.00           8.11          -0.11  (VIOLATED) 
     PIN : I_BLENDER_1/U6178/Y     8.00        8.11          -0.11  (VIOLATED) 

   I_BLENDER_1/N149             8.00           8.11          -0.11  (VIOLATED) 
     PIN : I_BLENDER_1/U6660/Y     8.00        8.11          -0.11  (VIOLATED) 

   I_BLENDER_0/n9258           16.00          16.08          -0.08  (VIOLATED) 
     PIN : I_BLENDER_0/U694/Y    16.00        16.08          -0.08  (VIOLATED) 

   I_SDRAM_TOP/I_SDRAM_IF/HFSNET_1160    32.00    32.07      -0.07  (VIOLATED) 
     PIN : I_SDRAM_TOP/I_SDRAM_IF/HFSINV_4833_1234/Y    32.00    32.07    -0.07 (VIOLATED)

   I_RISC_CORE/ropt_net_251    32.00          32.07          -0.07  (VIOLATED) 
     PIN : I_RISC_CORE/ropt_mt_inst_11690/Y    32.00    32.07    -0.07 (VIOLATED)

   I_BLENDER_1/n4120           16.00          16.06          -0.06  (VIOLATED) 
     PIN : I_BLENDER_1/U3132/Y    16.00       16.06          -0.06  (VIOLATED) 

   I_PCI_TOP/mult_x_31_n813    16.00          16.06          -0.06  (VIOLATED) 
     PIN : I_PCI_TOP/I_PCI_CORE_mega_shift_reg_9__30_/QN    16.00    16.06    -0.06 (VIOLATED)

   I_RISC_CORE/ropt_net_247    64.00          64.05          -0.05  (VIOLATED) 
     PIN : I_RISC_CORE/ropt_mt_inst_11686/Y    64.00    64.05    -0.05 (VIOLATED)

   I_RISC_CORE/sram_fixnet_140    16.00       16.05          -0.05  (VIOLATED) 
     PIN : I_RISC_CORE/sram_fixcell_140/Y    16.00    16.05    -0.05 (VIOLATED)

   I_PCI_TOP/I_PCI_CORE_N329     8.00          8.04          -0.04  (VIOLATED) 
     PIN : I_PCI_TOP/U6891/S     8.00          8.04          -0.04  (VIOLATED) 

   I_BLENDER_1/s4_op1_23_       8.00           8.04          -0.04  (VIOLATED) 
     PIN : I_BLENDER_1/s4_op1_reg_23_/Q     8.00     8.04    -0.04  (VIOLATED) 

   I_RISC_CORE/RegPort_C[2]     8.00           8.04          -0.04  (VIOLATED) 
     PIN : I_RISC_CORE/U223/Y     8.00         8.04          -0.04  (VIOLATED) 

   I_SDRAM_TOP/I_SDRAM_IF/HFSNET_932     8.00     8.03       -0.03  (VIOLATED) 
     PIN : I_SDRAM_TOP/I_SDRAM_IF/HFSINV_57034_1006/Y     8.00     8.03    -0.03 (VIOLATED)

   I_BLENDER_0/n1771            8.00           8.03          -0.03  (VIOLATED) 
     PIN : I_BLENDER_0/R_553/Q     8.00        8.03          -0.03  (VIOLATED) 

   HFSNET_171                  16.00          16.02          -0.02  (VIOLATED) 
     PIN : HFSBUF_61_212/Y     16.00          16.02          -0.02  (VIOLATED) 

   I_PCI_TOP/net_pci_read_data_25    16.00    16.02          -0.02  (VIOLATED) 
     PIN : I_PCI_TOP/U7406/Y    16.00         16.02          -0.02  (VIOLATED) 

   I_RISC_CORE/ZINV_236        16.00          16.02          -0.02  (VIOLATED) 
     PIN : I_RISC_CORE/ZINV_inst_2297/Y    16.00    16.02    -0.02  (VIOLATED) 

   I_CONTEXT_MEM/n80           32.00          32.01          -0.01  (VIOLATED) 
     PIN : I_CONTEXT_MEM/U84/Y    32.00       32.01          -0.01  (VIOLATED) 

  ---------------------------------------------------------------------------
   Number of max_capacitance violation(s): 135



   Total number of violation(s): 149
1
